================ Case Ri0 : simulation ================
i:      0, t:        0.0 s (0.00 periods), wall: 17.281 seconds, Δt:   1.10, CFL: 1.69e-01
i:    100, t:      175.3 s (0.00 periods), wall: 16.752 minutes, Δt:   2.85, CFL: 9.62e-02
i:    200, t:      624.9 s (0.01 periods), wall: 17.114 minutes, Δt:   7.40, CFL: 1.72e-01
i:    300, t:     1768.6 s (0.04 periods), wall: 17.496 minutes, Δt:  18.46, CFL: 7.20e-01
i:    400, t:     3213.9 s (0.07 periods), wall: 17.911 minutes, Δt:  12.37, CFL: 7.20e-01
i:    500, t:     4311.5 s (0.10 periods), wall: 18.340 minutes, Δt:   9.93, CFL: 7.20e-01
i:    600, t:     5221.0 s (0.12 periods), wall: 18.789 minutes, Δt:   8.64, CFL: 7.20e-01
i:    700, t:     6026.4 s (0.14 periods), wall: 19.242 minutes, Δt:   7.76, CFL: 7.20e-01
i:    800, t:     6768.4 s (0.15 periods), wall: 19.702 minutes, Δt:   7.18, CFL: 7.20e-01
i:    900, t:     7454.3 s (0.17 periods), wall: 20.281 minutes, Δt:   6.80, CFL: 7.20e-01
i:   1000, t:     8113.2 s (0.18 periods), wall: 20.756 minutes, Δt:   6.48, CFL: 7.20e-01
i:   1100, t:     8742.4 s (0.20 periods), wall: 21.224 minutes, Δt:   6.26, CFL: 7.20e-01
i:   1200, t:     9353.7 s (0.21 periods), wall: 21.695 minutes, Δt:   6.10, CFL: 7.20e-01
i:   1300, t:     9953.1 s (0.22 periods), wall: 22.170 minutes, Δt:   6.00, CFL: 7.20e-01
i:   1400, t:    10538.0 s (0.24 periods), wall: 22.645 minutes, Δt:   5.94, CFL: 7.20e-01
i:   1500, t:    11126.6 s (0.25 periods), wall: 23.137 minutes, Δt:   5.92, CFL: 7.20e-01
i:   1600, t:    11713.6 s (0.26 periods), wall: 24.040 minutes, Δt:   5.95, CFL: 7.20e-01
i:   1700, t:    12300.0 s (0.28 periods), wall: 25.158 minutes, Δt:   6.01, CFL: 7.20e-01
i:   1800, t:    12899.4 s (0.29 periods), wall: 25.774 minutes, Δt:   6.12, CFL: 7.20e-01
i:   1900, t:    13504.4 s (0.30 periods), wall: 26.398 minutes, Δt:   6.27, CFL: 7.20e-01
i:   2000, t:    14132.7 s (0.32 periods), wall: 27.009 minutes, Δt:   6.50, CFL: 7.20e-01
i:   2100, t:    14785.2 s (0.33 periods), wall: 27.629 minutes, Δt:   6.77, CFL: 7.20e-01
i:   2200, t:    15472.3 s (0.35 periods), wall: 28.232 minutes, Δt:   7.18, CFL: 7.20e-01
i:   2300, t:    16200.7 s (0.36 periods), wall: 28.828 minutes, Δt:   7.75, CFL: 7.20e-01
i:   2400, t:    16996.9 s (0.38 periods), wall: 29.422 minutes, Δt:   8.52, CFL: 7.20e-01
i:   2500, t:    17844.6 s (0.40 periods), wall: 30.017 minutes, Δt:   8.39, CFL: 7.20e-01
i:   2600, t:    18665.3 s (0.42 periods), wall: 30.630 minutes, Δt:   7.61, CFL: 7.20e-01
i:   2700, t:    19378.8 s (0.43 periods), wall: 31.255 minutes, Δt:   6.71, CFL: 7.20e-01
i:   2800, t:    20018.0 s (0.45 periods), wall: 31.893 minutes, Δt:   6.51, CFL: 7.20e-01
i:   2900, t:    20673.6 s (0.46 periods), wall: 32.548 minutes, Δt:   7.44, CFL: 7.20e-01
i:   3000, t:    21404.4 s (0.48 periods), wall: 33.192 minutes, Δt:   8.08, CFL: 7.20e-01
i:   3100, t:    22206.0 s (0.50 periods), wall: 33.833 minutes, Δt:   8.39, CFL: 7.20e-01
i:   3200, t:    23030.0 s (0.52 periods), wall: 34.466 minutes, Δt:   8.12, CFL: 7.20e-01
i:   3300, t:    23834.4 s (0.53 periods), wall: 35.106 minutes, Δt:   7.75, CFL: 7.20e-01
i:   3400, t:    24559.3 s (0.55 periods), wall: 35.749 minutes, Δt:   7.30, CFL: 7.20e-01
i:   3500, t:    25279.8 s (0.57 periods), wall: 36.392 minutes, Δt:   7.29, CFL: 7.20e-01
i:   3600, t:    25972.4 s (0.58 periods), wall: 37.061 minutes, Δt:   6.69, CFL: 7.20e-01
i:   3700, t:    26604.9 s (0.60 periods), wall: 37.738 minutes, Δt:   6.26, CFL: 7.20e-01
i:   3800, t:    27208.9 s (0.61 periods), wall: 38.420 minutes, Δt:   5.85, CFL: 7.20e-01
i:   3900, t:    27771.6 s (0.62 periods), wall: 39.108 minutes, Δt:   5.53, CFL: 7.20e-01
i:   4000, t:    28311.2 s (0.63 periods), wall: 39.770 minutes, Δt:   5.34, CFL: 7.20e-01
i:   4100, t:    28835.1 s (0.65 periods), wall: 40.421 minutes, Δt:   5.28, CFL: 7.20e-01
i:   4200, t:    29353.5 s (0.66 periods), wall: 41.072 minutes, Δt:   5.19, CFL: 7.20e-01
i:   4300, t:    29864.7 s (0.67 periods), wall: 41.742 minutes, Δt:   5.09, CFL: 7.20e-01
i:   4400, t:    30370.4 s (0.68 periods), wall: 42.389 minutes, Δt:   5.05, CFL: 7.20e-01
i:   4500, t:    30860.1 s (0.69 periods), wall: 43.026 minutes, Δt:   4.87, CFL: 7.20e-01
i:   4600, t:    31336.5 s (0.70 periods), wall: 43.688 minutes, Δt:   4.47, CFL: 7.20e-01
i:   4700, t:    31768.5 s (0.71 periods), wall: 44.362 minutes, Δt:   4.36, CFL: 7.20e-01
i:   4800, t:    32201.4 s (0.72 periods), wall: 45.020 minutes, Δt:   4.33, CFL: 7.20e-01
i:   4900, t:    32615.2 s (0.73 periods), wall: 45.690 minutes, Δt:   4.03, CFL: 7.20e-01
i:   5000, t:    33004.2 s (0.74 periods), wall: 46.350 minutes, Δt:   3.90, CFL: 7.20e-01
i:   5100, t:    33393.6 s (0.75 periods), wall: 47.012 minutes, Δt:   3.82, CFL: 7.20e-01
i:   5200, t:    33769.3 s (0.76 periods), wall: 47.706 minutes, Δt:   3.55, CFL: 7.20e-01
i:   5300, t:    34122.6 s (0.76 periods), wall: 48.417 minutes, Δt:   3.67, CFL: 7.20e-01
i:   5400, t:    34490.6 s (0.77 periods), wall: 49.121 minutes, Δt:   3.69, CFL: 7.20e-01
i:   5500, t:    34863.2 s (0.78 periods), wall: 49.801 minutes, Δt:   3.62, CFL: 7.20e-01
i:   5600, t:    35230.5 s (0.79 periods), wall: 50.479 minutes, Δt:   3.86, CFL: 7.20e-01
i:   5700, t:    35617.0 s (0.80 periods), wall: 51.135 minutes, Δt:   3.83, CFL: 7.20e-01
i:   5800, t:    36009.4 s (0.81 periods), wall: 51.781 minutes, Δt:   3.92, CFL: 7.20e-01
i:   5900, t:    36398.0 s (0.82 periods), wall: 52.419 minutes, Δt:   4.04, CFL: 7.20e-01
i:   6000, t:    36798.2 s (0.82 periods), wall: 53.057 minutes, Δt:   4.11, CFL: 7.20e-01
i:   6100, t:    37194.9 s (0.83 periods), wall: 53.701 minutes, Δt:   3.85, CFL: 7.20e-01
i:   6200, t:    37599.7 s (0.84 periods), wall: 54.340 minutes, Δt:   4.08, CFL: 7.20e-01
i:   6300, t:    38011.1 s (0.85 periods), wall: 54.961 minutes, Δt:   4.20, CFL: 7.20e-01
i:   6400, t:    38438.0 s (0.86 periods), wall: 55.576 minutes, Δt:   4.36, CFL: 7.20e-01
i:   6500, t:    38840.9 s (0.87 periods), wall: 56.204 minutes, Δt:   4.22, CFL: 7.20e-01
i:   6600, t:    39276.2 s (0.88 periods), wall: 56.824 minutes, Δt:   4.58, CFL: 7.20e-01
i:   6700, t:    39720.9 s (0.89 periods), wall: 57.453 minutes, Δt:   4.59, CFL: 7.20e-01
i:   6800, t:    40195.4 s (0.90 periods), wall: 58.073 minutes, Δt:   4.92, CFL: 7.20e-01
i:   6900, t:    40691.4 s (0.91 periods), wall: 58.704 minutes, Δt:   4.95, CFL: 7.20e-01
i:   7000, t:    41194.8 s (0.92 periods), wall: 59.356 minutes, Δt:   5.50, CFL: 7.20e-01
i:   7100, t:    41783.6 s (0.94 periods), wall: 1.000 hours, Δt:   6.26, CFL: 7.20e-01
i:   7200, t:    42445.3 s (0.95 periods), wall: 1.012 hours, Δt:   7.43, CFL: 7.20e-01
i:   7300, t:    43221.6 s (0.97 periods), wall: 1.023 hours, Δt:   8.53, CFL: 7.20e-01
i:   7400, t:    44114.0 s (0.99 periods), wall: 1.034 hours, Δt:   9.92, CFL: 7.20e-01
i:   7500, t:    45014.4 s (1.01 periods), wall: 1.045 hours, Δt:   9.19, CFL: 7.20e-01
i:   7600, t:    45864.8 s (1.03 periods), wall: 1.056 hours, Δt:   7.71, CFL: 7.20e-01
i:   7700, t:    46614.4 s (1.04 periods), wall: 1.067 hours, Δt:   7.35, CFL: 7.20e-01
i:   7800, t:    47325.7 s (1.06 periods), wall: 1.079 hours, Δt:   7.29, CFL: 7.20e-01
i:   7900, t:    48021.9 s (1.08 periods), wall: 1.090 hours, Δt:   6.70, CFL: 7.20e-01
i:   8000, t:    48657.0 s (1.09 periods), wall: 1.101 hours, Δt:   6.12, CFL: 7.20e-01
i:   8100, t:    49251.5 s (1.10 periods), wall: 1.112 hours, Δt:   5.77, CFL: 7.20e-01
i:   8200, t:    49807.9 s (1.12 periods), wall: 1.124 hours, Δt:   5.67, CFL: 7.20e-01
i:   8300, t:    50356.6 s (1.13 periods), wall: 1.139 hours, Δt:   5.42, CFL: 7.20e-01
i:   8400, t:    50882.1 s (1.14 periods), wall: 1.151 hours, Δt:   5.21, CFL: 7.20e-01
i:   8500, t:    51386.6 s (1.15 periods), wall: 1.162 hours, Δt:   5.04, CFL: 7.20e-01
i:   8600, t:    51875.3 s (1.16 periods), wall: 1.174 hours, Δt:   4.87, CFL: 7.20e-01
i:   8700, t:    52352.7 s (1.17 periods), wall: 1.185 hours, Δt:   4.74, CFL: 7.20e-01
i:   8800, t:    52821.2 s (1.18 periods), wall: 1.195 hours, Δt:   4.71, CFL: 7.20e-01
i:   8900, t:    53284.9 s (1.19 periods), wall: 1.206 hours, Δt:   4.67, CFL: 7.20e-01
i:   9000, t:    53722.5 s (1.20 periods), wall: 1.217 hours, Δt:   4.21, CFL: 7.20e-01
i:   9100, t:    54128.0 s (1.21 periods), wall: 1.228 hours, Δt:   4.06, CFL: 7.20e-01
i:   9200, t:    54527.2 s (1.22 periods), wall: 1.240 hours, Δt:   3.88, CFL: 7.20e-01
i:   9300, t:    54918.7 s (1.23 periods), wall: 1.251 hours, Δt:   3.78, CFL: 7.20e-01
i:   9400, t:    55299.5 s (1.24 periods), wall: 1.262 hours, Δt:   3.82, CFL: 7.20e-01
i:   9500, t:    55670.8 s (1.25 periods), wall: 1.273 hours, Δt:   3.74, CFL: 7.20e-01
i:   9600, t:    56037.8 s (1.26 periods), wall: 1.284 hours, Δt:   3.67, CFL: 7.20e-01
i:   9700, t:    56384.8 s (1.26 periods), wall: 1.295 hours, Δt:   3.27, CFL: 7.20e-01
i:   9800, t:    56714.2 s (1.27 periods), wall: 1.306 hours, Δt:   3.64, CFL: 7.20e-01
i:   9900, t:    57076.2 s (1.28 periods), wall: 1.317 hours, Δt:   3.66, CFL: 7.20e-01
i:  10000, t:    57450.9 s (1.29 periods), wall: 1.329 hours, Δt:   3.86, CFL: 7.20e-01
i:  10100, t:    57816.0 s (1.30 periods), wall: 1.340 hours, Δt:   3.59, CFL: 7.20e-01
i:  10200, t:    58185.7 s (1.30 periods), wall: 1.350 hours, Δt:   3.78, CFL: 7.20e-01
i:  10300, t:    58540.9 s (1.31 periods), wall: 1.361 hours, Δt:   3.56, CFL: 7.20e-01
i:  10400, t:    58912.7 s (1.32 periods), wall: 1.372 hours, Δt:   3.73, CFL: 7.20e-01
i:  10500, t:    59301.5 s (1.33 periods), wall: 1.383 hours, Δt:   4.07, CFL: 7.20e-01
i:  10600, t:    59718.5 s (1.34 periods), wall: 1.394 hours, Δt:   4.27, CFL: 7.20e-01
i:  10700, t:    60146.6 s (1.35 periods), wall: 1.404 hours, Δt:   4.40, CFL: 7.20e-01
i:  10800, t:    60581.4 s (1.36 periods), wall: 1.416 hours, Δt:   4.21, CFL: 7.20e-01
i:  10900, t:    61004.9 s (1.37 periods), wall: 1.427 hours, Δt:   4.13, CFL: 7.20e-01
i:  11000, t:    61430.1 s (1.38 periods), wall: 1.438 hours, Δt:   4.59, CFL: 7.20e-01
i:  11100, t:    61865.1 s (1.39 periods), wall: 1.449 hours, Δt:   4.31, CFL: 7.20e-01
i:  11200, t:    62315.9 s (1.40 periods), wall: 1.460 hours, Δt:   4.84, CFL: 7.20e-01
i:  11300, t:    62801.8 s (1.41 periods), wall: 1.471 hours, Δt:   5.14, CFL: 7.20e-01
i:  11400, t:    63315.0 s (1.42 periods), wall: 1.482 hours, Δt:   5.27, CFL: 7.20e-01
i:  11500, t:    63862.7 s (1.43 periods), wall: 1.492 hours, Δt:   5.49, CFL: 7.20e-01
i:  11600, t:    64421.5 s (1.44 periods), wall: 1.503 hours, Δt:   5.84, CFL: 7.20e-01
i:  11700, t:    65061.1 s (1.46 periods), wall: 1.514 hours, Δt:   7.49, CFL: 7.20e-01
i:  11800, t:    65815.0 s (1.47 periods), wall: 1.525 hours, Δt:   8.23, CFL: 7.20e-01
i:  11900, t:    66700.8 s (1.49 periods), wall: 1.536 hours, Δt:   9.54, CFL: 7.20e-01
i:  12000, t:    67559.8 s (1.51 periods), wall: 1.547 hours, Δt:   7.71, CFL: 7.20e-01
i:  12100, t:    68280.1 s (1.53 periods), wall: 1.557 hours, Δt:   7.00, CFL: 7.20e-01
i:  12200, t:    68968.8 s (1.55 periods), wall: 1.568 hours, Δt:   6.81, CFL: 7.20e-01
i:  12300, t:    69624.7 s (1.56 periods), wall: 1.579 hours, Δt:   6.30, CFL: 7.20e-01
i:  12400, t:    70205.4 s (1.57 periods), wall: 1.590 hours, Δt:   5.77, CFL: 7.20e-01
i:  12500, t:    70777.8 s (1.59 periods), wall: 1.598 hours, Δt:   5.89, CFL: 7.20e-01
i:  12600, t:    71350.6 s (1.60 periods), wall: 1.605 hours, Δt:   5.79, CFL: 7.20e-01
i:  12700, t:    71909.1 s (1.61 periods), wall: 1.612 hours, Δt:   5.50, CFL: 7.20e-01
i:  12800, t:    72454.2 s (1.62 periods), wall: 1.620 hours, Δt:   5.47, CFL: 7.20e-01
i:  12900, t:    72986.4 s (1.64 periods), wall: 1.627 hours, Δt:   5.30, CFL: 7.20e-01
i:  13000, t:    73498.6 s (1.65 periods), wall: 1.635 hours, Δt:   5.04, CFL: 7.20e-01
i:  13100, t:    73985.2 s (1.66 periods), wall: 1.643 hours, Δt:   4.80, CFL: 7.20e-01
i:  13200, t:    74458.2 s (1.67 periods), wall: 1.651 hours, Δt:   4.73, CFL: 7.20e-01
i:  13300, t:    74921.0 s (1.68 periods), wall: 1.658 hours, Δt:   4.57, CFL: 7.20e-01
i:  13400, t:    75359.5 s (1.69 periods), wall: 1.666 hours, Δt:   4.40, CFL: 7.20e-01
i:  13500, t:    75787.3 s (1.70 periods), wall: 1.674 hours, Δt:   4.25, CFL: 7.20e-01
i:  13600, t:    76215.8 s (1.71 periods), wall: 1.681 hours, Δt:   4.38, CFL: 7.20e-01
i:  13700, t:    76638.8 s (1.72 periods), wall: 1.689 hours, Δt:   4.33, CFL: 7.20e-01
i:  13800, t:    77062.9 s (1.73 periods), wall: 1.697 hours, Δt:   4.19, CFL: 7.20e-01
i:  13900, t:    77470.9 s (1.74 periods), wall: 1.705 hours, Δt:   4.10, CFL: 7.20e-01
i:  14000, t:    77886.8 s (1.74 periods), wall: 1.713 hours, Δt:   4.19, CFL: 7.20e-01
i:  14100, t:    78298.5 s (1.75 periods), wall: 1.720 hours, Δt:   4.20, CFL: 7.20e-01
i:  14200, t:    78713.6 s (1.76 periods), wall: 1.728 hours, Δt:   4.00, CFL: 7.20e-01
i:  14300, t:    79108.7 s (1.77 periods), wall: 1.736 hours, Δt:   4.09, CFL: 7.20e-01
i:  14400, t:    79497.2 s (1.78 periods), wall: 1.744 hours, Δt:   3.77, CFL: 7.20e-01
i:  14500, t:    79864.5 s (1.79 periods), wall: 1.752 hours, Δt:   3.53, CFL: 7.20e-01
i:  14600, t:    80218.1 s (1.80 periods), wall: 1.760 hours, Δt:   3.79, CFL: 7.20e-01
i:  14700, t:    80590.3 s (1.81 periods), wall: 1.768 hours, Δt:   3.82, CFL: 7.20e-01
i:  14800, t:    80976.5 s (1.81 periods), wall: 1.776 hours, Δt:   3.74, CFL: 7.20e-01
i:  14900, t:    81350.1 s (1.82 periods), wall: 1.784 hours, Δt:   4.04, CFL: 7.20e-01
i:  15000, t:    81734.2 s (1.83 periods), wall: 1.792 hours, Δt:   3.98, CFL: 7.20e-01
i:  15100, t:    82135.4 s (1.84 periods), wall: 1.800 hours, Δt:   3.97, CFL: 7.20e-01
i:  15200, t:    82534.3 s (1.85 periods), wall: 1.808 hours, Δt:   4.05, CFL: 7.20e-01
i:  15300, t:    82956.2 s (1.86 periods), wall: 1.816 hours, Δt:   4.39, CFL: 7.20e-01
i:  15400, t:    83367.1 s (1.87 periods), wall: 1.824 hours, Δt:   4.16, CFL: 7.20e-01
i:  15500, t:    83786.0 s (1.88 periods), wall: 1.832 hours, Δt:   4.39, CFL: 7.20e-01
i:  15600, t:    84218.0 s (1.89 periods), wall: 1.841 hours, Δt:   4.56, CFL: 7.20e-01
i:  15700, t:    84691.0 s (1.90 periods), wall: 1.849 hours, Δt:   4.54, CFL: 7.20e-01
i:  15800, t:    85134.4 s (1.91 periods), wall: 1.857 hours, Δt:   4.92, CFL: 7.20e-01
i:  15900, t:    85657.2 s (1.92 periods), wall: 1.866 hours, Δt:   5.43, CFL: 7.20e-01
i:  16000, t:    86241.5 s (1.93 periods), wall: 1.874 hours, Δt:   5.62, CFL: 7.20e-01
i:  16100, t:    86814.8 s (1.94 periods), wall: 1.883 hours, Δt:   6.42, CFL: 7.20e-01
i:  16200, t:    87464.5 s (1.96 periods), wall: 1.891 hours, Δt:   7.02, CFL: 7.20e-01
i:  16300, t:    88253.3 s (1.98 periods), wall: 1.899 hours, Δt:   8.10, CFL: 7.20e-01
i:  16400, t:    89056.8 s (1.99 periods), wall: 1.907 hours, Δt:   7.29, CFL: 7.20e-01
i:  16500, t:    89786.1 s (2.01 periods), wall: 1.915 hours, Δt:   7.46, CFL: 7.20e-01
i:  16600, t:    90502.3 s (2.03 periods), wall: 1.924 hours, Δt:   7.36, CFL: 7.20e-01
i:  16700, t:    91252.6 s (2.04 periods), wall: 1.933 hours, Δt:   7.48, CFL: 7.20e-01
i:  16800, t:    91965.4 s (2.06 periods), wall: 1.941 hours, Δt:   6.92, CFL: 7.20e-01
i:  16900, t:    92623.4 s (2.07 periods), wall: 1.949 hours, Δt:   6.33, CFL: 7.20e-01
i:  17000, t:    93233.5 s (2.09 periods), wall: 1.957 hours, Δt:   6.10, CFL: 7.20e-01
i:  17100, t:    93835.6 s (2.10 periods), wall: 1.965 hours, Δt:   6.07, CFL: 7.20e-01
i:  17200, t:    94419.3 s (2.12 periods), wall: 1.973 hours, Δt:   5.72, CFL: 7.20e-01
i:  17300, t:    94975.9 s (2.13 periods), wall: 1.981 hours, Δt:   5.46, CFL: 7.20e-01
i:  17400, t:    95505.7 s (2.14 periods), wall: 1.989 hours, Δt:   5.22, CFL: 7.20e-01
i:  17500, t:    96011.8 s (2.15 periods), wall: 1.997 hours, Δt:   5.07, CFL: 7.20e-01
i:  17600, t:    96500.8 s (2.16 periods), wall: 2.008 hours, Δt:   4.81, CFL: 7.20e-01
i:  17700, t:    96959.8 s (2.17 periods), wall: 2.017 hours, Δt:   4.56, CFL: 7.20e-01
i:  17800, t:    97406.2 s (2.18 periods), wall: 2.025 hours, Δt:   4.56, CFL: 7.20e-01
i:  17900, t:    97859.1 s (2.19 periods), wall: 2.033 hours, Δt:   4.61, CFL: 7.20e-01
i:  18000, t:    98307.6 s (2.20 periods), wall: 2.042 hours, Δt:   4.49, CFL: 7.20e-01
i:  18100, t:    98744.8 s (2.21 periods), wall: 2.050 hours, Δt:   4.25, CFL: 7.20e-01
i:  18200, t:    99154.2 s (2.22 periods), wall: 2.059 hours, Δt:   4.07, CFL: 7.20e-01
i:  18300, t:    99541.6 s (2.23 periods), wall: 2.067 hours, Δt:   3.84, CFL: 7.20e-01
i:  18400, t:    99907.7 s (2.24 periods), wall: 2.075 hours, Δt:   3.63, CFL: 7.20e-01
i:  18500, t:   100280.0 s (2.25 periods), wall: 2.084 hours, Δt:   3.61, CFL: 7.20e-01
i:  18600, t:   100643.9 s (2.25 periods), wall: 2.092 hours, Δt:   3.85, CFL: 7.20e-01
i:  18700, t:   101025.1 s (2.26 periods), wall: 2.101 hours, Δt:   3.87, CFL: 7.20e-01
i:  18800, t:   101394.6 s (2.27 periods), wall: 2.109 hours, Δt:   3.78, CFL: 7.20e-01
i:  18900, t:   101783.0 s (2.28 periods), wall: 2.117 hours, Δt:   3.65, CFL: 7.20e-01
i:  19000, t:   102141.2 s (2.29 periods), wall: 2.126 hours, Δt:   3.79, CFL: 7.20e-01
i:  19100, t:   102497.2 s (2.30 periods), wall: 2.135 hours, Δt:   3.46, CFL: 7.20e-01
i:  19200, t:   102859.6 s (2.30 periods), wall: 2.147 hours, Δt:   3.72, CFL: 7.20e-01
i:  19300, t:   103234.2 s (2.31 periods), wall: 2.156 hours, Δt:   3.69, CFL: 7.20e-01
i:  19400, t:   103602.1 s (2.32 periods), wall: 2.165 hours, Δt:   3.61, CFL: 7.20e-01
i:  19500, t:   103977.4 s (2.33 periods), wall: 2.175 hours, Δt:   3.88, CFL: 7.20e-01
i:  19600, t:   104358.2 s (2.34 periods), wall: 2.184 hours, Δt:   3.76, CFL: 7.20e-01
i:  19700, t:   104761.5 s (2.35 periods), wall: 2.194 hours, Δt:   4.17, CFL: 7.20e-01
i:  19800, t:   105168.6 s (2.36 periods), wall: 2.204 hours, Δt:   4.18, CFL: 7.20e-01
i:  19900, t:   105581.7 s (2.37 periods), wall: 2.212 hours, Δt:   4.04, CFL: 7.20e-01
i:  20000, t:   106012.1 s (2.37 periods), wall: 2.223 hours, Δt:   4.85, CFL: 7.20e-01
i:  20100, t:   106496.9 s (2.39 periods), wall: 2.235 hours, Δt:   5.06, CFL: 7.20e-01
i:  20200, t:   106964.2 s (2.40 periods), wall: 2.245 hours, Δt:   4.69, CFL: 7.20e-01
i:  20300, t:   107422.3 s (2.41 periods), wall: 2.255 hours, Δt:   5.08, CFL: 7.20e-01
i:  20400, t:   107961.7 s (2.42 periods), wall: 2.266 hours, Δt:   5.35, CFL: 7.20e-01
i:  20500, t:   108505.3 s (2.43 periods), wall: 2.275 hours, Δt:   6.15, CFL: 7.20e-01
i:  20600, t:   109159.1 s (2.45 periods), wall: 2.285 hours, Δt:   7.30, CFL: 7.20e-01
i:  20700, t:   109898.9 s (2.46 periods), wall: 2.295 hours, Δt:   8.40, CFL: 7.20e-01
i:  20800, t:   110786.4 s (2.48 periods), wall: 2.304 hours, Δt:   8.43, CFL: 7.20e-01
i:  20900, t:   111667.6 s (2.50 periods), wall: 2.314 hours, Δt:   8.32, CFL: 7.20e-01
i:  21000, t:   112472.9 s (2.52 periods), wall: 2.323 hours, Δt:   8.14, CFL: 7.20e-01
i:  21100, t:   113211.4 s (2.54 periods), wall: 2.332 hours, Δt:   6.92, CFL: 7.20e-01
i:  21200, t:   113863.3 s (2.55 periods), wall: 2.342 hours, Δt:   6.30, CFL: 7.20e-01
i:  21300, t:   114463.9 s (2.56 periods), wall: 2.352 hours, Δt:   5.73, CFL: 7.20e-01
i:  21400, t:   115021.9 s (2.58 periods), wall: 2.361 hours, Δt:   5.73, CFL: 7.20e-01
i:  21500, t:   115606.3 s (2.59 periods), wall: 2.370 hours, Δt:   5.86, CFL: 7.20e-01
i:  21600, t:   116170.5 s (2.60 periods), wall: 2.379 hours, Δt:   5.60, CFL: 7.20e-01
i:  21700, t:   116715.3 s (2.61 periods), wall: 2.388 hours, Δt:   5.38, CFL: 7.20e-01
i:  21800, t:   117236.2 s (2.63 periods), wall: 2.398 hours, Δt:   5.06, CFL: 7.20e-01
i:  21900, t:   117723.0 s (2.64 periods), wall: 2.407 hours, Δt:   4.80, CFL: 7.20e-01
i:  22000, t:   118198.5 s (2.65 periods), wall: 2.416 hours, Δt:   4.88, CFL: 7.20e-01
i:  22100, t:   118685.3 s (2.66 periods), wall: 2.425 hours, Δt:   4.86, CFL: 7.20e-01
i:  22200, t:   119158.1 s (2.67 periods), wall: 2.434 hours, Δt:   4.65, CFL: 7.20e-01
i:  22300, t:   119612.8 s (2.68 periods), wall: 2.443 hours, Δt:   4.52, CFL: 7.20e-01
i:  22400, t:   120057.3 s (2.69 periods), wall: 2.452 hours, Δt:   4.41, CFL: 7.20e-01
i:  22500, t:   120491.1 s (2.70 periods), wall: 2.461 hours, Δt:   4.33, CFL: 7.20e-01
i:  22600, t:   120918.5 s (2.71 periods), wall: 2.471 hours, Δt:   4.26, CFL: 7.20e-01
i:  22700, t:   121337.8 s (2.72 periods), wall: 2.480 hours, Δt:   4.22, CFL: 7.20e-01
i:  22800, t:   121744.2 s (2.73 periods), wall: 2.489 hours, Δt:   4.04, CFL: 7.20e-01
i:  22900, t:   122148.2 s (2.74 periods), wall: 2.498 hours, Δt:   4.13, CFL: 7.20e-01
i:  23000, t:   122548.9 s (2.75 periods), wall: 2.507 hours, Δt:   4.05, CFL: 7.20e-01
i:  23100, t:   122951.7 s (2.75 periods), wall: 2.516 hours, Δt:   4.08, CFL: 7.20e-01
i:  23200, t:   123358.7 s (2.76 periods), wall: 2.525 hours, Δt:   4.06, CFL: 7.20e-01
i:  23300, t:   123749.9 s (2.77 periods), wall: 2.533 hours, Δt:   3.96, CFL: 7.20e-01
i:  23400, t:   124125.4 s (2.78 periods), wall: 2.543 hours, Δt:   3.73, CFL: 7.20e-01
i:  23500, t:   124503.0 s (2.79 periods), wall: 2.552 hours, Δt:   3.86, CFL: 7.20e-01
i:  23600, t:   124876.8 s (2.80 periods), wall: 2.561 hours, Δt:   3.72, CFL: 7.20e-01
i:  23700, t:   125237.0 s (2.81 periods), wall: 2.570 hours, Δt:   3.64, CFL: 7.20e-01
i:  23800, t:   125612.6 s (2.81 periods), wall: 2.578 hours, Δt:   3.85, CFL: 7.20e-01
i:  23900, t:   126001.9 s (2.82 periods), wall: 2.587 hours, Δt:   4.07, CFL: 7.20e-01
i:  24000, t:   126420.4 s (2.83 periods), wall: 2.596 hours, Δt:   4.10, CFL: 7.20e-01
i:  24100, t:   126826.9 s (2.84 periods), wall: 2.605 hours, Δt:   4.13, CFL: 7.20e-01
i:  24200, t:   127245.1 s (2.85 periods), wall: 2.614 hours, Δt:   4.21, CFL: 7.20e-01
i:  24300, t:   127669.9 s (2.86 periods), wall: 2.624 hours, Δt:   4.44, CFL: 7.20e-01
i:  24400, t:   128097.9 s (2.87 periods), wall: 2.633 hours, Δt:   4.42, CFL: 7.20e-01
i:  24500, t:   128553.2 s (2.88 periods), wall: 2.642 hours, Δt:   4.93, CFL: 7.20e-01
i:  24600, t:   129028.5 s (2.89 periods), wall: 2.651 hours, Δt:   4.79, CFL: 7.20e-01
i:  24700, t:   129531.0 s (2.90 periods), wall: 2.659 hours, Δt:   5.24, CFL: 7.20e-01
i:  24800, t:   130066.7 s (2.91 periods), wall: 2.667 hours, Δt:   5.37, CFL: 7.20e-01
i:  24900, t:   130620.7 s (2.93 periods), wall: 2.676 hours, Δt:   5.89, CFL: 7.20e-01
i:  25000, t:   131234.1 s (2.94 periods), wall: 2.684 hours, Δt:   6.79, CFL: 7.20e-01
i:  25100, t:   131908.5 s (2.95 periods), wall: 2.692 hours, Δt:   6.30, CFL: 7.20e-01
i:  25200, t:   132580.8 s (2.97 periods), wall: 2.700 hours, Δt:   7.24, CFL: 7.20e-01
i:  25300, t:   133417.0 s (2.99 periods), wall: 2.708 hours, Δt:  10.42, CFL: 7.20e-01
i:  25400, t:   134366.4 s (3.01 periods), wall: 2.716 hours, Δt:   9.03, CFL: 7.20e-01
i:  25500, t:   135211.1 s (3.03 periods), wall: 2.724 hours, Δt:   7.83, CFL: 7.20e-01
i:  25600, t:   135926.6 s (3.04 periods), wall: 2.732 hours, Δt:   6.87, CFL: 7.20e-01
i:  25700, t:   136605.1 s (3.06 periods), wall: 2.740 hours, Δt:   6.56, CFL: 7.20e-01
i:  25800, t:   137249.4 s (3.07 periods), wall: 2.748 hours, Δt:   6.55, CFL: 7.20e-01
i:  25900, t:   137875.2 s (3.09 periods), wall: 2.756 hours, Δt:   6.16, CFL: 7.20e-01
i:  26000, t:   138475.6 s (3.10 periods), wall: 2.764 hours, Δt:   6.09, CFL: 7.20e-01
i:  26100, t:   139065.3 s (3.12 periods), wall: 2.772 hours, Δt:   5.83, CFL: 7.20e-01
i:  26200, t:   139627.0 s (3.13 periods), wall: 2.780 hours, Δt:   5.45, CFL: 7.20e-01
i:  26300, t:   140149.6 s (3.14 periods), wall: 2.788 hours, Δt:   5.17, CFL: 7.20e-01
i:  26400, t:   140650.2 s (3.15 periods), wall: 2.796 hours, Δt:   4.86, CFL: 7.20e-01
i:  26500, t:   141134.5 s (3.16 periods), wall: 2.804 hours, Δt:   4.79, CFL: 7.20e-01
i:  26600, t:   141602.9 s (3.17 periods), wall: 2.812 hours, Δt:   4.66, CFL: 7.20e-01
i:  26700, t:   142061.4 s (3.18 periods), wall: 2.820 hours, Δt:   4.65, CFL: 7.20e-01
i:  26800, t:   142505.4 s (3.19 periods), wall: 2.828 hours, Δt:   4.35, CFL: 7.20e-01
i:  26900, t:   142927.2 s (3.20 periods), wall: 2.836 hours, Δt:   4.20, CFL: 7.20e-01
i:  27000, t:   143333.0 s (3.21 periods), wall: 2.844 hours, Δt:   3.85, CFL: 7.20e-01
i:  27100, t:   143730.9 s (3.22 periods), wall: 2.852 hours, Δt:   4.25, CFL: 7.20e-01
i:  27200, t:   144142.7 s (3.23 periods), wall: 2.860 hours, Δt:   4.18, CFL: 7.20e-01
i:  27300, t:   144565.6 s (3.24 periods), wall: 2.868 hours, Δt:   4.32, CFL: 7.20e-01
i:  27400, t:   144974.9 s (3.25 periods), wall: 2.876 hours, Δt:   3.95, CFL: 7.20e-01
i:  27500, t:   145367.0 s (3.26 periods), wall: 2.884 hours, Δt:   3.87, CFL: 7.20e-01
i:  27600, t:   145736.0 s (3.26 periods), wall: 2.892 hours, Δt:   3.59, CFL: 7.20e-01
i:  27700, t:   146100.7 s (3.27 periods), wall: 2.900 hours, Δt:   3.72, CFL: 7.20e-01
i:  27800, t:   146468.1 s (3.28 periods), wall: 2.908 hours, Δt:   3.78, CFL: 7.20e-01
i:  27900, t:   146845.2 s (3.29 periods), wall: 2.916 hours, Δt:   3.76, CFL: 7.20e-01
i:  28000, t:   147192.3 s (3.30 periods), wall: 2.924 hours, Δt:   3.46, CFL: 7.20e-01
i:  28100, t:   147542.3 s (3.31 periods), wall: 2.932 hours, Δt:   3.51, CFL: 7.20e-01
i:  28200, t:   147897.3 s (3.31 periods), wall: 2.940 hours, Δt:   3.74, CFL: 7.20e-01
i:  28300, t:   148269.6 s (3.32 periods), wall: 2.948 hours, Δt:   3.87, CFL: 7.20e-01
i:  28400, t:   148659.0 s (3.33 periods), wall: 2.956 hours, Δt:   3.96, CFL: 7.20e-01
i:  28500, t:   149060.0 s (3.34 periods), wall: 2.964 hours, Δt:   4.18, CFL: 7.20e-01
i:  28600, t:   149456.3 s (3.35 periods), wall: 2.972 hours, Δt:   4.19, CFL: 7.20e-01
i:  28700, t:   149878.0 s (3.36 periods), wall: 2.980 hours, Δt:   4.38, CFL: 7.20e-01
i:  28800, t:   150307.7 s (3.37 periods), wall: 2.988 hours, Δt:   4.16, CFL: 7.20e-01
i:  28900, t:   150719.3 s (3.38 periods), wall: 2.996 hours, Δt:   4.44, CFL: 7.20e-01
i:  29000, t:   151172.7 s (3.39 periods), wall: 3.004 hours, Δt:   4.77, CFL: 7.20e-01
i:  29100, t:   151650.8 s (3.40 periods), wall: 3.012 hours, Δt:   4.96, CFL: 7.20e-01
i:  29200, t:   152157.5 s (3.41 periods), wall: 3.020 hours, Δt:   5.53, CFL: 7.20e-01
i:  29300, t:   152685.1 s (3.42 periods), wall: 3.028 hours, Δt:   5.56, CFL: 7.20e-01
i:  29400, t:   153287.6 s (3.43 periods), wall: 3.036 hours, Δt:   6.37, CFL: 7.20e-01
i:  29500, t:   153989.0 s (3.45 periods), wall: 3.044 hours, Δt:   7.34, CFL: 7.20e-01
i:  29600, t:   154766.3 s (3.47 periods), wall: 3.052 hours, Δt:   9.23, CFL: 7.20e-01
i:  29700, t:   155769.2 s (3.49 periods), wall: 3.060 hours, Δt:  10.73, CFL: 7.20e-01
i:  29800, t:   156770.4 s (3.51 periods), wall: 3.068 hours, Δt:   9.30, CFL: 7.20e-01
i:  29900, t:   157602.7 s (3.53 periods), wall: 3.076 hours, Δt:   7.55, CFL: 7.20e-01
i:  30000, t:   158314.3 s (3.55 periods), wall: 3.084 hours, Δt:   7.20, CFL: 7.20e-01
i:  30100, t:   158991.6 s (3.56 periods), wall: 3.092 hours, Δt:   6.66, CFL: 7.20e-01
i:  30200, t:   159618.0 s (3.58 periods), wall: 3.100 hours, Δt:   5.96, CFL: 7.20e-01
i:  30300, t:   160201.5 s (3.59 periods), wall: 3.108 hours, Δt:   5.75, CFL: 7.20e-01
i:  30400, t:   160771.7 s (3.60 periods), wall: 3.116 hours, Δt:   5.59, CFL: 7.20e-01
i:  30500, t:   161318.7 s (3.61 periods), wall: 3.124 hours, Δt:   5.38, CFL: 7.20e-01
i:  30600, t:   161835.5 s (3.63 periods), wall: 3.132 hours, Δt:   5.13, CFL: 7.20e-01
i:  30700, t:   162336.1 s (3.64 periods), wall: 3.140 hours, Δt:   4.96, CFL: 7.20e-01
i:  30800, t:   162825.6 s (3.65 periods), wall: 3.148 hours, Δt:   4.88, CFL: 7.20e-01
i:  30900, t:   163301.4 s (3.66 periods), wall: 3.157 hours, Δt:   4.73, CFL: 7.20e-01
i:  31000, t:   163764.8 s (3.67 periods), wall: 3.165 hours, Δt:   4.66, CFL: 7.20e-01
i:  31100, t:   164222.4 s (3.68 periods), wall: 3.173 hours, Δt:   4.58, CFL: 7.20e-01
i:  31200, t:   164670.2 s (3.69 periods), wall: 3.181 hours, Δt:   4.50, CFL: 7.20e-01
i:  31300, t:   165107.0 s (3.70 periods), wall: 3.189 hours, Δt:   4.35, CFL: 7.20e-01
i:  31400, t:   165533.9 s (3.71 periods), wall: 3.197 hours, Δt:   4.33, CFL: 7.20e-01
i:  31500, t:   165965.3 s (3.72 periods), wall: 3.205 hours, Δt:   4.39, CFL: 7.20e-01
i:  31600, t:   166397.1 s (3.73 periods), wall: 3.213 hours, Δt:   4.36, CFL: 7.20e-01
i:  31700, t:   166832.5 s (3.74 periods), wall: 3.221 hours, Δt:   4.40, CFL: 7.20e-01
i:  31800, t:   167262.9 s (3.75 periods), wall: 3.229 hours, Δt:   4.32, CFL: 7.20e-01
i:  31900, t:   167698.6 s (3.76 periods), wall: 3.237 hours, Δt:   4.43, CFL: 7.20e-01
i:  32000, t:   168135.8 s (3.77 periods), wall: 3.245 hours, Δt:   4.41, CFL: 7.20e-01
i:  32100, t:   168579.4 s (3.78 periods), wall: 3.253 hours, Δt:   4.56, CFL: 7.20e-01
i:  32200, t:   169020.7 s (3.79 periods), wall: 3.261 hours, Δt:   4.09, CFL: 7.20e-01
i:  32300, t:   169408.8 s (3.79 periods), wall: 3.269 hours, Δt:   3.85, CFL: 7.20e-01
i:  32400, t:   169778.6 s (3.80 periods), wall: 3.277 hours, Δt:   3.70, CFL: 7.20e-01
i:  32500, t:   170162.7 s (3.81 periods), wall: 3.285 hours, Δt:   3.92, CFL: 7.20e-01
i:  32600, t:   170552.7 s (3.82 periods), wall: 3.293 hours, Δt:   3.95, CFL: 7.20e-01
i:  32700, t:   170948.6 s (3.83 periods), wall: 3.301 hours, Δt:   4.06, CFL: 7.20e-01
i:  32800, t:   171352.6 s (3.84 periods), wall: 3.309 hours, Δt:   3.84, CFL: 7.20e-01
i:  32900, t:   171705.0 s (3.85 periods), wall: 3.317 hours, Δt:   3.72, CFL: 7.20e-01
i:  33000, t:   172087.2 s (3.85 periods), wall: 3.325 hours, Δt:   3.94, CFL: 7.20e-01
i:  33100, t:   172480.4 s (3.86 periods), wall: 3.333 hours, Δt:   4.08, CFL: 7.20e-01
i:  33200, t:   172881.9 s (3.87 periods), wall: 3.341 hours, Δt:   3.84, CFL: 7.20e-01
i:  33300, t:   173278.8 s (3.88 periods), wall: 3.349 hours, Δt:   4.23, CFL: 7.20e-01
i:  33400, t:   173689.4 s (3.89 periods), wall: 3.357 hours, Δt:   4.03, CFL: 7.20e-01
i:  33500, t:   174104.9 s (3.90 periods), wall: 3.366 hours, Δt:   4.47, CFL: 7.20e-01
i:  33600, t:   174556.5 s (3.91 periods), wall: 3.374 hours, Δt:   4.77, CFL: 7.20e-01
i:  33700, t:   175065.3 s (3.92 periods), wall: 3.382 hours, Δt:   5.54, CFL: 7.20e-01
i:  33800, t:   175605.5 s (3.93 periods), wall: 3.390 hours, Δt:   5.72, CFL: 7.20e-01
i:  33900, t:   176213.7 s (3.95 periods), wall: 3.398 hours, Δt:   6.37, CFL: 7.20e-01
i:  34000, t:   176912.2 s (3.96 periods), wall: 3.406 hours, Δt:   8.41, CFL: 7.20e-01
i:  34100, t:   177770.5 s (3.98 periods), wall: 3.414 hours, Δt:   8.58, CFL: 7.20e-01
i:  34200, t:   178630.4 s (4.00 periods), wall: 3.422 hours, Δt:   8.59, CFL: 7.20e-01
i:  34300, t:   179416.5 s (4.02 periods), wall: 3.429 hours, Δt:   7.74, CFL: 7.20e-01
i:  34400, t:   180174.0 s (4.04 periods), wall: 3.437 hours, Δt:   7.38, CFL: 7.20e-01
i:  34500, t:   180893.6 s (4.05 periods), wall: 3.445 hours, Δt:   7.13, CFL: 7.20e-01
i:  34600, t:   181567.6 s (4.07 periods), wall: 3.453 hours, Δt:   6.55, CFL: 7.20e-01
i:  34700, t:   182199.4 s (4.08 periods), wall: 3.461 hours, Δt:   6.17, CFL: 7.20e-01
i:  34800, t:   182789.6 s (4.09 periods), wall: 3.469 hours, Δt:   5.93, CFL: 7.20e-01
i:  34900, t:   183375.6 s (4.11 periods), wall: 3.477 hours, Δt:   5.78, CFL: 7.20e-01
i:  35000, t:   183933.5 s (4.12 periods), wall: 3.485 hours, Δt:   5.54, CFL: 7.20e-01
i:  35100, t:   184469.6 s (4.13 periods), wall: 3.493 hours, Δt:   5.28, CFL: 7.20e-01
i:  35200, t:   184987.3 s (4.14 periods), wall: 3.501 hours, Δt:   5.20, CFL: 7.20e-01
i:  35300, t:   185494.7 s (4.16 periods), wall: 3.509 hours, Δt:   5.16, CFL: 7.20e-01
i:  35400, t:   186000.4 s (4.17 periods), wall: 3.517 hours, Δt:   4.93, CFL: 7.20e-01
i:  35500, t:   186477.7 s (4.18 periods), wall: 3.525 hours, Δt:   4.77, CFL: 7.20e-01
i:  35600, t:   186934.3 s (4.19 periods), wall: 3.534 hours, Δt:   4.43, CFL: 7.20e-01
i:  35700, t:   187377.2 s (4.20 periods), wall: 3.542 hours, Δt:   4.48, CFL: 7.20e-01
i:  35800, t:   187817.5 s (4.21 periods), wall: 3.550 hours, Δt:   4.41, CFL: 7.20e-01
i:  35900, t:   188257.9 s (4.22 periods), wall: 3.558 hours, Δt:   4.61, CFL: 7.20e-01
i:  36000, t:   188705.1 s (4.23 periods), wall: 3.566 hours, Δt:   4.36, CFL: 7.20e-01
i:  36100, t:   189125.9 s (4.24 periods), wall: 3.574 hours, Δt:   4.19, CFL: 7.20e-01
i:  36200, t:   189550.1 s (4.25 periods), wall: 3.582 hours, Δt:   4.47, CFL: 7.20e-01
i:  36300, t:   189992.0 s (4.26 periods), wall: 3.590 hours, Δt:   4.43, CFL: 7.20e-01
i:  36400, t:   190429.5 s (4.27 periods), wall: 3.598 hours, Δt:   4.41, CFL: 7.20e-01
[ Info: Oceananigans will use 4 threads
[ Info: Case Ri0: Ri = 0, N² = 0 s⁻², δ = 0.397 m, Re_δ = 1790, 6 periods
[ Info: Bottom Δz = 0.0869 m (4.6 points across δ); Δx = 0.417 m, Δy = 0.208 m
[ Info: x-y slice at k = 6 (z = 0.478 m ≈ δ)
[ Info: Initializing simulation...
[ Info:     ... simulation initialization complete (23.947 seconds)
[ Info: Executing initial time step...
[ Info:     ... initial time step complete (4.171 seconds).
[ Info: Simulation is stopping after running for 4.839 hours.
[ Info: Simulation time 3.100 days equals or exceeds stop time 3.100 days.
i:  36500, t:   190866.7 s (4.28 periods), wall: 3.606 hours, Δt:   4.39, CFL: 7.20e-01
i:  36600, t:   191305.1 s (4.29 periods), wall: 3.614 hours, Δt:   4.56, CFL: 7.20e-01
i:  36700, t:   191728.8 s (4.29 periods), wall: 3.622 hours, Δt:   4.04, CFL: 7.20e-01
i:  36800, t:   192120.8 s (4.30 periods), wall: 3.630 hours, Δt:   3.91, CFL: 7.20e-01
i:  36900, t:   192520.9 s (4.31 periods), wall: 3.638 hours, Δt:   4.20, CFL: 7.20e-01
i:  37000, t:   192923.0 s (4.32 periods), wall: 3.647 hours, Δt:   3.90, CFL: 7.20e-01
i:  37100, t:   193315.9 s (4.33 periods), wall: 3.655 hours, Δt:   4.16, CFL: 7.20e-01
i:  37200, t:   193751.5 s (4.34 periods), wall: 3.663 hours, Δt:   4.71, CFL: 7.20e-01
i:  37300, t:   194205.9 s (4.35 periods), wall: 3.671 hours, Δt:   4.41, CFL: 7.20e-01
i:  37400, t:   194639.2 s (4.36 periods), wall: 3.679 hours, Δt:   4.30, CFL: 7.20e-01
i:  37500, t:   195076.8 s (4.37 periods), wall: 3.687 hours, Δt:   4.61, CFL: 7.20e-01
i:  37600, t:   195564.1 s (4.38 periods), wall: 3.695 hours, Δt:   5.14, CFL: 7.20e-01
i:  37700, t:   196082.7 s (4.39 periods), wall: 3.703 hours, Δt:   5.33, CFL: 7.20e-01
i:  37800, t:   196629.5 s (4.40 periods), wall: 3.711 hours, Δt:   5.02, CFL: 7.20e-01
i:  37900, t:   197167.3 s (4.42 periods), wall: 3.719 hours, Δt:   5.93, CFL: 7.20e-01
i:  38000, t:   197796.7 s (4.43 periods), wall: 3.727 hours, Δt:   7.12, CFL: 7.20e-01
i:  38100, t:   198501.3 s (4.45 periods), wall: 3.735 hours, Δt:   8.08, CFL: 7.20e-01
i:  38200, t:   199352.0 s (4.47 periods), wall: 3.743 hours, Δt:   8.54, CFL: 7.20e-01
i:  38300, t:   200331.8 s (4.49 periods), wall: 3.751 hours, Δt:  10.10, CFL: 7.20e-01
i:  38400, t:   201193.7 s (4.51 periods), wall: 3.759 hours, Δt:   7.00, CFL: 7.20e-01
i:  38500, t:   201902.6 s (4.52 periods), wall: 3.767 hours, Δt:   7.31, CFL: 7.20e-01
i:  38600, t:   202637.3 s (4.54 periods), wall: 3.775 hours, Δt:   7.34, CFL: 7.20e-01
i:  38700, t:   203332.6 s (4.55 periods), wall: 3.783 hours, Δt:   6.50, CFL: 7.20e-01
i:  38800, t:   203942.4 s (4.57 periods), wall: 3.791 hours, Δt:   5.93, CFL: 7.20e-01
i:  38900, t:   204516.6 s (4.58 periods), wall: 3.799 hours, Δt:   5.98, CFL: 7.20e-01
i:  39000, t:   205089.8 s (4.59 periods), wall: 3.807 hours, Δt:   5.68, CFL: 7.20e-01
i:  39100, t:   205644.3 s (4.61 periods), wall: 3.815 hours, Δt:   5.51, CFL: 7.20e-01
i:  39200, t:   206169.9 s (4.62 periods), wall: 3.823 hours, Δt:   5.16, CFL: 7.20e-01
i:  39300, t:   206681.1 s (4.63 periods), wall: 3.831 hours, Δt:   5.16, CFL: 7.20e-01
i:  39400, t:   207185.9 s (4.64 periods), wall: 3.839 hours, Δt:   5.10, CFL: 7.20e-01
i:  39500, t:   207686.9 s (4.65 periods), wall: 3.847 hours, Δt:   5.04, CFL: 7.20e-01
i:  39600, t:   208184.2 s (4.66 periods), wall: 3.855 hours, Δt:   5.04, CFL: 7.20e-01
i:  39700, t:   208677.0 s (4.67 periods), wall: 3.863 hours, Δt:   4.94, CFL: 7.20e-01
i:  39800, t:   209157.9 s (4.69 periods), wall: 3.871 hours, Δt:   4.84, CFL: 7.20e-01
i:  39900, t:   209626.7 s (4.70 periods), wall: 3.879 hours, Δt:   4.64, CFL: 7.20e-01
i:  40000, t:   210082.3 s (4.71 periods), wall: 3.887 hours, Δt:   4.64, CFL: 7.20e-01
i:  40100, t:   210531.4 s (4.72 periods), wall: 3.895 hours, Δt:   4.50, CFL: 7.20e-01
i:  40200, t:   210951.9 s (4.73 periods), wall: 3.903 hours, Δt:   3.97, CFL: 7.20e-01
i:  40300, t:   211347.6 s (4.73 periods), wall: 3.911 hours, Δt:   3.98, CFL: 7.20e-01
i:  40400, t:   211737.4 s (4.74 periods), wall: 3.919 hours, Δt:   3.82, CFL: 7.20e-01
i:  40500, t:   212112.9 s (4.75 periods), wall: 3.928 hours, Δt:   3.74, CFL: 7.20e-01
i:  40600, t:   212486.4 s (4.76 periods), wall: 3.936 hours, Δt:   3.72, CFL: 7.20e-01
i:  40700, t:   212851.6 s (4.77 periods), wall: 3.944 hours, Δt:   3.62, CFL: 7.20e-01
i:  40800, t:   213218.3 s (4.78 periods), wall: 3.952 hours, Δt:   3.62, CFL: 7.20e-01
i:  40900, t:   213570.0 s (4.78 periods), wall: 3.960 hours, Δt:   3.54, CFL: 7.20e-01
i:  41000, t:   213927.1 s (4.79 periods), wall: 3.968 hours, Δt:   3.61, CFL: 7.20e-01
i:  41100, t:   214298.7 s (4.80 periods), wall: 3.976 hours, Δt:   3.78, CFL: 7.20e-01
i:  41200, t:   214659.9 s (4.81 periods), wall: 3.984 hours, Δt:   3.65, CFL: 7.20e-01
i:  41300, t:   215040.9 s (4.82 periods), wall: 3.992 hours, Δt:   3.85, CFL: 7.20e-01
i:  41400, t:   215436.1 s (4.83 periods), wall: 4.000 hours, Δt:   3.97, CFL: 7.20e-01
i:  41500, t:   215827.1 s (4.83 periods), wall: 4.008 hours, Δt:   3.91, CFL: 7.20e-01
i:  41600, t:   216218.4 s (4.84 periods), wall: 4.016 hours, Δt:   3.94, CFL: 7.20e-01
i:  41700, t:   216624.7 s (4.85 periods), wall: 4.024 hours, Δt:   4.23, CFL: 7.20e-01
i:  41800, t:   217027.9 s (4.86 periods), wall: 4.032 hours, Δt:   4.16, CFL: 7.20e-01
i:  41900, t:   217450.6 s (4.87 periods), wall: 4.040 hours, Δt:   4.21, CFL: 7.20e-01
i:  42000, t:   217875.8 s (4.88 periods), wall: 4.048 hours, Δt:   4.09, CFL: 7.20e-01
i:  42100, t:   218281.4 s (4.89 periods), wall: 4.056 hours, Δt:   4.07, CFL: 7.20e-01
i:  42200, t:   218704.5 s (4.90 periods), wall: 4.064 hours, Δt:   4.92, CFL: 7.20e-01
i:  42300, t:   219197.7 s (4.91 periods), wall: 4.073 hours, Δt:   5.04, CFL: 7.20e-01
i:  42400, t:   219708.6 s (4.92 periods), wall: 4.081 hours, Δt:   5.37, CFL: 7.20e-01
i:  42500, t:   220275.9 s (4.93 periods), wall: 4.089 hours, Δt:   6.42, CFL: 7.20e-01
i:  42600, t:   220894.7 s (4.95 periods), wall: 4.097 hours, Δt:   6.41, CFL: 7.20e-01
i:  42700, t:   221612.6 s (4.96 periods), wall: 4.104 hours, Δt:   8.01, CFL: 7.20e-01
i:  42800, t:   222443.6 s (4.98 periods), wall: 4.112 hours, Δt:   8.73, CFL: 7.20e-01
i:  42900, t:   223316.3 s (5.00 periods), wall: 4.120 hours, Δt:   8.92, CFL: 7.20e-01
i:  43000, t:   224030.6 s (5.02 periods), wall: 4.128 hours, Δt:   6.58, CFL: 7.20e-01
i:  43100, t:   224707.2 s (5.03 periods), wall: 4.137 hours, Δt:   6.84, CFL: 7.20e-01
i:  43200, t:   225396.8 s (5.05 periods), wall: 4.146 hours, Δt:   7.26, CFL: 7.20e-01
i:  43300, t:   226067.5 s (5.06 periods), wall: 4.154 hours, Δt:   6.56, CFL: 7.20e-01
i:  43400, t:   226702.3 s (5.08 periods), wall: 4.162 hours, Δt:   6.36, CFL: 7.20e-01
i:  43500, t:   227323.9 s (5.09 periods), wall: 4.170 hours, Δt:   6.20, CFL: 7.20e-01
i:  43600, t:   227929.0 s (5.11 periods), wall: 4.178 hours, Δt:   5.96, CFL: 7.20e-01
i:  43700, t:   228505.8 s (5.12 periods), wall: 4.186 hours, Δt:   5.71, CFL: 7.20e-01
i:  43800, t:   229065.0 s (5.13 periods), wall: 4.194 hours, Δt:   5.56, CFL: 7.20e-01
i:  43900, t:   229598.4 s (5.14 periods), wall: 4.202 hours, Δt:   5.32, CFL: 7.20e-01
i:  44000, t:   230108.0 s (5.15 periods), wall: 4.210 hours, Δt:   4.84, CFL: 7.20e-01
i:  44100, t:   230575.3 s (5.17 periods), wall: 4.218 hours, Δt:   4.88, CFL: 7.20e-01
i:  44200, t:   231049.7 s (5.18 periods), wall: 4.226 hours, Δt:   4.71, CFL: 7.20e-01
i:  44300, t:   231513.5 s (5.19 periods), wall: 4.234 hours, Δt:   4.54, CFL: 7.20e-01
i:  44400, t:   231953.6 s (5.20 periods), wall: 4.242 hours, Δt:   4.41, CFL: 7.20e-01
i:  44500, t:   232381.2 s (5.21 periods), wall: 4.250 hours, Δt:   4.22, CFL: 7.20e-01
i:  44600, t:   232783.6 s (5.21 periods), wall: 4.258 hours, Δt:   3.91, CFL: 7.20e-01
i:  44700, t:   233172.0 s (5.22 periods), wall: 4.266 hours, Δt:   4.13, CFL: 7.20e-01
i:  44800, t:   233576.6 s (5.23 periods), wall: 4.274 hours, Δt:   4.09, CFL: 7.20e-01
i:  44900, t:   233977.6 s (5.24 periods), wall: 4.282 hours, Δt:   4.00, CFL: 7.20e-01
i:  45000, t:   234372.1 s (5.25 periods), wall: 4.290 hours, Δt:   3.92, CFL: 7.20e-01
i:  45100, t:   234763.8 s (5.26 periods), wall: 4.298 hours, Δt:   4.02, CFL: 7.20e-01
i:  45200, t:   235156.1 s (5.27 periods), wall: 4.306 hours, Δt:   3.73, CFL: 7.20e-01
i:  45300, t:   235543.6 s (5.28 periods), wall: 4.314 hours, Δt:   3.85, CFL: 7.20e-01
i:  45400, t:   235915.3 s (5.28 periods), wall: 4.322 hours, Δt:   3.81, CFL: 7.20e-01
i:  45500, t:   236300.8 s (5.29 periods), wall: 4.330 hours, Δt:   3.72, CFL: 7.20e-01
i:  45600, t:   236674.2 s (5.30 periods), wall: 4.338 hours, Δt:   3.81, CFL: 7.20e-01
i:  45700, t:   237030.7 s (5.31 periods), wall: 4.346 hours, Δt:   3.54, CFL: 7.20e-01
i:  45800, t:   237376.7 s (5.32 periods), wall: 4.354 hours, Δt:   3.35, CFL: 7.20e-01
i:  45900, t:   237715.1 s (5.33 periods), wall: 4.363 hours, Δt:   3.53, CFL: 7.20e-01
i:  46000, t:   238066.1 s (5.33 periods), wall: 4.371 hours, Δt:   3.54, CFL: 7.20e-01
i:  46100, t:   238425.0 s (5.34 periods), wall: 4.379 hours, Δt:   3.68, CFL: 7.20e-01
i:  46200, t:   238790.6 s (5.35 periods), wall: 4.387 hours, Δt:   3.66, CFL: 7.20e-01
i:  46300, t:   239166.1 s (5.36 periods), wall: 4.395 hours, Δt:   3.83, CFL: 7.20e-01
i:  46400, t:   239575.1 s (5.37 periods), wall: 4.403 hours, Δt:   4.30, CFL: 7.20e-01
i:  46500, t:   239987.6 s (5.38 periods), wall: 4.411 hours, Δt:   4.46, CFL: 7.20e-01
i:  46600, t:   240440.7 s (5.39 periods), wall: 4.419 hours, Δt:   4.40, CFL: 7.20e-01
i:  46700, t:   240904.8 s (5.40 periods), wall: 4.427 hours, Δt:   4.78, CFL: 7.20e-01
i:  46800, t:   241387.4 s (5.41 periods), wall: 4.435 hours, Δt:   4.84, CFL: 7.20e-01
i:  46900, t:   241876.9 s (5.42 periods), wall: 4.443 hours, Δt:   5.47, CFL: 7.20e-01
i:  47000, t:   242483.8 s (5.43 periods), wall: 4.451 hours, Δt:   6.80, CFL: 7.20e-01
i:  47100, t:   243178.8 s (5.45 periods), wall: 4.459 hours, Δt:   7.68, CFL: 7.20e-01
i:  47200, t:   243922.5 s (5.46 periods), wall: 4.467 hours, Δt:   8.62, CFL: 7.20e-01
i:  47300, t:   244791.8 s (5.48 periods), wall: 4.474 hours, Δt:   9.63, CFL: 7.20e-01
i:  47400, t:   245700.0 s (5.50 periods), wall: 4.482 hours, Δt:   8.53, CFL: 7.20e-01
i:  47500, t:   246476.2 s (5.52 periods), wall: 4.490 hours, Δt:   7.96, CFL: 7.20e-01
i:  47600, t:   247246.2 s (5.54 periods), wall: 4.498 hours, Δt:   7.43, CFL: 7.20e-01
i:  47700, t:   247982.5 s (5.56 periods), wall: 4.506 hours, Δt:   7.32, CFL: 7.20e-01
i:  47800, t:   248671.8 s (5.57 periods), wall: 4.514 hours, Δt:   6.69, CFL: 7.20e-01
i:  47900, t:   249309.6 s (5.58 periods), wall: 4.522 hours, Δt:   6.14, CFL: 7.20e-01
i:  48000, t:   249903.3 s (5.60 periods), wall: 4.530 hours, Δt:   5.89, CFL: 7.20e-01
i:  48100, t:   250462.3 s (5.61 periods), wall: 4.538 hours, Δt:   5.22, CFL: 7.20e-01
i:  48200, t:   250962.4 s (5.62 periods), wall: 4.546 hours, Δt:   5.03, CFL: 7.20e-01
i:  48300, t:   251460.4 s (5.63 periods), wall: 4.554 hours, Δt:   5.09, CFL: 7.20e-01
i:  48400, t:   251956.2 s (5.64 periods), wall: 4.562 hours, Δt:   4.87, CFL: 7.20e-01
i:  48500, t:   252438.8 s (5.65 periods), wall: 4.570 hours, Δt:   4.74, CFL: 7.20e-01
i:  48600, t:   252899.9 s (5.67 periods), wall: 4.578 hours, Δt:   4.74, CFL: 7.20e-01
i:  48700, t:   253364.6 s (5.68 periods), wall: 4.586 hours, Δt:   4.65, CFL: 7.20e-01
i:  48800, t:   253819.7 s (5.69 periods), wall: 4.594 hours, Δt:   4.59, CFL: 7.20e-01
i:  48900, t:   254269.6 s (5.70 periods), wall: 4.602 hours, Δt:   4.44, CFL: 7.20e-01
i:  49000, t:   254701.7 s (5.71 periods), wall: 4.610 hours, Δt:   4.39, CFL: 7.20e-01
i:  49100, t:   255130.7 s (5.72 periods), wall: 4.619 hours, Δt:   4.37, CFL: 7.20e-01
i:  49200, t:   255561.3 s (5.72 periods), wall: 4.627 hours, Δt:   4.31, CFL: 7.20e-01
i:  49300, t:   255989.8 s (5.73 periods), wall: 4.635 hours, Δt:   4.34, CFL: 7.20e-01
i:  49400, t:   256418.8 s (5.74 periods), wall: 4.643 hours, Δt:   4.30, CFL: 7.20e-01
i:  49500, t:   256835.1 s (5.75 periods), wall: 4.651 hours, Δt:   4.10, CFL: 7.20e-01
i:  49600, t:   257235.0 s (5.76 periods), wall: 4.659 hours, Δt:   4.00, CFL: 7.20e-01
i:  49700, t:   257627.8 s (5.77 periods), wall: 4.667 hours, Δt:   3.93, CFL: 7.20e-01
i:  49800, t:   258013.2 s (5.78 periods), wall: 4.675 hours, Δt:   3.91, CFL: 7.20e-01
i:  49900, t:   258399.0 s (5.79 periods), wall: 4.684 hours, Δt:   3.90, CFL: 7.20e-01
i:  50000, t:   258787.8 s (5.80 periods), wall: 4.692 hours, Δt:   3.92, CFL: 7.20e-01
i:  50100, t:   259175.1 s (5.81 periods), wall: 4.701 hours, Δt:   4.03, CFL: 7.20e-01
i:  50200, t:   259590.4 s (5.82 periods), wall: 4.709 hours, Δt:   4.41, CFL: 7.20e-01
i:  50300, t:   260006.3 s (5.82 periods), wall: 4.717 hours, Δt:   4.04, CFL: 7.20e-01
i:  50400, t:   260405.2 s (5.83 periods), wall: 4.725 hours, Δt:   3.79, CFL: 7.20e-01
i:  50500, t:   260772.2 s (5.84 periods), wall: 4.733 hours, Δt:   4.10, CFL: 7.20e-01
i:  50600, t:   261176.7 s (5.85 periods), wall: 4.741 hours, Δt:   4.13, CFL: 7.20e-01
i:  50700, t:   261580.8 s (5.86 periods), wall: 4.749 hours, Δt:   3.94, CFL: 7.20e-01
i:  50800, t:   261977.5 s (5.87 periods), wall: 4.757 hours, Δt:   3.95, CFL: 7.20e-01
i:  50900, t:   262365.2 s (5.88 periods), wall: 4.767 hours, Δt:   3.94, CFL: 7.20e-01
i:  51000, t:   262775.7 s (5.89 periods), wall: 4.776 hours, Δt:   4.31, CFL: 7.20e-01
i:  51100, t:   263205.7 s (5.90 periods), wall: 4.784 hours, Δt:   4.52, CFL: 7.20e-01
i:  51200, t:   263645.3 s (5.91 periods), wall: 4.793 hours, Δt:   4.69, CFL: 7.20e-01
i:  51300, t:   264150.4 s (5.92 periods), wall: 4.801 hours, Δt:   5.82, CFL: 7.20e-01
i:  51400, t:   264774.9 s (5.93 periods), wall: 4.810 hours, Δt:   6.75, CFL: 7.20e-01
i:  51500, t:   265426.2 s (5.95 periods), wall: 4.818 hours, Δt:   6.86, CFL: 7.20e-01
i:  51600, t:   266113.9 s (5.96 periods), wall: 4.826 hours, Δt:   7.28, CFL: 7.20e-01
i:  51700, t:   266898.5 s (5.98 periods), wall: 4.835 hours, Δt:   9.23, CFL: 7.20e-01
i:  51800, t:   267790.2 s (6.00 periods), wall: 4.843 hours, Δt:   9.14, CFL: 7.20e-01
================ Case Ri0 : profiles ================
[ Info: Case Ri0: Ri = 0, N² = 0 s⁻², δ = 0.397 m, Re_δ = 1790, 6 periods
[ Info: Saved profile plots for Ri0 in output_Ri0/
================ Case Ri0 : animation ================
[ Info: Case Ri0: Ri = 0, N² = 0 s⁻², δ = 0.397 m, Re_δ = 1790, 6 periods
[ Info: Making an animation from 1201 frames...
[ Info: Frame 100 / 1201
[ Info: Frame 200 / 1201
[ Info: Frame 300 / 1201
[ Info: Frame 400 / 1201
[ Info: Frame 500 / 1201
[ Info: Frame 600 / 1201
[ Info: Frame 700 / 1201
[ Info: Frame 800 / 1201
[ Info: Frame 900 / 1201
[ Info: Frame 1000 / 1201
[ Info: Frame 1100 / 1201
[ Info: Frame 1200 / 1201
[ Info: Saved animation to /Users/tianlangliu/Documents/OCEAN BML PROJECT/output_Ri0/animation_Ri0.mp4
[ Info: Saved animation for Ri0 in output_Ri0/
================ Case Ri500 : simulation ================
[ Info: Oceananigans will use 4 threads
[ Info: Case Ri500: Ri = 500, N² = 9.906e-06 s⁻², δ = 0.397 m, Re_δ = 1790, 4 periods
[ Info: Bottom Δz = 0.0869 m (4.6 points across δ); Δx = 0.417 m, Δy = 0.208 m
[ Info: Initializing velocities from Ri=0 spin-up: output_Ri0/TidalBL3D_Ri0_fields.jld2
[ Info: Using snapshot 13/13 (t = 6.00 periods of the spin-up)
[ Info: x-y slice at k = 6 (z = 0.478 m ≈ δ)
[ Info: Initializing simulation...
[ Info:     ... simulation initialization complete (23.562 seconds)
[ Info: Executing initial time step...
[ Info:     ... initial time step complete (4.139 seconds).
[ Info: Simulation is stopping after running for 2.962 hours.
[ Info: Simulation time 2.067 days equals or exceeds stop time 2.067 days.
i:      0, t:        0.0 s (0.00 periods), wall: 15.928 seconds, Δt:   1.10, CFL: 8.47e-02
i:    100, t:      175.3 s (0.00 periods), wall: 1.164 minutes, Δt:   2.85, CFL: 2.19e-01
i:    200, t:      624.9 s (0.01 periods), wall: 1.639 minutes, Δt:   7.40, CFL: 5.45e-01
i:    300, t:     1521.1 s (0.03 periods), wall: 2.151 minutes, Δt:   9.16, CFL: 7.20e-01
i:    400, t:     2422.8 s (0.05 periods), wall: 2.649 minutes, Δt:   9.03, CFL: 7.20e-01
i:    500, t:     3242.4 s (0.07 periods), wall: 3.147 minutes, Δt:   7.65, CFL: 7.20e-01
i:    600, t:     3980.7 s (0.09 periods), wall: 3.637 minutes, Δt:   7.45, CFL: 7.20e-01
i:    700, t:     4680.8 s (0.10 periods), wall: 4.129 minutes, Δt:   6.72, CFL: 7.20e-01
i:    800, t:     5338.0 s (0.12 periods), wall: 4.627 minutes, Δt:   6.57, CFL: 7.20e-01
i:    900, t:     5974.9 s (0.13 periods), wall: 5.128 minutes, Δt:   6.25, CFL: 7.20e-01
i:   1000, t:     6575.7 s (0.15 periods), wall: 5.625 minutes, Δt:   6.00, CFL: 7.20e-01
i:   1100, t:     7154.0 s (0.16 periods), wall: 6.126 minutes, Δt:   5.80, CFL: 7.20e-01
i:   1200, t:     7716.1 s (0.17 periods), wall: 6.623 minutes, Δt:   5.50, CFL: 7.20e-01
i:   1300, t:     8258.4 s (0.18 periods), wall: 7.222 minutes, Δt:   5.45, CFL: 7.20e-01
i:   1400, t:     8790.3 s (0.20 periods), wall: 7.734 minutes, Δt:   5.32, CFL: 7.20e-01
i:   1500, t:     9314.1 s (0.21 periods), wall: 8.240 minutes, Δt:   5.28, CFL: 7.20e-01
i:   1600, t:     9831.2 s (0.22 periods), wall: 8.737 minutes, Δt:   5.21, CFL: 7.20e-01
i:   1700, t:    10350.0 s (0.23 periods), wall: 9.233 minutes, Δt:   5.18, CFL: 7.20e-01
i:   1800, t:    10858.1 s (0.24 periods), wall: 9.725 minutes, Δt:   5.18, CFL: 7.20e-01
i:   1900, t:    11366.4 s (0.25 periods), wall: 10.220 minutes, Δt:   5.17, CFL: 7.20e-01
i:   2000, t:    11876.6 s (0.27 periods), wall: 10.718 minutes, Δt:   5.22, CFL: 7.20e-01
i:   2100, t:    12395.7 s (0.28 periods), wall: 11.350 minutes, Δt:   5.22, CFL: 7.20e-01
i:   2200, t:    12919.8 s (0.29 periods), wall: 11.878 minutes, Δt:   5.36, CFL: 7.20e-01
i:   2300, t:    13451.9 s (0.30 periods), wall: 12.427 minutes, Δt:   5.47, CFL: 7.20e-01
i:   2400, t:    13999.8 s (0.31 periods), wall: 13.004 minutes, Δt:   5.58, CFL: 7.20e-01
i:   2500, t:    14560.1 s (0.33 periods), wall: 13.562 minutes, Δt:   5.78, CFL: 7.20e-01
i:   2600, t:    15147.2 s (0.34 periods), wall: 14.109 minutes, Δt:   6.08, CFL: 7.20e-01
i:   2700, t:    15762.6 s (0.35 periods), wall: 14.620 minutes, Δt:   6.39, CFL: 7.20e-01
i:   2800, t:    16408.5 s (0.37 periods), wall: 15.125 minutes, Δt:   6.84, CFL: 7.20e-01
i:   2900, t:    17099.1 s (0.38 periods), wall: 15.627 minutes, Δt:   7.18, CFL: 7.20e-01
i:   3000, t:    17831.1 s (0.40 periods), wall: 16.179 minutes, Δt:   7.69, CFL: 7.20e-01
i:   3100, t:    18499.5 s (0.41 periods), wall: 16.681 minutes, Δt:   4.66, CFL: 7.20e-01
i:   3200, t:    18969.8 s (0.42 periods), wall: 17.178 minutes, Δt:   4.59, CFL: 7.20e-01
i:   3300, t:    19418.4 s (0.44 periods), wall: 17.676 minutes, Δt:   4.94, CFL: 7.20e-01
i:   3400, t:    19907.6 s (0.45 periods), wall: 18.189 minutes, Δt:   5.05, CFL: 7.20e-01
i:   3500, t:    20502.5 s (0.46 periods), wall: 18.690 minutes, Δt:   7.15, CFL: 7.20e-01
i:   3600, t:    21276.9 s (0.48 periods), wall: 19.192 minutes, Δt:   9.65, CFL: 7.20e-01
i:   3700, t:    22382.4 s (0.50 periods), wall: 19.697 minutes, Δt:  12.67, CFL: 7.20e-01
i:   3800, t:    23476.7 s (0.53 periods), wall: 20.207 minutes, Δt:  10.54, CFL: 7.20e-01
i:   3900, t:    24562.7 s (0.55 periods), wall: 20.705 minutes, Δt:  10.69, CFL: 7.20e-01
i:   4000, t:    25529.8 s (0.57 periods), wall: 21.205 minutes, Δt:   9.36, CFL: 7.20e-01
i:   4100, t:    26396.4 s (0.59 periods), wall: 21.700 minutes, Δt:   8.31, CFL: 7.20e-01
i:   4200, t:    27186.2 s (0.61 periods), wall: 22.197 minutes, Δt:   7.66, CFL: 7.20e-01
i:   4300, t:    27907.1 s (0.63 periods), wall: 22.694 minutes, Δt:   7.03, CFL: 7.20e-01
i:   4400, t:    28576.2 s (0.64 periods), wall: 23.198 minutes, Δt:   6.57, CFL: 7.20e-01
i:   4500, t:    29212.9 s (0.65 periods), wall: 23.693 minutes, Δt:   6.27, CFL: 7.20e-01
i:   4600, t:    29819.8 s (0.67 periods), wall: 24.190 minutes, Δt:   6.05, CFL: 7.20e-01
i:   4700, t:    30408.1 s (0.68 periods), wall: 24.687 minutes, Δt:   5.83, CFL: 7.20e-01
i:   4800, t:    30979.2 s (0.69 periods), wall: 25.244 minutes, Δt:   5.72, CFL: 7.20e-01
i:   4900, t:    31538.7 s (0.71 periods), wall: 25.755 minutes, Δt:   5.62, CFL: 7.20e-01
i:   5000, t:    32089.4 s (0.72 periods), wall: 26.281 minutes, Δt:   5.54, CFL: 7.20e-01
i:   5100, t:    32631.1 s (0.73 periods), wall: 26.839 minutes, Δt:   5.48, CFL: 7.20e-01
i:   5200, t:    33175.7 s (0.74 periods), wall: 27.393 minutes, Δt:   5.46, CFL: 7.20e-01
i:   5300, t:    33719.6 s (0.76 periods), wall: 27.958 minutes, Δt:   5.47, CFL: 7.20e-01
i:   5400, t:    34265.4 s (0.77 periods), wall: 28.544 minutes, Δt:   5.54, CFL: 7.20e-01
i:   5500, t:    34813.1 s (0.78 periods), wall: 29.145 minutes, Δt:   5.60, CFL: 7.20e-01
i:   5600, t:    35367.7 s (0.79 periods), wall: 29.746 minutes, Δt:   5.68, CFL: 7.20e-01
i:   5700, t:    35935.2 s (0.80 periods), wall: 30.300 minutes, Δt:   5.84, CFL: 7.20e-01
i:   5800, t:    36519.0 s (0.82 periods), wall: 30.867 minutes, Δt:   6.00, CFL: 7.20e-01
i:   5900, t:    37119.3 s (0.83 periods), wall: 31.423 minutes, Δt:   6.22, CFL: 7.20e-01
i:   6000, t:    37746.9 s (0.85 periods), wall: 31.977 minutes, Δt:   6.57, CFL: 7.20e-01
i:   6100, t:    38411.1 s (0.86 periods), wall: 32.527 minutes, Δt:   6.89, CFL: 7.20e-01
i:   6200, t:    39104.1 s (0.88 periods), wall: 33.068 minutes, Δt:   7.43, CFL: 7.20e-01
i:   6300, t:    39813.9 s (0.89 periods), wall: 33.657 minutes, Δt:   7.05, CFL: 7.20e-01
i:   6400, t:    40459.5 s (0.91 periods), wall: 34.200 minutes, Δt:   5.39, CFL: 7.20e-01
i:   6500, t:    40989.1 s (0.92 periods), wall: 34.742 minutes, Δt:   5.35, CFL: 7.20e-01
i:   6600, t:    41486.4 s (0.93 periods), wall: 35.300 minutes, Δt:   5.05, CFL: 7.20e-01
i:   6700, t:    42034.6 s (0.94 periods), wall: 35.860 minutes, Δt:   6.36, CFL: 7.20e-01
i:   6800, t:    42754.0 s (0.96 periods), wall: 36.464 minutes, Δt:   8.86, CFL: 7.20e-01
i:   6900, t:    43826.2 s (0.98 periods), wall: 37.028 minutes, Δt:  14.44, CFL: 7.20e-01
i:   7000, t:    45110.8 s (1.01 periods), wall: 37.623 minutes, Δt:  11.85, CFL: 7.20e-01
i:   7100, t:    46258.8 s (1.04 periods), wall: 38.250 minutes, Δt:  11.06, CFL: 7.20e-01
i:   7200, t:    47257.2 s (1.06 periods), wall: 38.864 minutes, Δt:   9.32, CFL: 7.20e-01
i:   7300, t:    48137.1 s (1.08 periods), wall: 39.486 minutes, Δt:   8.61, CFL: 7.20e-01
i:   7400, t:    48943.7 s (1.10 periods), wall: 40.081 minutes, Δt:   7.80, CFL: 7.20e-01
i:   7500, t:    49681.2 s (1.11 periods), wall: 40.653 minutes, Δt:   7.18, CFL: 7.20e-01
i:   7600, t:    50358.5 s (1.13 periods), wall: 41.231 minutes, Δt:   6.52, CFL: 7.20e-01
i:   7700, t:    50983.9 s (1.14 periods), wall: 41.802 minutes, Δt:   6.25, CFL: 7.20e-01
i:   7800, t:    51589.5 s (1.16 periods), wall: 42.394 minutes, Δt:   6.04, CFL: 7.20e-01
i:   7900, t:    52175.0 s (1.17 periods), wall: 42.952 minutes, Δt:   5.78, CFL: 7.20e-01
i:   8000, t:    52731.3 s (1.18 periods), wall: 43.500 minutes, Δt:   5.56, CFL: 7.20e-01
i:   8100, t:    53273.9 s (1.19 periods), wall: 44.093 minutes, Δt:   5.44, CFL: 7.20e-01
i:   8200, t:    53801.9 s (1.21 periods), wall: 44.646 minutes, Δt:   5.32, CFL: 7.20e-01
i:   8300, t:    54326.5 s (1.22 periods), wall: 45.226 minutes, Δt:   5.21, CFL: 7.20e-01
i:   8400, t:    54845.2 s (1.23 periods), wall: 45.821 minutes, Δt:   5.17, CFL: 7.20e-01
i:   8500, t:    55352.2 s (1.24 periods), wall: 46.367 minutes, Δt:   5.15, CFL: 7.20e-01
i:   8600, t:    55857.0 s (1.25 periods), wall: 46.900 minutes, Δt:   5.22, CFL: 7.20e-01
i:   8700, t:    56377.6 s (1.26 periods), wall: 47.455 minutes, Δt:   5.25, CFL: 7.20e-01
i:   8800, t:    56898.8 s (1.27 periods), wall: 47.995 minutes, Δt:   5.31, CFL: 7.20e-01
i:   8900, t:    57421.2 s (1.29 periods), wall: 48.546 minutes, Δt:   5.34, CFL: 7.20e-01
i:   9000, t:    57955.9 s (1.30 periods), wall: 49.143 minutes, Δt:   5.48, CFL: 7.20e-01
i:   9100, t:    58500.8 s (1.31 periods), wall: 49.708 minutes, Δt:   5.62, CFL: 7.20e-01
i:   9200, t:    59062.8 s (1.32 periods), wall: 50.246 minutes, Δt:   5.80, CFL: 7.20e-01
i:   9300, t:    59642.5 s (1.34 periods), wall: 50.777 minutes, Δt:   6.01, CFL: 7.20e-01
i:   9400, t:    60246.6 s (1.35 periods), wall: 51.279 minutes, Δt:   6.35, CFL: 7.20e-01
i:   9500, t:    60881.6 s (1.36 periods), wall: 51.790 minutes, Δt:   6.67, CFL: 7.20e-01
i:   9600, t:    61562.5 s (1.38 periods), wall: 52.295 minutes, Δt:   7.12, CFL: 7.20e-01
i:   9700, t:    62296.2 s (1.40 periods), wall: 52.806 minutes, Δt:   7.81, CFL: 7.20e-01
i:   9800, t:    63094.1 s (1.41 periods), wall: 53.307 minutes, Δt:   8.50, CFL: 7.20e-01
i:   9900, t:    63865.2 s (1.43 periods), wall: 53.807 minutes, Δt:   7.36, CFL: 7.20e-01
i:  10000, t:    64440.7 s (1.44 periods), wall: 54.317 minutes, Δt:   4.56, CFL: 7.20e-01
i:  10100, t:    64908.4 s (1.45 periods), wall: 54.819 minutes, Δt:   5.98, CFL: 7.20e-01
i:  10200, t:    65516.0 s (1.47 periods), wall: 55.327 minutes, Δt:   7.01, CFL: 7.20e-01
i:  10300, t:    66316.9 s (1.49 periods), wall: 55.835 minutes, Δt:   8.75, CFL: 7.20e-01
i:  10400, t:    67314.7 s (1.51 periods), wall: 56.418 minutes, Δt:  11.49, CFL: 7.20e-01
i:  10500, t:    68319.8 s (1.53 periods), wall: 57.037 minutes, Δt:  10.82, CFL: 7.20e-01
i:  10600, t:    69375.6 s (1.55 periods), wall: 57.614 minutes, Δt:  10.11, CFL: 7.20e-01
i:  10700, t:    70326.4 s (1.58 periods), wall: 58.179 minutes, Δt:   9.08, CFL: 7.20e-01
i:  10800, t:    71161.6 s (1.59 periods), wall: 58.833 minutes, Δt:   7.85, CFL: 7.20e-01
i:  10900, t:    71914.8 s (1.61 periods), wall: 59.402 minutes, Δt:   7.33, CFL: 7.20e-01
i:  11000, t:    72615.9 s (1.63 periods), wall: 1.001 hours, Δt:   6.80, CFL: 7.20e-01
i:  11100, t:    73267.9 s (1.64 periods), wall: 1.011 hours, Δt:   6.45, CFL: 7.20e-01
i:  11200, t:    73885.4 s (1.66 periods), wall: 1.021 hours, Δt:   6.14, CFL: 7.20e-01
i:  11300, t:    74487.5 s (1.67 periods), wall: 1.030 hours, Δt:   5.97, CFL: 7.20e-01
i:  11400, t:    75065.6 s (1.68 periods), wall: 1.041 hours, Δt:   5.81, CFL: 7.20e-01
i:  11500, t:    75636.9 s (1.69 periods), wall: 1.051 hours, Δt:   5.72, CFL: 7.20e-01
i:  11600, t:    76195.5 s (1.71 periods), wall: 1.061 hours, Δt:   5.57, CFL: 7.20e-01
i:  11700, t:    76745.3 s (1.72 periods), wall: 1.071 hours, Δt:   5.51, CFL: 7.20e-01
i:  11800, t:    77286.9 s (1.73 periods), wall: 1.080 hours, Δt:   5.44, CFL: 7.20e-01
i:  11900, t:    77820.9 s (1.74 periods), wall: 1.090 hours, Δt:   5.45, CFL: 7.20e-01
i:  12000, t:    78365.2 s (1.76 periods), wall: 1.100 hours, Δt:   5.49, CFL: 7.20e-01
i:  12100, t:    78911.2 s (1.77 periods), wall: 1.111 hours, Δt:   5.53, CFL: 7.20e-01
i:  12200, t:    79459.1 s (1.78 periods), wall: 1.121 hours, Δt:   5.59, CFL: 7.20e-01
i:  12300, t:    80013.3 s (1.79 periods), wall: 1.131 hours, Δt:   5.68, CFL: 7.20e-01
i:  12400, t:    80581.0 s (1.81 periods), wall: 1.140 hours, Δt:   5.83, CFL: 7.20e-01
i:  12500, t:    81165.9 s (1.82 periods), wall: 1.150 hours, Δt:   6.05, CFL: 7.20e-01
i:  12600, t:    81765.9 s (1.83 periods), wall: 1.160 hours, Δt:   6.24, CFL: 7.20e-01
i:  12700, t:    82393.7 s (1.85 periods), wall: 1.170 hours, Δt:   6.61, CFL: 7.20e-01
i:  12800, t:    83058.3 s (1.86 periods), wall: 1.180 hours, Δt:   7.04, CFL: 7.20e-01
i:  12900, t:    83766.9 s (1.88 periods), wall: 1.190 hours, Δt:   7.49, CFL: 7.20e-01
i:  13000, t:    84527.6 s (1.89 periods), wall: 1.200 hours, Δt:   7.84, CFL: 7.20e-01
i:  13100, t:    85238.4 s (1.91 periods), wall: 1.209 hours, Δt:   6.58, CFL: 7.20e-01
i:  13200, t:    85845.6 s (1.92 periods), wall: 1.219 hours, Δt:   6.46, CFL: 7.20e-01
i:  13300, t:    86441.9 s (1.94 periods), wall: 1.229 hours, Δt:   5.73, CFL: 7.20e-01
i:  13400, t:    87048.0 s (1.95 periods), wall: 1.238 hours, Δt:   6.43, CFL: 7.20e-01
i:  13500, t:    87732.4 s (1.97 periods), wall: 1.247 hours, Δt:   7.41, CFL: 7.20e-01
i:  13600, t:    88594.6 s (1.98 periods), wall: 1.256 hours, Δt:   9.73, CFL: 7.20e-01
i:  13700, t:    89709.4 s (2.01 periods), wall: 1.265 hours, Δt:  10.95, CFL: 7.20e-01
i:  13800, t:    90756.0 s (2.03 periods), wall: 1.274 hours, Δt:  10.43, CFL: 7.20e-01
i:  13900, t:    91717.4 s (2.05 periods), wall: 1.283 hours, Δt:   9.13, CFL: 7.20e-01
i:  14000, t:    92606.8 s (2.07 periods), wall: 1.292 hours, Δt:   8.60, CFL: 7.20e-01
i:  14100, t:    93416.4 s (2.09 periods), wall: 1.301 hours, Δt:   7.81, CFL: 7.20e-01
i:  14200, t:    94149.7 s (2.11 periods), wall: 1.309 hours, Δt:   7.19, CFL: 7.20e-01
i:  14300, t:    94843.6 s (2.12 periods), wall: 1.318 hours, Δt:   6.80, CFL: 7.20e-01
i:  14400, t:    95486.7 s (2.14 periods), wall: 1.327 hours, Δt:   6.36, CFL: 7.20e-01
i:  14500, t:    96104.8 s (2.15 periods), wall: 1.338 hours, Δt:   6.10, CFL: 7.20e-01
i:  14600, t:    96692.8 s (2.17 periods), wall: 1.349 hours, Δt:   5.86, CFL: 7.20e-01
i:  14700, t:    97263.8 s (2.18 periods), wall: 1.359 hours, Δt:   5.69, CFL: 7.20e-01
i:  14800, t:    97816.9 s (2.19 periods), wall: 1.370 hours, Δt:   5.56, CFL: 7.20e-01
i:  14900, t:    98360.8 s (2.20 periods), wall: 1.380 hours, Δt:   5.44, CFL: 7.20e-01
i:  15000, t:    98893.6 s (2.22 periods), wall: 1.391 hours, Δt:   5.35, CFL: 7.20e-01
i:  15100, t:    99419.3 s (2.23 periods), wall: 1.403 hours, Δt:   5.25, CFL: 7.20e-01
i:  15200, t:    99939.7 s (2.24 periods), wall: 1.414 hours, Δt:   5.27, CFL: 7.20e-01
i:  15300, t:   100455.8 s (2.25 periods), wall: 1.425 hours, Δt:   5.26, CFL: 7.20e-01
i:  15400, t:   100975.9 s (2.26 periods), wall: 1.435 hours, Δt:   5.25, CFL: 7.20e-01
i:  15500, t:   101498.2 s (2.27 periods), wall: 1.445 hours, Δt:   5.34, CFL: 7.20e-01
i:  15600, t:   102029.5 s (2.29 periods), wall: 1.455 hours, Δt:   5.41, CFL: 7.20e-01
i:  15700, t:   102564.2 s (2.30 periods), wall: 1.466 hours, Δt:   5.51, CFL: 7.20e-01
i:  15800, t:   103113.9 s (2.31 periods), wall: 1.477 hours, Δt:   5.65, CFL: 7.20e-01
i:  15900, t:   103674.3 s (2.32 periods), wall: 1.486 hours, Δt:   5.81, CFL: 7.20e-01
i:  16000, t:   104258.5 s (2.34 periods), wall: 1.496 hours, Δt:   6.05, CFL: 7.20e-01
i:  16100, t:   104876.2 s (2.35 periods), wall: 1.506 hours, Δt:   6.38, CFL: 7.20e-01
i:  16200, t:   105517.1 s (2.36 periods), wall: 1.517 hours, Δt:   6.77, CFL: 7.20e-01
i:  16300, t:   106206.5 s (2.38 periods), wall: 1.528 hours, Δt:   7.15, CFL: 7.20e-01
i:  16400, t:   106877.4 s (2.39 periods), wall: 1.543 hours, Δt:   6.21, CFL: 7.20e-01
i:  16500, t:   107408.6 s (2.41 periods), wall: 1.555 hours, Δt:   5.29, CFL: 7.20e-01
i:  16600, t:   107946.4 s (2.42 periods), wall: 1.565 hours, Δt:   4.94, CFL: 7.20e-01
i:  16700, t:   108464.5 s (2.43 periods), wall: 1.576 hours, Δt:   5.59, CFL: 7.20e-01
i:  16800, t:   108973.4 s (2.44 periods), wall: 1.589 hours, Δt:   5.27, CFL: 7.20e-01
i:  16900, t:   109537.1 s (2.45 periods), wall: 1.603 hours, Δt:   5.92, CFL: 7.20e-01
i:  17000, t:   110260.4 s (2.47 periods), wall: 1.616 hours, Δt:   9.33, CFL: 7.20e-01
i:  17100, t:   111355.8 s (2.49 periods), wall: 1.630 hours, Δt:  11.73, CFL: 7.20e-01
i:  17200, t:   112524.4 s (2.52 periods), wall: 1.642 hours, Δt:  10.68, CFL: 7.20e-01
i:  17300, t:   113592.6 s (2.54 periods), wall: 1.655 hours, Δt:  10.37, CFL: 7.20e-01
i:  17400, t:   114557.5 s (2.57 periods), wall: 1.668 hours, Δt:   9.23, CFL: 7.20e-01
i:  17500, t:   115428.4 s (2.59 periods), wall: 1.681 hours, Δt:   8.41, CFL: 7.20e-01
i:  17600, t:   116205.0 s (2.60 periods), wall: 1.694 hours, Δt:   7.31, CFL: 7.20e-01
i:  17700, t:   116909.2 s (2.62 periods), wall: 1.707 hours, Δt:   6.99, CFL: 7.20e-01
i:  17800, t:   117585.2 s (2.63 periods), wall: 1.721 hours, Δt:   6.64, CFL: 7.20e-01
i:  17900, t:   118224.9 s (2.65 periods), wall: 1.734 hours, Δt:   6.28, CFL: 7.20e-01
i:  18000, t:   118833.8 s (2.66 periods), wall: 1.747 hours, Δt:   6.06, CFL: 7.20e-01
i:  18100, t:   119423.9 s (2.68 periods), wall: 1.759 hours, Δt:   5.90, CFL: 7.20e-01
i:  18200, t:   120002.2 s (2.69 periods), wall: 1.771 hours, Δt:   5.72, CFL: 7.20e-01
i:  18300, t:   120561.7 s (2.70 periods), wall: 1.784 hours, Δt:   5.60, CFL: 7.20e-01
i:  18400, t:   121112.9 s (2.71 periods), wall: 1.796 hours, Δt:   5.49, CFL: 7.20e-01
i:  18500, t:   121655.0 s (2.73 periods), wall: 1.808 hours, Δt:   5.50, CFL: 7.20e-01
i:  18600, t:   122199.0 s (2.74 periods), wall: 1.821 hours, Δt:   5.43, CFL: 7.20e-01
i:  18700, t:   122732.5 s (2.75 periods), wall: 1.834 hours, Δt:   5.43, CFL: 7.20e-01
i:  18800, t:   123261.0 s (2.76 periods), wall: 1.846 hours, Δt:   5.47, CFL: 7.20e-01
i:  18900, t:   123806.6 s (2.77 periods), wall: 1.858 hours, Δt:   5.51, CFL: 7.20e-01
i:  19000, t:   124350.2 s (2.79 periods), wall: 1.871 hours, Δt:   5.57, CFL: 7.20e-01
i:  19100, t:   124910.8 s (2.80 periods), wall: 1.883 hours, Δt:   5.72, CFL: 7.20e-01
i:  19200, t:   125478.7 s (2.81 periods), wall: 1.895 hours, Δt:   5.76, CFL: 7.20e-01
i:  19300, t:   126055.1 s (2.82 periods), wall: 1.908 hours, Δt:   5.91, CFL: 7.20e-01
i:  19400, t:   126643.9 s (2.84 periods), wall: 1.920 hours, Δt:   5.94, CFL: 7.20e-01
i:  19500, t:   127249.0 s (2.85 periods), wall: 1.932 hours, Δt:   6.28, CFL: 7.20e-01
i:  19600, t:   127815.4 s (2.86 periods), wall: 1.944 hours, Δt:   5.68, CFL: 7.20e-01
i:  19700, t:   128380.3 s (2.88 periods), wall: 1.957 hours, Δt:   5.52, CFL: 7.20e-01
i:  19800, t:   128902.1 s (2.89 periods), wall: 1.969 hours, Δt:   4.90, CFL: 7.20e-01
i:  19900, t:   129418.3 s (2.90 periods), wall: 1.981 hours, Δt:   5.02, CFL: 7.20e-01
i:  20000, t:   129948.0 s (2.91 periods), wall: 1.993 hours, Δt:   5.77, CFL: 7.20e-01
i:  20100, t:   130493.6 s (2.92 periods), wall: 2.005 hours, Δt:   5.11, CFL: 7.20e-01
i:  20200, t:   131029.7 s (2.94 periods), wall: 2.018 hours, Δt:   5.72, CFL: 7.20e-01
i:  20300, t:   131662.7 s (2.95 periods), wall: 2.030 hours, Δt:   6.65, CFL: 7.20e-01
i:  20400, t:   132366.0 s (2.97 periods), wall: 2.042 hours, Δt:   8.96, CFL: 7.20e-01
i:  20500, t:   133413.1 s (2.99 periods), wall: 2.054 hours, Δt:  11.92, CFL: 7.20e-01
i:  20600, t:   134589.6 s (3.02 periods), wall: 2.066 hours, Δt:  11.83, CFL: 7.20e-01
i:  20700, t:   135638.7 s (3.04 periods), wall: 2.079 hours, Δt:  10.38, CFL: 7.20e-01
i:  20800, t:   136590.2 s (3.06 periods), wall: 2.091 hours, Δt:   8.98, CFL: 7.20e-01
i:  20900, t:   137422.7 s (3.08 periods), wall: 2.103 hours, Δt:   8.01, CFL: 7.20e-01
i:  21000, t:   138183.3 s (3.10 periods), wall: 2.116 hours, Δt:   7.41, CFL: 7.20e-01
i:  21100, t:   138893.2 s (3.11 periods), wall: 2.129 hours, Δt:   6.91, CFL: 7.20e-01
i:  21200, t:   139552.1 s (3.13 periods), wall: 2.142 hours, Δt:   6.49, CFL: 7.20e-01
i:  21300, t:   140182.0 s (3.14 periods), wall: 2.155 hours, Δt:   6.16, CFL: 7.20e-01
i:  21400, t:   140783.1 s (3.15 periods), wall: 2.167 hours, Δt:   5.91, CFL: 7.20e-01
i:  21500, t:   141347.7 s (3.17 periods), wall: 2.180 hours, Δt:   5.65, CFL: 7.20e-01
i:  21600, t:   141896.7 s (3.18 periods), wall: 2.193 hours, Δt:   5.43, CFL: 7.20e-01
i:  21700, t:   142428.6 s (3.19 periods), wall: 2.205 hours, Δt:   5.38, CFL: 7.20e-01
i:  21800, t:   142960.5 s (3.20 periods), wall: 2.218 hours, Δt:   5.35, CFL: 7.20e-01
i:  21900, t:   143490.8 s (3.21 periods), wall: 2.231 hours, Δt:   5.30, CFL: 7.20e-01
i:  22000, t:   144005.9 s (3.23 periods), wall: 2.244 hours, Δt:   5.24, CFL: 7.20e-01
i:  22100, t:   144524.9 s (3.24 periods), wall: 2.257 hours, Δt:   5.19, CFL: 7.20e-01
i:  22200, t:   145044.8 s (3.25 periods), wall: 2.269 hours, Δt:   5.19, CFL: 7.20e-01
i:  22300, t:   145562.8 s (3.26 periods), wall: 2.282 hours, Δt:   5.19, CFL: 7.20e-01
i:  22400, t:   146083.1 s (3.27 periods), wall: 2.295 hours, Δt:   5.27, CFL: 7.20e-01
i:  22500, t:   146606.5 s (3.28 periods), wall: 2.307 hours, Δt:   5.37, CFL: 7.20e-01
i:  22600, t:   147138.1 s (3.30 periods), wall: 2.320 hours, Δt:   5.47, CFL: 7.20e-01
i:  22700, t:   147685.2 s (3.31 periods), wall: 2.332 hours, Δt:   5.61, CFL: 7.20e-01
i:  22800, t:   148239.0 s (3.32 periods), wall: 2.345 hours, Δt:   5.73, CFL: 7.20e-01
i:  22900, t:   148815.2 s (3.33 periods), wall: 2.358 hours, Δt:   5.87, CFL: 7.20e-01
i:  23000, t:   149396.9 s (3.35 periods), wall: 2.372 hours, Δt:   5.81, CFL: 7.20e-01
i:  23100, t:   149941.8 s (3.36 periods), wall: 2.384 hours, Δt:   5.03, CFL: 7.20e-01
i:  23200, t:   150435.3 s (3.37 periods), wall: 2.397 hours, Δt:   4.76, CFL: 7.20e-01
i:  23300, t:   150902.2 s (3.38 periods), wall: 2.409 hours, Δt:   4.77, CFL: 7.20e-01
i:  23400, t:   151351.0 s (3.39 periods), wall: 2.422 hours, Δt:   4.42, CFL: 7.20e-01
i:  23500, t:   151795.0 s (3.40 periods), wall: 2.435 hours, Δt:   4.83, CFL: 7.20e-01
i:  23600, t:   152266.6 s (3.41 periods), wall: 2.448 hours, Δt:   4.86, CFL: 7.20e-01
i:  23700, t:   152760.2 s (3.42 periods), wall: 2.460 hours, Δt:   5.38, CFL: 7.20e-01
i:  23800, t:   153289.7 s (3.43 periods), wall: 2.473 hours, Δt:   5.49, CFL: 7.20e-01
i:  23900, t:   153889.1 s (3.45 periods), wall: 2.486 hours, Δt:   7.05, CFL: 7.20e-01
i:  24000, t:   154604.6 s (3.46 periods), wall: 2.499 hours, Δt:   8.07, CFL: 7.20e-01
i:  24100, t:   155561.4 s (3.48 periods), wall: 2.511 hours, Δt:  11.11, CFL: 7.20e-01
i:  24200, t:   156686.4 s (3.51 periods), wall: 2.524 hours, Δt:  10.72, CFL: 7.20e-01
i:  24300, t:   157646.0 s (3.53 periods), wall: 2.537 hours, Δt:   9.66, CFL: 7.20e-01
i:  24400, t:   158603.3 s (3.55 periods), wall: 2.549 hours, Δt:   9.30, CFL: 7.20e-01
i:  24500, t:   159478.0 s (3.57 periods), wall: 2.562 hours, Δt:   8.68, CFL: 7.20e-01
i:  24600, t:   160281.1 s (3.59 periods), wall: 2.575 hours, Δt:   7.79, CFL: 7.20e-01
i:  24700, t:   161029.8 s (3.61 periods), wall: 2.587 hours, Δt:   7.26, CFL: 7.20e-01
i:  24800, t:   161727.5 s (3.62 periods), wall: 2.600 hours, Δt:   6.80, CFL: 7.20e-01
i:  24900, t:   162375.3 s (3.64 periods), wall: 2.613 hours, Δt:   6.33, CFL: 7.20e-01
i:  25000, t:   162983.9 s (3.65 periods), wall: 2.626 hours, Δt:   5.99, CFL: 7.20e-01
i:  25100, t:   163560.4 s (3.66 periods), wall: 2.638 hours, Δt:   5.70, CFL: 7.20e-01
i:  25200, t:   164119.0 s (3.68 periods), wall: 2.651 hours, Δt:   5.57, CFL: 7.20e-01
i:  25300, t:   164664.4 s (3.69 periods), wall: 2.664 hours, Δt:   5.53, CFL: 7.20e-01
i:  25400, t:   165206.0 s (3.70 periods), wall: 2.676 hours, Δt:   5.43, CFL: 7.20e-01
i:  25500, t:   165737.9 s (3.71 periods), wall: 2.689 hours, Δt:   5.37, CFL: 7.20e-01
i:  25600, t:   166269.7 s (3.72 periods), wall: 2.702 hours, Δt:   5.32, CFL: 7.20e-01
i:  25700, t:   166799.9 s (3.74 periods), wall: 2.714 hours, Δt:   5.36, CFL: 7.20e-01
i:  25800, t:   167322.8 s (3.75 periods), wall: 2.728 hours, Δt:   5.17, CFL: 7.20e-01
i:  25900, t:   167829.6 s (3.76 periods), wall: 2.746 hours, Δt:   5.01, CFL: 7.20e-01
i:  26000, t:   168317.2 s (3.77 periods), wall: 2.759 hours, Δt:   4.86, CFL: 7.20e-01
i:  26100, t:   168795.1 s (3.78 periods), wall: 2.771 hours, Δt:   4.60, CFL: 7.20e-01
i:  26200, t:   169233.8 s (3.79 periods), wall: 2.784 hours, Δt:   4.39, CFL: 7.20e-01
i:  26300, t:   169657.2 s (3.80 periods), wall: 2.797 hours, Δt:   4.13, CFL: 7.20e-01
i:  26400, t:   170078.4 s (3.81 periods), wall: 2.810 hours, Δt:   4.23, CFL: 7.20e-01
i:  26500, t:   170491.6 s (3.82 periods), wall: 2.822 hours, Δt:   4.15, CFL: 7.20e-01
i:  26600, t:   170913.6 s (3.83 periods), wall: 2.835 hours, Δt:   4.12, CFL: 7.20e-01
i:  26700, t:   171306.0 s (3.84 periods), wall: 2.848 hours, Δt:   4.00, CFL: 7.20e-01
i:  26800, t:   171722.0 s (3.85 periods), wall: 2.865 hours, Δt:   4.30, CFL: 7.20e-01
i:  26900, t:   172155.3 s (3.86 periods), wall: 2.881 hours, Δt:   4.48, CFL: 7.20e-01
i:  27000, t:   172625.5 s (3.87 periods), wall: 2.896 hours, Δt:   4.88, CFL: 7.20e-01
i:  27100, t:   173103.2 s (3.88 periods), wall: 2.903 hours, Δt:   4.64, CFL: 7.20e-01
i:  27200, t:   173565.0 s (3.89 periods), wall: 2.911 hours, Δt:   4.27, CFL: 7.20e-01
i:  27300, t:   174029.3 s (3.90 periods), wall: 2.919 hours, Δt:   5.09, CFL: 7.20e-01
i:  27400, t:   174565.0 s (3.91 periods), wall: 2.928 hours, Δt:   5.87, CFL: 7.20e-01
i:  27500, t:   175207.0 s (3.92 periods), wall: 2.936 hours, Δt:   6.40, CFL: 7.20e-01
i:  27600, t:   175881.6 s (3.94 periods), wall: 2.944 hours, Δt:   7.80, CFL: 7.20e-01
i:  27700, t:   176718.1 s (3.96 periods), wall: 2.952 hours, Δt:   8.98, CFL: 7.20e-01
i:  27800, t:   177737.6 s (3.98 periods), wall: 2.960 hours, Δt:  11.68, CFL: 7.20e-01
================ Case Ri500 : profiles ================
[ Info: Case Ri500: Ri = 500, N² = 9.906e-06 s⁻², δ = 0.397 m, Re_δ = 1790, 4 periods
[ Info: Saved profile plots for Ri500 in output_Ri500/
================ Case Ri500 : animation ================
[ Info: Case Ri500: Ri = 500, N² = 9.906e-06 s⁻², δ = 0.397 m, Re_δ = 1790, 4 periods
[ Info: Making an animation from 801 frames...
[ Info: Frame 100 / 801
[ Info: Frame 200 / 801
[ Info: Frame 300 / 801
[ Info: Frame 400 / 801
[ Info: Frame 500 / 801
[ Info: Frame 600 / 801
[ Info: Frame 700 / 801
[ Info: Frame 800 / 801
[ Info: Saved animation to /Users/tianlangliu/Documents/OCEAN BML PROJECT/output_Ri500/animation_Ri500.mp4
[ Info: Saved animation for Ri500 in output_Ri500/
================ Case Ri2500 : simulation ================
[ Info: Oceananigans will use 4 threads
[ Info: Case Ri2500: Ri = 2500, N² = 4.953e-05 s⁻², δ = 0.397 m, Re_δ = 1790, 4 periods
[ Info: Bottom Δz = 0.0869 m (4.6 points across δ); Δx = 0.417 m, Δy = 0.208 m
[ Info: Initializing velocities from Ri=0 spin-up: output_Ri0/TidalBL3D_Ri0_fields.jld2
[ Info: Using snapshot 13/13 (t = 6.00 periods of the spin-up)
[ Info: x-y slice at k = 6 (z = 0.478 m ≈ δ)
[ Info: Initializing simulation...
[ Info:     ... simulation initialization complete (23.269 seconds)
[ Info: Executing initial time step...
[ Info:     ... initial time step complete (4.220 seconds).
[ Info: Simulation is stopping after running for 2.273 hours.
[ Info: Simulation time 2.067 days equals or exceeds stop time 2.067 days.
i:      0, t:        0.0 s (0.00 periods), wall: 15.780 seconds, Δt:   1.10, CFL: 8.47e-02
i:    100, t:      175.3 s (0.00 periods), wall: 1.141 minutes, Δt:   2.85, CFL: 1.83e-01
i:    200, t:      624.9 s (0.01 periods), wall: 1.603 minutes, Δt:   7.40, CFL: 5.07e-01
i:    300, t:     1540.7 s (0.03 periods), wall: 2.091 minutes, Δt:   9.38, CFL: 7.20e-01
i:    400, t:     2443.0 s (0.05 periods), wall: 2.583 minutes, Δt:   8.96, CFL: 7.20e-01
i:    500, t:     3283.3 s (0.07 periods), wall: 3.066 minutes, Δt:   8.11, CFL: 7.20e-01
i:    600, t:     4055.4 s (0.09 periods), wall: 3.545 minutes, Δt:   7.46, CFL: 7.20e-01
i:    700, t:     4755.4 s (0.11 periods), wall: 4.027 minutes, Δt:   6.81, CFL: 7.20e-01
i:    800, t:     5408.8 s (0.12 periods), wall: 4.519 minutes, Δt:   6.50, CFL: 7.20e-01
i:    900, t:     6026.4 s (0.14 periods), wall: 5.005 minutes, Δt:   6.10, CFL: 7.20e-01
i:   1000, t:     6621.1 s (0.15 periods), wall: 5.490 minutes, Δt:   5.92, CFL: 7.20e-01
i:   1100, t:     7187.6 s (0.16 periods), wall: 5.979 minutes, Δt:   5.65, CFL: 7.20e-01
i:   1200, t:     7737.4 s (0.17 periods), wall: 6.461 minutes, Δt:   5.49, CFL: 7.20e-01
i:   1300, t:     8274.4 s (0.19 periods), wall: 6.949 minutes, Δt:   5.34, CFL: 7.20e-01
i:   1400, t:     8798.9 s (0.20 periods), wall: 7.434 minutes, Δt:   5.23, CFL: 7.20e-01
i:   1500, t:     9318.4 s (0.21 periods), wall: 7.919 minutes, Δt:   5.21, CFL: 7.20e-01
i:   1600, t:     9826.0 s (0.22 periods), wall: 8.409 minutes, Δt:   5.12, CFL: 7.20e-01
i:   1700, t:    10334.4 s (0.23 periods), wall: 8.894 minutes, Δt:   5.15, CFL: 7.20e-01
i:   1800, t:    10841.1 s (0.24 periods), wall: 9.380 minutes, Δt:   5.15, CFL: 7.20e-01
i:   1900, t:    11348.9 s (0.25 periods), wall: 9.865 minutes, Δt:   5.19, CFL: 7.20e-01
i:   2000, t:    11855.5 s (0.27 periods), wall: 10.353 minutes, Δt:   5.17, CFL: 7.20e-01
i:   2100, t:    12370.2 s (0.28 periods), wall: 10.838 minutes, Δt:   5.26, CFL: 7.20e-01
i:   2200, t:    12893.2 s (0.29 periods), wall: 11.335 minutes, Δt:   5.32, CFL: 7.20e-01
i:   2300, t:    13424.4 s (0.30 periods), wall: 11.822 minutes, Δt:   5.42, CFL: 7.20e-01
i:   2400, t:    13972.3 s (0.31 periods), wall: 12.306 minutes, Δt:   5.63, CFL: 7.20e-01
i:   2500, t:    14531.1 s (0.33 periods), wall: 12.790 minutes, Δt:   5.78, CFL: 7.20e-01
i:   2600, t:    15115.6 s (0.34 periods), wall: 13.281 minutes, Δt:   6.05, CFL: 7.20e-01
i:   2700, t:    15725.1 s (0.35 periods), wall: 13.767 minutes, Δt:   6.36, CFL: 7.20e-01
i:   2800, t:    16367.2 s (0.37 periods), wall: 14.268 minutes, Δt:   6.74, CFL: 7.20e-01
i:   2900, t:    17049.6 s (0.38 periods), wall: 14.771 minutes, Δt:   7.29, CFL: 7.20e-01
i:   3000, t:    17776.4 s (0.40 periods), wall: 15.262 minutes, Δt:   7.74, CFL: 7.20e-01
i:   3100, t:    18510.1 s (0.41 periods), wall: 15.750 minutes, Δt:   6.91, CFL: 7.20e-01
i:   3200, t:    19087.1 s (0.43 periods), wall: 16.243 minutes, Δt:   5.29, CFL: 7.20e-01
i:   3300, t:    19595.5 s (0.44 periods), wall: 16.736 minutes, Δt:   5.49, CFL: 7.20e-01
i:   3400, t:    20109.8 s (0.45 periods), wall: 17.223 minutes, Δt:   5.62, CFL: 7.20e-01
i:   3500, t:    20726.5 s (0.46 periods), wall: 17.709 minutes, Δt:   6.85, CFL: 7.20e-01
i:   3600, t:    21454.1 s (0.48 periods), wall: 18.202 minutes, Δt:   9.03, CFL: 7.20e-01
i:   3700, t:    22643.3 s (0.51 periods), wall: 18.698 minutes, Δt:  14.45, CFL: 7.20e-01
i:   3800, t:    23956.2 s (0.54 periods), wall: 19.190 minutes, Δt:  12.36, CFL: 7.20e-01
i:   3900, t:    25071.3 s (0.56 periods), wall: 19.682 minutes, Δt:  10.29, CFL: 7.20e-01
i:   4000, t:    26007.0 s (0.58 periods), wall: 20.173 minutes, Δt:   8.71, CFL: 7.20e-01
i:   4100, t:    26823.4 s (0.60 periods), wall: 20.670 minutes, Δt:   7.81, CFL: 7.20e-01
i:   4200, t:    27561.9 s (0.62 periods), wall: 21.172 minutes, Δt:   7.15, CFL: 7.20e-01
i:   4300, t:    28244.8 s (0.63 periods), wall: 21.662 minutes, Δt:   6.72, CFL: 7.20e-01
i:   4400, t:    28888.5 s (0.65 periods), wall: 22.148 minutes, Δt:   6.34, CFL: 7.20e-01
i:   4500, t:    29498.6 s (0.66 periods), wall: 22.636 minutes, Δt:   6.04, CFL: 7.20e-01
i:   4600, t:    30084.9 s (0.67 periods), wall: 23.137 minutes, Δt:   5.80, CFL: 7.20e-01
i:   4700, t:    30652.5 s (0.69 periods), wall: 23.628 minutes, Δt:   5.69, CFL: 7.20e-01
i:   4800, t:    31209.2 s (0.70 periods), wall: 24.123 minutes, Δt:   5.57, CFL: 7.20e-01
i:   4900, t:    31754.5 s (0.71 periods), wall: 24.618 minutes, Δt:   5.45, CFL: 7.20e-01
i:   5000, t:    32298.0 s (0.72 periods), wall: 25.110 minutes, Δt:   5.41, CFL: 7.20e-01
i:   5100, t:    32826.5 s (0.74 periods), wall: 25.600 minutes, Δt:   5.39, CFL: 7.20e-01
i:   5200, t:    33359.4 s (0.75 periods), wall: 26.093 minutes, Δt:   5.41, CFL: 7.20e-01
i:   5300, t:    33892.8 s (0.76 periods), wall: 26.580 minutes, Δt:   5.43, CFL: 7.20e-01
i:   5400, t:    34427.5 s (0.77 periods), wall: 27.070 minutes, Δt:   5.48, CFL: 7.20e-01
i:   5500, t:    34975.1 s (0.78 periods), wall: 27.558 minutes, Δt:   5.58, CFL: 7.20e-01
i:   5600, t:    35528.7 s (0.80 periods), wall: 28.052 minutes, Δt:   5.71, CFL: 7.20e-01
i:   5700, t:    36105.0 s (0.81 periods), wall: 28.552 minutes, Δt:   5.88, CFL: 7.20e-01
i:   5800, t:    36689.8 s (0.82 periods), wall: 29.050 minutes, Δt:   6.10, CFL: 7.20e-01
i:   5900, t:    37299.9 s (0.84 periods), wall: 29.547 minutes, Δt:   6.41, CFL: 7.20e-01
i:   6000, t:    37944.0 s (0.85 periods), wall: 30.040 minutes, Δt:   6.79, CFL: 7.20e-01
i:   6100, t:    38635.4 s (0.87 periods), wall: 30.530 minutes, Δt:   7.33, CFL: 7.20e-01
i:   6200, t:    39386.7 s (0.88 periods), wall: 31.034 minutes, Δt:   8.03, CFL: 7.20e-01
i:   6300, t:    40219.4 s (0.90 periods), wall: 31.533 minutes, Δt:   8.71, CFL: 7.20e-01
i:   6400, t:    41068.8 s (0.92 periods), wall: 32.028 minutes, Δt:   8.06, CFL: 7.20e-01
i:   6500, t:    41707.7 s (0.93 periods), wall: 32.516 minutes, Δt:   5.14, CFL: 7.20e-01
i:   6600, t:    42205.1 s (0.95 periods), wall: 33.010 minutes, Δt:   5.17, CFL: 7.20e-01
i:   6700, t:    42764.6 s (0.96 periods), wall: 33.506 minutes, Δt:   6.23, CFL: 7.20e-01
i:   6800, t:    43446.6 s (0.97 periods), wall: 33.998 minutes, Δt:   8.45, CFL: 7.20e-01
i:   6900, t:    44412.4 s (0.99 periods), wall: 34.491 minutes, Δt:  12.46, CFL: 7.20e-01
i:   7000, t:    45461.6 s (1.02 periods), wall: 34.988 minutes, Δt:   9.70, CFL: 7.20e-01
i:   7100, t:    46353.5 s (1.04 periods), wall: 35.484 minutes, Δt:   8.24, CFL: 7.20e-01
i:   7200, t:    47109.8 s (1.06 periods), wall: 35.979 minutes, Δt:   7.32, CFL: 7.20e-01
i:   7300, t:    47804.8 s (1.07 periods), wall: 36.471 minutes, Δt:   6.60, CFL: 7.20e-01
i:   7400, t:    48440.6 s (1.09 periods), wall: 36.964 minutes, Δt:   6.20, CFL: 7.20e-01
i:   7500, t:    49059.1 s (1.10 periods), wall: 37.458 minutes, Δt:   6.06, CFL: 7.20e-01
i:   7600, t:    49643.1 s (1.11 periods), wall: 37.953 minutes, Δt:   5.73, CFL: 7.20e-01
i:   7700, t:    50196.9 s (1.12 periods), wall: 38.445 minutes, Δt:   5.33, CFL: 7.20e-01
i:   7800, t:    50717.7 s (1.14 periods), wall: 38.937 minutes, Δt:   5.10, CFL: 7.20e-01
i:   7900, t:    51215.3 s (1.15 periods), wall: 39.431 minutes, Δt:   4.85, CFL: 7.20e-01
i:   8000, t:    51695.1 s (1.16 periods), wall: 39.933 minutes, Δt:   4.84, CFL: 7.20e-01
i:   8100, t:    52166.3 s (1.17 periods), wall: 40.436 minutes, Δt:   4.71, CFL: 7.20e-01
i:   8200, t:    52627.3 s (1.18 periods), wall: 40.942 minutes, Δt:   4.61, CFL: 7.20e-01
i:   8300, t:    53085.6 s (1.19 periods), wall: 41.442 minutes, Δt:   4.66, CFL: 7.20e-01
i:   8400, t:    53549.6 s (1.20 periods), wall: 41.946 minutes, Δt:   4.65, CFL: 7.20e-01
i:   8500, t:    54007.7 s (1.21 periods), wall: 42.443 minutes, Δt:   4.61, CFL: 7.20e-01
i:   8600, t:    54460.8 s (1.22 periods), wall: 42.943 minutes, Δt:   4.59, CFL: 7.20e-01
i:   8700, t:    54916.3 s (1.23 periods), wall: 43.450 minutes, Δt:   4.53, CFL: 7.20e-01
i:   8800, t:    55362.7 s (1.24 periods), wall: 43.950 minutes, Δt:   4.52, CFL: 7.20e-01
i:   8900, t:    55809.0 s (1.25 periods), wall: 44.454 minutes, Δt:   4.50, CFL: 7.20e-01
i:   9000, t:    56255.5 s (1.26 periods), wall: 44.968 minutes, Δt:   4.56, CFL: 7.20e-01
i:   9100, t:    56711.2 s (1.27 periods), wall: 45.470 minutes, Δt:   4.61, CFL: 7.20e-01
i:   9200, t:    57171.9 s (1.28 periods), wall: 45.974 minutes, Δt:   4.67, CFL: 7.20e-01
i:   9300, t:    57638.1 s (1.29 periods), wall: 46.478 minutes, Δt:   4.79, CFL: 7.20e-01
i:   9400, t:    58114.5 s (1.30 periods), wall: 46.982 minutes, Δt:   4.86, CFL: 7.20e-01
i:   9500, t:    58601.2 s (1.31 periods), wall: 47.488 minutes, Δt:   4.96, CFL: 7.20e-01
i:   9600, t:    59096.7 s (1.32 periods), wall: 47.990 minutes, Δt:   5.10, CFL: 7.20e-01
i:   9700, t:    59604.9 s (1.34 periods), wall: 48.491 minutes, Δt:   5.29, CFL: 7.20e-01
i:   9800, t:    60139.3 s (1.35 periods), wall: 48.996 minutes, Δt:   5.48, CFL: 7.20e-01
i:   9900, t:    60692.2 s (1.36 periods), wall: 49.498 minutes, Δt:   5.72, CFL: 7.20e-01
i:  10000, t:    61269.9 s (1.37 periods), wall: 50.003 minutes, Δt:   5.98, CFL: 7.20e-01
i:  10100, t:    61877.4 s (1.39 periods), wall: 50.512 minutes, Δt:   6.45, CFL: 7.20e-01
i:  10200, t:    62537.4 s (1.40 periods), wall: 51.013 minutes, Δt:   7.13, CFL: 7.20e-01
i:  10300, t:    63229.7 s (1.42 periods), wall: 51.526 minutes, Δt:   6.41, CFL: 7.20e-01
i:  10400, t:    63807.6 s (1.43 periods), wall: 52.028 minutes, Δt:   5.00, CFL: 7.20e-01
i:  10500, t:    64230.2 s (1.44 periods), wall: 52.531 minutes, Δt:   4.63, CFL: 7.20e-01
i:  10600, t:    64738.8 s (1.45 periods), wall: 53.038 minutes, Δt:   5.90, CFL: 7.20e-01
i:  10700, t:    65357.6 s (1.46 periods), wall: 53.542 minutes, Δt:   6.99, CFL: 7.20e-01
i:  10800, t:    66177.3 s (1.48 periods), wall: 54.063 minutes, Δt:  10.11, CFL: 7.20e-01
i:  10900, t:    67274.7 s (1.51 periods), wall: 54.571 minutes, Δt:  11.04, CFL: 7.20e-01
i:  11000, t:    68515.8 s (1.53 periods), wall: 55.077 minutes, Δt:  11.47, CFL: 7.20e-01
i:  11100, t:    69570.8 s (1.56 periods), wall: 55.582 minutes, Δt:  10.16, CFL: 7.20e-01
i:  11200, t:    70493.9 s (1.58 periods), wall: 56.081 minutes, Δt:   8.83, CFL: 7.20e-01
i:  11300, t:    71296.0 s (1.60 periods), wall: 56.580 minutes, Δt:   7.89, CFL: 7.20e-01
i:  11400, t:    72027.8 s (1.61 periods), wall: 57.077 minutes, Δt:   7.20, CFL: 7.20e-01
i:  11500, t:    72708.8 s (1.63 periods), wall: 57.570 minutes, Δt:   6.62, CFL: 7.20e-01
i:  11600, t:    73342.9 s (1.64 periods), wall: 58.069 minutes, Δt:   6.36, CFL: 7.20e-01
i:  11700, t:    73952.2 s (1.66 periods), wall: 58.568 minutes, Δt:   6.03, CFL: 7.20e-01
i:  11800, t:    74543.0 s (1.67 periods), wall: 59.063 minutes, Δt:   5.80, CFL: 7.20e-01
i:  11900, t:    75108.9 s (1.68 periods), wall: 59.560 minutes, Δt:   5.70, CFL: 7.20e-01
i:  12000, t:    75664.7 s (1.69 periods), wall: 1.001 hours, Δt:   5.57, CFL: 7.20e-01
i:  12100, t:    76204.1 s (1.71 periods), wall: 1.009 hours, Δt:   5.46, CFL: 7.20e-01
i:  12200, t:    76740.5 s (1.72 periods), wall: 1.018 hours, Δt:   5.40, CFL: 7.20e-01
i:  12300, t:    77270.1 s (1.73 periods), wall: 1.026 hours, Δt:   5.35, CFL: 7.20e-01
i:  12400, t:    77796.2 s (1.74 periods), wall: 1.034 hours, Δt:   5.29, CFL: 7.20e-01
i:  12500, t:    78322.9 s (1.75 periods), wall: 1.042 hours, Δt:   5.34, CFL: 7.20e-01
i:  12600, t:    78853.8 s (1.77 periods), wall: 1.051 hours, Δt:   5.38, CFL: 7.20e-01
i:  12700, t:    79387.4 s (1.78 periods), wall: 1.059 hours, Δt:   5.42, CFL: 7.20e-01
i:  12800, t:    79922.2 s (1.79 periods), wall: 1.067 hours, Δt:   5.52, CFL: 7.20e-01
i:  12900, t:    80475.2 s (1.80 periods), wall: 1.076 hours, Δt:   5.59, CFL: 7.20e-01
i:  13000, t:    81038.9 s (1.82 periods), wall: 1.084 hours, Δt:   5.81, CFL: 7.20e-01
i:  13100, t:    81623.6 s (1.83 periods), wall: 1.092 hours, Δt:   6.01, CFL: 7.20e-01
i:  13200, t:    82231.0 s (1.84 periods), wall: 1.100 hours, Δt:   6.26, CFL: 7.20e-01
i:  13300, t:    82873.6 s (1.86 periods), wall: 1.109 hours, Δt:   6.73, CFL: 7.20e-01
i:  13400, t:    83555.5 s (1.87 periods), wall: 1.117 hours, Δt:   7.20, CFL: 7.20e-01
i:  13500, t:    84288.3 s (1.89 periods), wall: 1.125 hours, Δt:   7.49, CFL: 7.20e-01
i:  13600, t:    85046.8 s (1.91 periods), wall: 1.134 hours, Δt:   7.50, CFL: 7.20e-01
i:  13700, t:    85834.3 s (1.92 periods), wall: 1.142 hours, Δt:   8.40, CFL: 7.20e-01
i:  13800, t:    86573.0 s (1.94 periods), wall: 1.150 hours, Δt:   6.31, CFL: 7.20e-01
i:  13900, t:    87256.2 s (1.95 periods), wall: 1.159 hours, Δt:   7.25, CFL: 7.20e-01
i:  14000, t:    88073.9 s (1.97 periods), wall: 1.167 hours, Δt:   8.96, CFL: 7.20e-01
i:  14100, t:    89267.6 s (2.00 periods), wall: 1.175 hours, Δt:  15.52, CFL: 7.20e-01
i:  14200, t:    90567.0 s (2.03 periods), wall: 1.184 hours, Δt:  11.23, CFL: 7.20e-01
i:  14300, t:    91642.1 s (2.05 periods), wall: 1.192 hours, Δt:  10.58, CFL: 7.20e-01
i:  14400, t:    92593.9 s (2.07 periods), wall: 1.200 hours, Δt:   8.83, CFL: 7.20e-01
i:  14500, t:    93426.8 s (2.09 periods), wall: 1.209 hours, Δt:   7.96, CFL: 7.20e-01
i:  14600, t:    94180.1 s (2.11 periods), wall: 1.217 hours, Δt:   7.22, CFL: 7.20e-01
i:  14700, t:    94860.0 s (2.12 periods), wall: 1.225 hours, Δt:   6.69, CFL: 7.20e-01
i:  14800, t:    95502.8 s (2.14 periods), wall: 1.233 hours, Δt:   6.27, CFL: 7.20e-01
i:  14900, t:    96108.9 s (2.15 periods), wall: 1.242 hours, Δt:   6.01, CFL: 7.20e-01
i:  15000, t:    96692.2 s (2.17 periods), wall: 1.250 hours, Δt:   5.81, CFL: 7.20e-01
i:  15100, t:    97261.9 s (2.18 periods), wall: 1.258 hours, Δt:   5.62, CFL: 7.20e-01
i:  15200, t:    97811.1 s (2.19 periods), wall: 1.266 hours, Δt:   5.49, CFL: 7.20e-01
i:  15300, t:    98348.5 s (2.20 periods), wall: 1.275 hours, Δt:   5.38, CFL: 7.20e-01
i:  15400, t:    98877.6 s (2.21 periods), wall: 1.283 hours, Δt:   5.32, CFL: 7.20e-01
i:  15500, t:    99397.6 s (2.23 periods), wall: 1.291 hours, Δt:   5.26, CFL: 7.20e-01
i:  15600, t:    99917.0 s (2.24 periods), wall: 1.299 hours, Δt:   5.22, CFL: 7.20e-01
i:  15700, t:   100436.8 s (2.25 periods), wall: 1.308 hours, Δt:   5.23, CFL: 7.20e-01
i:  15800, t:   100955.2 s (2.26 periods), wall: 1.316 hours, Δt:   5.29, CFL: 7.20e-01
i:  15900, t:   101476.5 s (2.27 periods), wall: 1.324 hours, Δt:   5.33, CFL: 7.20e-01
i:  16000, t:   102007.8 s (2.29 periods), wall: 1.332 hours, Δt:   5.42, CFL: 7.20e-01
i:  16100, t:   102547.9 s (2.30 periods), wall: 1.341 hours, Δt:   5.50, CFL: 7.20e-01
i:  16200, t:   103096.9 s (2.31 periods), wall: 1.349 hours, Δt:   5.67, CFL: 7.20e-01
i:  16300, t:   103663.0 s (2.32 periods), wall: 1.357 hours, Δt:   5.80, CFL: 7.20e-01
i:  16400, t:   104246.6 s (2.34 periods), wall: 1.366 hours, Δt:   6.05, CFL: 7.20e-01
i:  16500, t:   104864.6 s (2.35 periods), wall: 1.374 hours, Δt:   6.44, CFL: 7.20e-01
i:  16600, t:   105511.8 s (2.36 periods), wall: 1.383 hours, Δt:   6.82, CFL: 7.20e-01
i:  16700, t:   106199.1 s (2.38 periods), wall: 1.391 hours, Δt:   7.27, CFL: 7.20e-01
i:  16800, t:   106928.7 s (2.40 periods), wall: 1.401 hours, Δt:   7.96, CFL: 7.20e-01
i:  16900, t:   107748.5 s (2.41 periods), wall: 1.409 hours, Δt:   8.24, CFL: 7.20e-01
i:  17000, t:   108578.8 s (2.43 periods), wall: 1.417 hours, Δt:   7.82, CFL: 7.20e-01
i:  17100, t:   109295.5 s (2.45 periods), wall: 1.426 hours, Δt:   7.38, CFL: 7.20e-01
i:  17200, t:   110015.8 s (2.46 periods), wall: 1.434 hours, Δt:   7.34, CFL: 7.20e-01
i:  17300, t:   110837.5 s (2.48 periods), wall: 1.443 hours, Δt:   9.69, CFL: 7.20e-01
i:  17400, t:   111778.0 s (2.50 periods), wall: 1.451 hours, Δt:  11.26, CFL: 7.20e-01
i:  17500, t:   112913.4 s (2.53 periods), wall: 1.459 hours, Δt:  11.43, CFL: 7.20e-01
i:  17600, t:   114012.9 s (2.55 periods), wall: 1.468 hours, Δt:  10.18, CFL: 7.20e-01
i:  17700, t:   114942.5 s (2.57 periods), wall: 1.476 hours, Δt:   8.93, CFL: 7.20e-01
i:  17800, t:   115781.9 s (2.59 periods), wall: 1.484 hours, Δt:   8.16, CFL: 7.20e-01
i:  17900, t:   116547.9 s (2.61 periods), wall: 1.493 hours, Δt:   7.44, CFL: 7.20e-01
i:  18000, t:   117256.3 s (2.63 periods), wall: 1.501 hours, Δt:   6.91, CFL: 7.20e-01
i:  18100, t:   117915.4 s (2.64 periods), wall: 1.509 hours, Δt:   6.55, CFL: 7.20e-01
i:  18200, t:   118544.0 s (2.66 periods), wall: 1.518 hours, Δt:   6.16, CFL: 7.20e-01
i:  18300, t:   119145.3 s (2.67 periods), wall: 1.526 hours, Δt:   5.94, CFL: 7.20e-01
i:  18400, t:   119721.9 s (2.68 periods), wall: 1.534 hours, Δt:   5.76, CFL: 7.20e-01
i:  18500, t:   120291.0 s (2.69 periods), wall: 1.542 hours, Δt:   5.63, CFL: 7.20e-01
i:  18600, t:   120839.7 s (2.71 periods), wall: 1.551 hours, Δt:   5.55, CFL: 7.20e-01
i:  18700, t:   121384.3 s (2.72 periods), wall: 1.559 hours, Δt:   5.47, CFL: 7.20e-01
i:  18800, t:   121927.0 s (2.73 periods), wall: 1.568 hours, Δt:   5.44, CFL: 7.20e-01
i:  18900, t:   122459.2 s (2.74 periods), wall: 1.576 hours, Δt:   5.41, CFL: 7.20e-01
i:  19000, t:   122988.6 s (2.76 periods), wall: 1.584 hours, Δt:   5.44, CFL: 7.20e-01
i:  19100, t:   123532.9 s (2.77 periods), wall: 1.592 hours, Δt:   5.43, CFL: 7.20e-01
i:  19200, t:   124073.3 s (2.78 periods), wall: 1.601 hours, Δt:   5.50, CFL: 7.20e-01
i:  19300, t:   124624.4 s (2.79 periods), wall: 1.609 hours, Δt:   5.61, CFL: 7.20e-01
i:  19400, t:   125188.1 s (2.80 periods), wall: 1.617 hours, Δt:   5.79, CFL: 7.20e-01
i:  19500, t:   125768.8 s (2.82 periods), wall: 1.626 hours, Δt:   5.99, CFL: 7.20e-01
i:  19600, t:   126368.3 s (2.83 periods), wall: 1.634 hours, Δt:   6.22, CFL: 7.20e-01
i:  19700, t:   126998.1 s (2.84 periods), wall: 1.642 hours, Δt:   6.54, CFL: 7.20e-01
i:  19800, t:   127661.7 s (2.86 periods), wall: 1.650 hours, Δt:   6.96, CFL: 7.20e-01
i:  19900, t:   128369.7 s (2.88 periods), wall: 1.659 hours, Δt:   7.45, CFL: 7.20e-01
i:  20000, t:   129137.8 s (2.89 periods), wall: 1.667 hours, Δt:   8.13, CFL: 7.20e-01
i:  20100, t:   129917.3 s (2.91 periods), wall: 1.675 hours, Δt:   7.24, CFL: 7.20e-01
i:  20200, t:   130543.6 s (2.92 periods), wall: 1.683 hours, Δt:   5.20, CFL: 7.20e-01
i:  20300, t:   130990.6 s (2.93 periods), wall: 1.692 hours, Δt:   4.55, CFL: 7.20e-01
i:  20400, t:   131490.8 s (2.95 periods), wall: 1.700 hours, Δt:   5.18, CFL: 7.20e-01
i:  20500, t:   132073.9 s (2.96 periods), wall: 1.708 hours, Δt:   6.61, CFL: 7.20e-01
i:  20600, t:   132804.0 s (2.98 periods), wall: 1.716 hours, Δt:  10.74, CFL: 7.20e-01
i:  20700, t:   133978.1 s (3.00 periods), wall: 1.725 hours, Δt:  11.72, CFL: 7.20e-01
i:  20800, t:   135210.3 s (3.03 periods), wall: 1.733 hours, Δt:  12.27, CFL: 7.20e-01
i:  20900, t:   136329.2 s (3.05 periods), wall: 1.741 hours, Δt:  10.09, CFL: 7.20e-01
i:  21000, t:   137249.4 s (3.07 periods), wall: 1.750 hours, Δt:   8.68, CFL: 7.20e-01
i:  21100, t:   138046.7 s (3.09 periods), wall: 1.758 hours, Δt:   7.68, CFL: 7.20e-01
i:  21200, t:   138777.9 s (3.11 periods), wall: 1.766 hours, Δt:   6.98, CFL: 7.20e-01
i:  21300, t:   139440.7 s (3.12 periods), wall: 1.774 hours, Δt:   6.47, CFL: 7.20e-01
i:  21400, t:   140058.8 s (3.14 periods), wall: 1.783 hours, Δt:   6.16, CFL: 7.20e-01
i:  21500, t:   140651.2 s (3.15 periods), wall: 1.791 hours, Δt:   5.82, CFL: 7.20e-01
i:  21600, t:   141221.5 s (3.16 periods), wall: 1.799 hours, Δt:   5.64, CFL: 7.20e-01
i:  21700, t:   141770.4 s (3.18 periods), wall: 1.807 hours, Δt:   5.46, CFL: 7.20e-01
i:  21800, t:   142307.0 s (3.19 periods), wall: 1.815 hours, Δt:   5.32, CFL: 7.20e-01
i:  21900, t:   142829.6 s (3.20 periods), wall: 1.824 hours, Δt:   5.21, CFL: 7.20e-01
i:  22000, t:   143340.7 s (3.21 periods), wall: 1.832 hours, Δt:   5.14, CFL: 7.20e-01
i:  22100, t:   143847.8 s (3.22 periods), wall: 1.841 hours, Δt:   5.09, CFL: 7.20e-01
i:  22200, t:   144354.1 s (3.23 periods), wall: 1.849 hours, Δt:   5.07, CFL: 7.20e-01
i:  22300, t:   144850.6 s (3.24 periods), wall: 1.857 hours, Δt:   5.05, CFL: 7.20e-01
i:  22400, t:   145343.7 s (3.26 periods), wall: 1.866 hours, Δt:   5.06, CFL: 7.20e-01
i:  22500, t:   145841.5 s (3.27 periods), wall: 1.874 hours, Δt:   5.11, CFL: 7.20e-01
i:  22600, t:   146349.7 s (3.28 periods), wall: 1.883 hours, Δt:   5.13, CFL: 7.20e-01
i:  22700, t:   146861.3 s (3.29 periods), wall: 1.891 hours, Δt:   5.22, CFL: 7.20e-01
i:  22800, t:   147380.7 s (3.30 periods), wall: 1.900 hours, Δt:   5.32, CFL: 7.20e-01
i:  22900, t:   147915.6 s (3.31 periods), wall: 1.910 hours, Δt:   5.46, CFL: 7.20e-01
i:  23000, t:   148456.1 s (3.33 periods), wall: 1.918 hours, Δt:   5.64, CFL: 7.20e-01
i:  23100, t:   149026.4 s (3.34 periods), wall: 1.927 hours, Δt:   5.88, CFL: 7.20e-01
i:  23200, t:   149617.4 s (3.35 periods), wall: 1.935 hours, Δt:   6.18, CFL: 7.20e-01
i:  23300, t:   150239.9 s (3.37 periods), wall: 1.943 hours, Δt:   6.59, CFL: 7.20e-01
i:  23400, t:   150918.6 s (3.38 periods), wall: 1.952 hours, Δt:   7.14, CFL: 7.20e-01
i:  23500, t:   151647.3 s (3.40 periods), wall: 1.960 hours, Δt:   7.95, CFL: 7.20e-01
i:  23600, t:   152462.7 s (3.42 periods), wall: 1.968 hours, Δt:   8.07, CFL: 7.20e-01
i:  23700, t:   153191.9 s (3.43 periods), wall: 1.977 hours, Δt:   6.03, CFL: 7.20e-01
i:  23800, t:   153752.2 s (3.44 periods), wall: 1.985 hours, Δt:   5.30, CFL: 7.20e-01
i:  23900, t:   154292.8 s (3.46 periods), wall: 1.994 hours, Δt:   5.97, CFL: 7.20e-01
i:  24000, t:   154969.3 s (3.47 periods), wall: 2.002 hours, Δt:   8.04, CFL: 7.20e-01
i:  24100, t:   156009.0 s (3.49 periods), wall: 2.010 hours, Δt:  11.95, CFL: 7.20e-01
i:  24200, t:   157214.1 s (3.52 periods), wall: 2.019 hours, Δt:  11.52, CFL: 7.20e-01
i:  24300, t:   158350.6 s (3.55 periods), wall: 2.027 hours, Δt:  11.31, CFL: 7.20e-01
i:  24400, t:   159360.9 s (3.57 periods), wall: 2.035 hours, Δt:   9.23, CFL: 7.20e-01
i:  24500, t:   160221.7 s (3.59 periods), wall: 2.044 hours, Δt:   8.43, CFL: 7.20e-01
i:  24600, t:   161012.5 s (3.61 periods), wall: 2.052 hours, Δt:   7.69, CFL: 7.20e-01
i:  24700, t:   161730.3 s (3.62 periods), wall: 2.060 hours, Δt:   6.95, CFL: 7.20e-01
i:  24800, t:   162399.5 s (3.64 periods), wall: 2.069 hours, Δt:   6.58, CFL: 7.20e-01
i:  24900, t:   163036.9 s (3.65 periods), wall: 2.077 hours, Δt:   6.28, CFL: 7.20e-01
i:  25000, t:   163641.9 s (3.67 periods), wall: 2.085 hours, Δt:   6.01, CFL: 7.20e-01
i:  25100, t:   164227.2 s (3.68 periods), wall: 2.093 hours, Δt:   5.79, CFL: 7.20e-01
i:  25200, t:   164789.8 s (3.69 periods), wall: 2.102 hours, Δt:   5.66, CFL: 7.20e-01
i:  25300, t:   165346.2 s (3.70 periods), wall: 2.110 hours, Δt:   5.53, CFL: 7.20e-01
i:  25400, t:   165886.8 s (3.72 periods), wall: 2.118 hours, Δt:   5.48, CFL: 7.20e-01
i:  25500, t:   166428.5 s (3.73 periods), wall: 2.127 hours, Δt:   5.36, CFL: 7.20e-01
i:  25600, t:   166959.0 s (3.74 periods), wall: 2.135 hours, Δt:   5.42, CFL: 7.20e-01
i:  25700, t:   167491.7 s (3.75 periods), wall: 2.143 hours, Δt:   5.42, CFL: 7.20e-01
i:  25800, t:   168025.9 s (3.76 periods), wall: 2.151 hours, Δt:   5.45, CFL: 7.20e-01
i:  25900, t:   168565.6 s (3.78 periods), wall: 2.160 hours, Δt:   5.52, CFL: 7.20e-01
i:  26000, t:   169113.3 s (3.79 periods), wall: 2.168 hours, Δt:   5.60, CFL: 7.20e-01
i:  26100, t:   169672.0 s (3.80 periods), wall: 2.176 hours, Δt:   5.74, CFL: 7.20e-01
i:  26200, t:   170248.0 s (3.81 periods), wall: 2.185 hours, Δt:   5.87, CFL: 7.20e-01
i:  26300, t:   170832.7 s (3.83 periods), wall: 2.193 hours, Δt:   6.09, CFL: 7.20e-01
i:  26400, t:   171443.1 s (3.84 periods), wall: 2.201 hours, Δt:   6.42, CFL: 7.20e-01
i:  26500, t:   172094.0 s (3.86 periods), wall: 2.210 hours, Δt:   6.84, CFL: 7.20e-01
i:  26600, t:   172778.6 s (3.87 periods), wall: 2.218 hours, Δt:   7.31, CFL: 7.20e-01
i:  26700, t:   173521.2 s (3.89 periods), wall: 2.227 hours, Δt:   8.00, CFL: 7.20e-01
i:  26800, t:   174336.3 s (3.91 periods), wall: 2.235 hours, Δt:   8.60, CFL: 7.20e-01
i:  26900, t:   175156.3 s (3.92 periods), wall: 2.243 hours, Δt:   7.64, CFL: 7.20e-01
i:  27000, t:   175839.7 s (3.94 periods), wall: 2.252 hours, Δt:   6.29, CFL: 7.20e-01
i:  27100, t:   176486.2 s (3.95 periods), wall: 2.260 hours, Δt:   6.70, CFL: 7.20e-01
i:  27200, t:   177250.1 s (3.97 periods), wall: 2.268 hours, Δt:  10.30, CFL: 7.20e-01
i:  27300, t:   178430.6 s (4.00 periods), wall: 2.277 hours, Δt:  14.30, CFL: 7.20e-01
================ Case Ri2500 : profiles ================
[ Info: Case Ri2500: Ri = 2500, N² = 4.953e-05 s⁻², δ = 0.397 m, Re_δ = 1790, 4 periods
[ Info: Saved profile plots for Ri2500 in output_Ri2500/
================ Case Ri2500 : animation ================
[ Info: Case Ri2500: Ri = 2500, N² = 4.953e-05 s⁻², δ = 0.397 m, Re_δ = 1790, 4 periods
[ Info: Making an animation from 801 frames...
[ Info: Frame 100 / 801
[ Info: Frame 200 / 801
[ Info: Frame 300 / 801
[ Info: Frame 400 / 801
[ Info: Frame 500 / 801
[ Info: Frame 600 / 801
[ Info: Frame 700 / 801
[ Info: Frame 800 / 801
[ Info: Saved animation to /Users/tianlangliu/Documents/OCEAN BML PROJECT/output_Ri2500/animation_Ri2500.mp4
[ Info: Saved animation for Ri2500 in output_Ri2500/
================ ALL CASES COMPLETE ================
