[ Info: Case Ri0: Ri = 0, N² = 0 s⁻², δ = 0.397 m, Re_δ = 1790, 15 periods
[ Info: Saved profile plots for Ri0 in output_Ri0/
[ Info: Case Ri0: Ri = 0, N² = 0 s⁻², δ = 0.397 m, Re_δ = 1790, 15 periods
[ Info: Making an animation from 2463 frames...
[ Info: Frame 100 / 2463
[ Info: Frame 200 / 2463
[ Info: Frame 300 / 2463
[ Info: Frame 400 / 2463
[ Info: Frame 500 / 2463
[ Info: Frame 600 / 2463
[ Info: Frame 700 / 2463
[ Info: Frame 800 / 2463
[ Info: Frame 900 / 2463
[ Info: Frame 1000 / 2463
[ Info: Frame 1100 / 2463
[ Info: Frame 1200 / 2463
[ Info: Frame 1300 / 2463
[ Info: Frame 1400 / 2463
[ Info: Frame 1500 / 2463
[ Info: Frame 1600 / 2463
[ Info: Frame 1700 / 2463
[ Info: Frame 1800 / 2463
[ Info: Frame 1900 / 2463
[ Info: Frame 2000 / 2463
[ Info: Frame 2100 / 2463
[ Info: Frame 2200 / 2463
[ Info: Frame 2300 / 2463
[ Info: Frame 2400 / 2463
[ Info: Saved animation to /home/tll46/SRIM-2026/Stokes/3D/output_Ri0/animation_Ri0.mp4
[ Info: Saved animation for Ri0 in output_Ri0/
