i:      0, t:        0.0 s (0.00 periods), wall: 26.406 seconds, Δt:   1.20, CFL: 1.02e-01
i:    100, t:      310.9 s (0.01 periods), wall: 1.153 minutes, Δt:   7.43, CFL: 4.41e-01
i:    200, t:     1526.6 s (0.03 periods), wall: 1.523 minutes, Δt:  13.35, CFL: 9.50e-01
i:    300, t:     2761.5 s (0.06 periods), wall: 1.898 minutes, Δt:  11.54, CFL: 9.50e-01
i:    400, t:     3814.7 s (0.09 periods), wall: 2.268 minutes, Δt:  10.08, CFL: 9.50e-01
i:    500, t:     4749.8 s (0.11 periods), wall: 2.640 minutes, Δt:   8.80, CFL: 9.50e-01
i:    600, t:     5588.4 s (0.13 periods), wall: 3.012 minutes, Δt:   8.40, CFL: 9.50e-01
i:    700, t:     6380.5 s (0.14 periods), wall: 3.379 minutes, Δt:   7.69, CFL: 9.50e-01
i:    800, t:     7127.0 s (0.16 periods), wall: 3.750 minutes, Δt:   7.36, CFL: 9.50e-01
i:    900, t:     7840.5 s (0.18 periods), wall: 4.119 minutes, Δt:   7.09, CFL: 9.50e-01
i:   1000, t:     8530.2 s (0.19 periods), wall: 4.490 minutes, Δt:   6.91, CFL: 9.50e-01
i:   1100, t:     9205.7 s (0.21 periods), wall: 4.856 minutes, Δt:   6.75, CFL: 9.50e-01
i:   1200, t:     9861.2 s (0.22 periods), wall: 5.226 minutes, Δt:   6.73, CFL: 9.50e-01
i:   1300, t:    10516.9 s (0.24 periods), wall: 5.594 minutes, Δt:   6.65, CFL: 9.50e-01
i:   1400, t:    11173.2 s (0.25 periods), wall: 5.964 minutes, Δt:   6.63, CFL: 9.50e-01
i:   1500, t:    11829.6 s (0.27 periods), wall: 6.330 minutes, Δt:   6.80, CFL: 9.50e-01
i:   1600, t:    12499.2 s (0.28 periods), wall: 6.701 minutes, Δt:   6.86, CFL: 9.50e-01
i:   1700, t:    13182.8 s (0.30 periods), wall: 7.073 minutes, Δt:   7.05, CFL: 9.50e-01
i:   1800, t:    13881.3 s (0.31 periods), wall: 7.441 minutes, Δt:   7.21, CFL: 9.50e-01
i:   1900, t:    14606.1 s (0.33 periods), wall: 7.811 minutes, Δt:   7.58, CFL: 9.50e-01
i:   2000, t:    15366.7 s (0.34 periods), wall: 8.179 minutes, Δt:   7.93, CFL: 9.50e-01
i:   2100, t:    16173.3 s (0.36 periods), wall: 8.550 minutes, Δt:   8.63, CFL: 9.50e-01
i:   2200, t:    17057.6 s (0.38 periods), wall: 8.918 minutes, Δt:   9.45, CFL: 9.50e-01
i:   2300, t:    18016.9 s (0.40 periods), wall: 9.290 minutes, Δt:   9.75, CFL: 9.50e-01
i:   2400, t:    18919.0 s (0.42 periods), wall: 9.659 minutes, Δt:   7.00, CFL: 9.50e-01
i:   2500, t:    19523.9 s (0.44 periods), wall: 10.028 minutes, Δt:   5.76, CFL: 9.50e-01
i:   2600, t:    20130.0 s (0.45 periods), wall: 10.395 minutes, Δt:   6.92, CFL: 9.50e-01
i:   2700, t:    20824.1 s (0.47 periods), wall: 10.765 minutes, Δt:   7.57, CFL: 9.50e-01
i:   2800, t:    21700.0 s (0.49 periods), wall: 11.132 minutes, Δt:  10.31, CFL: 9.50e-01
i:   2900, t:    23046.8 s (0.52 periods), wall: 11.510 minutes, Δt:  15.18, CFL: 9.50e-01
i:   3000, t:    24527.0 s (0.55 periods), wall: 11.883 minutes, Δt:  13.59, CFL: 9.50e-01
i:   3100, t:    25761.0 s (0.58 periods), wall: 12.255 minutes, Δt:  11.40, CFL: 9.50e-01
i:   3200, t:    26793.9 s (0.60 periods), wall: 12.626 minutes, Δt:   9.80, CFL: 9.50e-01
i:   3300, t:    27722.3 s (0.62 periods), wall: 12.997 minutes, Δt:   9.08, CFL: 9.50e-01
i:   3400, t:    28578.0 s (0.64 periods), wall: 13.367 minutes, Δt:   8.43, CFL: 9.50e-01
i:   3500, t:    29381.4 s (0.66 periods), wall: 13.737 minutes, Δt:   7.88, CFL: 9.50e-01
i:   3600, t:    30132.0 s (0.67 periods), wall: 14.105 minutes, Δt:   7.55, CFL: 9.50e-01
i:   3700, t:    30860.0 s (0.69 periods), wall: 14.473 minutes, Δt:   7.27, CFL: 9.50e-01
i:   3800, t:    31570.1 s (0.71 periods), wall: 14.844 minutes, Δt:   7.07, CFL: 9.50e-01
i:   3900, t:    32266.8 s (0.72 periods), wall: 15.210 minutes, Δt:   6.93, CFL: 9.50e-01
i:   4000, t:    32963.6 s (0.74 periods), wall: 15.580 minutes, Δt:   6.97, CFL: 9.50e-01
i:   4100, t:    33648.5 s (0.75 periods), wall: 15.947 minutes, Δt:   7.01, CFL: 9.50e-01
i:   4200, t:    34346.4 s (0.77 periods), wall: 16.317 minutes, Δt:   7.07, CFL: 9.50e-01
i:   4300, t:    35042.4 s (0.79 periods), wall: 16.685 minutes, Δt:   7.26, CFL: 9.50e-01
i:   4400, t:    35764.3 s (0.80 periods), wall: 17.053 minutes, Δt:   7.47, CFL: 9.50e-01
i:   4500, t:    36513.4 s (0.82 periods), wall: 17.424 minutes, Δt:   7.79, CFL: 9.50e-01
i:   4600, t:    37298.9 s (0.84 periods), wall: 17.792 minutes, Δt:   8.22, CFL: 9.50e-01
i:   4700, t:    38134.2 s (0.85 periods), wall: 18.162 minutes, Δt:   8.67, CFL: 9.50e-01
i:   4800, t:    39038.5 s (0.87 periods), wall: 18.512 minutes, Δt:   9.70, CFL: 9.50e-01
i:   4900, t:    40037.4 s (0.90 periods), wall: 18.795 minutes, Δt:  10.49, CFL: 9.50e-01
i:   5000, t:    41024.7 s (0.92 periods), wall: 19.076 minutes, Δt:   7.69, CFL: 9.50e-01
i:   5100, t:    41736.6 s (0.93 periods), wall: 19.356 minutes, Δt:   7.35, CFL: 9.50e-01
i:   5200, t:    42541.5 s (0.95 periods), wall: 19.637 minutes, Δt:   9.06, CFL: 9.50e-01
i:   5300, t:    43636.8 s (0.98 periods), wall: 19.916 minutes, Δt:  15.09, CFL: 9.50e-01
i:   5400, t:    45345.2 s (1.02 periods), wall: 20.204 minutes, Δt:  17.14, CFL: 9.50e-01
i:   5500, t:    46852.2 s (1.05 periods), wall: 20.487 minutes, Δt:  13.19, CFL: 9.50e-01
i:   5600, t:    48021.3 s (1.08 periods), wall: 20.771 minutes, Δt:  10.91, CFL: 9.50e-01
i:   5700, t:    49015.3 s (1.10 periods), wall: 21.052 minutes, Δt:   9.34, CFL: 9.50e-01
i:   5800, t:    49893.6 s (1.12 periods), wall: 21.334 minutes, Δt:   8.41, CFL: 9.50e-01
i:   5900, t:    50682.2 s (1.14 periods), wall: 21.616 minutes, Δt:   7.91, CFL: 9.50e-01
i:   6000, t:    51442.7 s (1.15 periods), wall: 21.896 minutes, Δt:   7.63, CFL: 9.50e-01
i:   6100, t:    52166.1 s (1.17 periods), wall: 22.177 minutes, Δt:   7.23, CFL: 9.50e-01
i:   6200, t:    52862.3 s (1.18 periods), wall: 22.458 minutes, Δt:   6.90, CFL: 9.50e-01
i:   6300, t:    53537.7 s (1.20 periods), wall: 22.738 minutes, Δt:   6.89, CFL: 9.50e-01
i:   6400, t:    54211.9 s (1.21 periods), wall: 23.019 minutes, Δt:   6.78, CFL: 9.50e-01
i:   6500, t:    54872.3 s (1.23 periods), wall: 23.300 minutes, Δt:   6.71, CFL: 9.50e-01
i:   6600, t:    55527.5 s (1.24 periods), wall: 23.580 minutes, Δt:   6.69, CFL: 9.50e-01
i:   6700, t:    56184.6 s (1.26 periods), wall: 23.860 minutes, Δt:   6.75, CFL: 9.50e-01
i:   6800, t:    56856.9 s (1.27 periods), wall: 24.140 minutes, Δt:   6.83, CFL: 9.50e-01
i:   6900, t:    57536.1 s (1.29 periods), wall: 24.421 minutes, Δt:   6.99, CFL: 9.50e-01
i:   7000, t:    58231.7 s (1.30 periods), wall: 24.701 minutes, Δt:   7.16, CFL: 9.50e-01
i:   7100, t:    58947.1 s (1.32 periods), wall: 24.984 minutes, Δt:   7.45, CFL: 9.50e-01
i:   7200, t:    59703.6 s (1.34 periods), wall: 25.265 minutes, Δt:   7.89, CFL: 9.50e-01
i:   7300, t:    60504.0 s (1.36 periods), wall: 25.547 minutes, Δt:   8.46, CFL: 9.50e-01
i:   7400, t:    61365.5 s (1.37 periods), wall: 25.827 minutes, Δt:   9.29, CFL: 9.50e-01
i:   7500, t:    62313.4 s (1.40 periods), wall: 26.110 minutes, Δt:  10.28, CFL: 9.50e-01
i:   7600, t:    63401.1 s (1.42 periods), wall: 26.393 minutes, Δt:  12.52, CFL: 9.50e-01
i:   7700, t:    64624.0 s (1.45 periods), wall: 26.676 minutes, Δt:  11.50, CFL: 9.50e-01
i:   7800, t:    65512.2 s (1.47 periods), wall: 26.958 minutes, Δt:   6.94, CFL: 9.50e-01
i:   7900, t:    66340.6 s (1.49 periods), wall: 27.237 minutes, Δt:  10.47, CFL: 9.50e-01
i:   8000, t:    67466.2 s (1.51 periods), wall: 27.521 minutes, Δt:  16.39, CFL: 9.50e-01
i:   8100, t:    69032.5 s (1.55 periods), wall: 27.804 minutes, Δt:  15.35, CFL: 9.50e-01
i:   8200, t:    70358.9 s (1.58 periods), wall: 28.087 minutes, Δt:  12.53, CFL: 9.50e-01
i:   8300, t:    71488.8 s (1.60 periods), wall: 28.370 minutes, Δt:  10.66, CFL: 9.50e-01
i:   8400, t:    72492.0 s (1.62 periods), wall: 28.652 minutes, Δt:   9.54, CFL: 9.50e-01
i:   8500, t:    73387.0 s (1.64 periods), wall: 28.933 minutes, Δt:   8.75, CFL: 9.50e-01
i:   8600, t:    74218.1 s (1.66 periods), wall: 29.215 minutes, Δt:   8.22, CFL: 9.50e-01
i:   8700, t:    75003.1 s (1.68 periods), wall: 29.497 minutes, Δt:   7.84, CFL: 9.50e-01
i:   8800, t:    75763.6 s (1.70 periods), wall: 29.778 minutes, Δt:   7.58, CFL: 9.50e-01
i:   8900, t:    76504.2 s (1.71 periods), wall: 30.059 minutes, Δt:   7.37, CFL: 9.50e-01
i:   9000, t:    77224.2 s (1.73 periods), wall: 30.339 minutes, Δt:   7.33, CFL: 9.50e-01
i:   9100, t:    77940.3 s (1.75 periods), wall: 30.621 minutes, Δt:   7.27, CFL: 9.50e-01
i:   9200, t:    78661.6 s (1.76 periods), wall: 30.901 minutes, Δt:   7.34, CFL: 9.50e-01
i:   9300, t:    79385.3 s (1.78 periods), wall: 31.182 minutes, Δt:   7.48, CFL: 9.50e-01
i:   9400, t:    80128.8 s (1.79 periods), wall: 31.463 minutes, Δt:   7.66, CFL: 9.50e-01
i:   9500, t:    80901.5 s (1.81 periods), wall: 31.743 minutes, Δt:   7.95, CFL: 9.50e-01
i:   9600, t:    81699.6 s (1.83 periods), wall: 32.025 minutes, Δt:   8.42, CFL: 9.50e-01
i:   9700, t:    82548.1 s (1.85 periods), wall: 32.305 minutes, Δt:   9.01, CFL: 9.50e-01
i:   9800, t:    83468.4 s (1.87 periods), wall: 32.587 minutes, Δt:   9.99, CFL: 9.50e-01
i:   9900, t:    84468.7 s (1.89 periods), wall: 32.869 minutes, Δt:   9.79, CFL: 9.50e-01
i:  10000, t:    85485.6 s (1.92 periods), wall: 33.151 minutes, Δt:  10.85, CFL: 9.50e-01
i:  10100, t:    86447.4 s (1.94 periods), wall: 33.435 minutes, Δt:   8.88, CFL: 9.50e-01
i:  10200, t:    87394.6 s (1.96 periods), wall: 33.716 minutes, Δt:  10.19, CFL: 9.50e-01
i:  10300, t:    88644.6 s (1.99 periods), wall: 34.000 minutes, Δt:  17.19, CFL: 9.50e-01
i:  10400, t:    90220.9 s (2.02 periods), wall: 34.287 minutes, Δt:  15.97, CFL: 9.50e-01
i:  10500, t:    91691.4 s (2.05 periods), wall: 34.569 minutes, Δt:  13.45, CFL: 9.50e-01
i:  10600, t:    92884.7 s (2.08 periods), wall: 34.852 minutes, Δt:  10.97, CFL: 9.50e-01
i:  10700, t:    93892.1 s (2.10 periods), wall: 35.133 minutes, Δt:   9.81, CFL: 9.50e-01
i:  10800, t:    94805.8 s (2.12 periods), wall: 35.415 minutes, Δt:   8.82, CFL: 9.50e-01
i:  10900, t:    95636.6 s (2.14 periods), wall: 35.696 minutes, Δt:   8.18, CFL: 9.50e-01
i:  11000, t:    96414.9 s (2.16 periods), wall: 35.975 minutes, Δt:   7.67, CFL: 9.50e-01
i:  11100, t:    97158.7 s (2.18 periods), wall: 36.257 minutes, Δt:   7.39, CFL: 9.50e-01
i:  11200, t:    97869.1 s (2.19 periods), wall: 36.537 minutes, Δt:   7.18, CFL: 9.50e-01
i:  11300, t:    98564.2 s (2.21 periods), wall: 36.818 minutes, Δt:   6.97, CFL: 9.50e-01
i:  11400, t:    99245.7 s (2.22 periods), wall: 37.099 minutes, Δt:   6.90, CFL: 9.50e-01
i:  11500, t:    99920.6 s (2.24 periods), wall: 37.380 minutes, Δt:   6.82, CFL: 9.50e-01
i:  11600, t:   100596.6 s (2.25 periods), wall: 37.661 minutes, Δt:   6.78, CFL: 9.50e-01
i:  11700, t:   101275.1 s (2.27 periods), wall: 37.941 minutes, Δt:   6.87, CFL: 9.50e-01
i:  11800, t:   101955.1 s (2.28 periods), wall: 38.222 minutes, Δt:   7.07, CFL: 9.50e-01
i:  11900, t:   102657.1 s (2.30 periods), wall: 38.503 minutes, Δt:   7.23, CFL: 9.50e-01
i:  12000, t:   103371.4 s (2.32 periods), wall: 38.785 minutes, Δt:   7.48, CFL: 9.50e-01
i:  12100, t:   104128.1 s (2.33 periods), wall: 39.066 minutes, Δt:   7.87, CFL: 9.50e-01
i:  12200, t:   104912.3 s (2.35 periods), wall: 39.348 minutes, Δt:   8.34, CFL: 9.50e-01
i:  12300, t:   105760.2 s (2.37 periods), wall: 39.628 minutes, Δt:   9.06, CFL: 9.50e-01
i:  12400, t:   106641.9 s (2.39 periods), wall: 39.909 minutes, Δt:   9.11, CFL: 9.50e-01
i:  12500, t:   107582.4 s (2.41 periods), wall: 40.190 minutes, Δt:  10.32, CFL: 9.50e-01
i:  12600, t:   108471.4 s (2.43 periods), wall: 40.471 minutes, Δt:   7.30, CFL: 9.50e-01
i:  12700, t:   109181.8 s (2.45 periods), wall: 40.754 minutes, Δt:   7.71, CFL: 9.50e-01
i:  12800, t:   110036.4 s (2.46 periods), wall: 41.035 minutes, Δt:  10.40, CFL: 9.50e-01
i:  12900, t:   111434.3 s (2.50 periods), wall: 41.320 minutes, Δt:  18.37, CFL: 9.50e-01
i:  13000, t:   113195.0 s (2.54 periods), wall: 41.610 minutes, Δt:  15.91, CFL: 9.50e-01
i:  13100, t:   114653.7 s (2.57 periods), wall: 41.892 minutes, Δt:  13.43, CFL: 9.50e-01
i:  13200, t:   115840.8 s (2.59 periods), wall: 42.174 minutes, Δt:  11.05, CFL: 9.50e-01
i:  13300, t:   116861.7 s (2.62 periods), wall: 42.456 minutes, Δt:   9.76, CFL: 9.50e-01
i:  13400, t:   117769.3 s (2.64 periods), wall: 42.737 minutes, Δt:   8.86, CFL: 9.50e-01
i:  13500, t:   118601.5 s (2.66 periods), wall: 43.018 minutes, Δt:   8.28, CFL: 9.50e-01
i:  13600, t:   119394.5 s (2.67 periods), wall: 43.299 minutes, Δt:   7.83, CFL: 9.50e-01
i:  13700, t:   120141.8 s (2.69 periods), wall: 43.581 minutes, Δt:   7.50, CFL: 9.50e-01
i:  13800, t:   120869.0 s (2.71 periods), wall: 43.857 minutes, Δt:   7.32, CFL: 9.50e-01
i:  13900, t:   121586.7 s (2.72 periods), wall: 44.138 minutes, Δt:   7.23, CFL: 9.50e-01
i:  14000, t:   122298.7 s (2.74 periods), wall: 44.419 minutes, Δt:   7.22, CFL: 9.50e-01
i:  14100, t:   123004.8 s (2.76 periods), wall: 44.701 minutes, Δt:   7.23, CFL: 9.50e-01
i:  14200, t:   123725.2 s (2.77 periods), wall: 44.982 minutes, Δt:   7.25, CFL: 9.50e-01
i:  14300, t:   124448.6 s (2.79 periods), wall: 45.262 minutes, Δt:   7.47, CFL: 9.50e-01
i:  14400, t:   125198.4 s (2.80 periods), wall: 45.543 minutes, Δt:   7.66, CFL: 9.50e-01
i:  14500, t:   125956.9 s (2.82 periods), wall: 45.826 minutes, Δt:   8.05, CFL: 9.50e-01
i:  14600, t:   126774.0 s (2.84 periods), wall: 46.107 minutes, Δt:   8.58, CFL: 9.50e-01
i:  14700, t:   127648.4 s (2.86 periods), wall: 46.388 minutes, Δt:   9.27, CFL: 9.50e-01
i:  14800, t:   128593.9 s (2.88 periods), wall: 46.672 minutes, Δt:  10.35, CFL: 9.50e-01
i:  14900, t:   129649.7 s (2.90 periods), wall: 46.954 minutes, Δt:  10.56, CFL: 9.50e-01
i:  15000, t:   130502.3 s (2.92 periods), wall: 47.236 minutes, Δt:   7.57, CFL: 9.50e-01
i:  15100, t:   131232.7 s (2.94 periods), wall: 47.514 minutes, Δt:   8.00, CFL: 9.50e-01
i:  15200, t:   132082.3 s (2.96 periods), wall: 47.795 minutes, Δt:  10.70, CFL: 9.50e-01
i:  15300, t:   133509.3 s (2.99 periods), wall: 48.081 minutes, Δt:  17.95, CFL: 9.50e-01
i:  15400, t:   135259.2 s (3.03 periods), wall: 48.369 minutes, Δt:  16.51, CFL: 9.50e-01
i:  15500, t:   136732.0 s (3.06 periods), wall: 48.655 minutes, Δt:  13.10, CFL: 9.50e-01
i:  15600, t:   137890.7 s (3.09 periods), wall: 48.936 minutes, Δt:  10.77, CFL: 9.50e-01
i:  15700, t:   138888.5 s (3.11 periods), wall: 49.217 minutes, Δt:   9.56, CFL: 9.50e-01
i:  15800, t:   139784.7 s (3.13 periods), wall: 49.498 minutes, Δt:   8.66, CFL: 9.50e-01
i:  15900, t:   140612.7 s (3.15 periods), wall: 49.778 minutes, Δt:   8.09, CFL: 9.50e-01
i:  16000, t:   141385.3 s (3.17 periods), wall: 50.059 minutes, Δt:   7.67, CFL: 9.50e-01
i:  16100, t:   142126.0 s (3.18 periods), wall: 50.340 minutes, Δt:   7.35, CFL: 9.50e-01
i:  16200, t:   142840.2 s (3.20 periods), wall: 50.620 minutes, Δt:   7.10, CFL: 9.50e-01
i:  16300, t:   143531.7 s (3.22 periods), wall: 50.903 minutes, Δt:   7.02, CFL: 9.50e-01
i:  16400, t:   144214.9 s (3.23 periods), wall: 51.183 minutes, Δt:   6.89, CFL: 9.50e-01
i:  16500, t:   144891.2 s (3.25 periods), wall: 51.463 minutes, Δt:   6.87, CFL: 9.50e-01
i:  16600, t:   145567.9 s (3.26 periods), wall: 51.743 minutes, Δt:   6.91, CFL: 9.50e-01
i:  16700, t:   146251.8 s (3.28 periods), wall: 52.024 minutes, Δt:   7.02, CFL: 9.50e-01
i:  16800, t:   146951.7 s (3.29 periods), wall: 52.305 minutes, Δt:   7.19, CFL: 9.50e-01
i:  16900, t:   147667.4 s (3.31 periods), wall: 52.586 minutes, Δt:   7.35, CFL: 9.50e-01
i:  17000, t:   148411.7 s (3.32 periods), wall: 52.867 minutes, Δt:   7.73, CFL: 9.50e-01
i:  17100, t:   149187.1 s (3.34 periods), wall: 53.149 minutes, Δt:   8.19, CFL: 9.50e-01
i:  17200, t:   150016.6 s (3.36 periods), wall: 53.431 minutes, Δt:   8.80, CFL: 9.50e-01
i:  17300, t:   150912.1 s (3.38 periods), wall: 53.713 minutes, Δt:   9.68, CFL: 9.50e-01
i:  17400, t:   151913.3 s (3.40 periods), wall: 53.996 minutes, Δt:  10.62, CFL: 9.50e-01
i:  17500, t:   152899.8 s (3.43 periods), wall: 54.279 minutes, Δt:   6.75, CFL: 9.50e-01
i:  17600, t:   153605.9 s (3.44 periods), wall: 54.559 minutes, Δt:   8.86, CFL: 9.50e-01
i:  17700, t:   154357.6 s (3.46 periods), wall: 54.838 minutes, Δt:   8.29, CFL: 9.50e-01
i:  17800, t:   155337.8 s (3.48 periods), wall: 55.120 minutes, Δt:  13.83, CFL: 9.50e-01
i:  17900, t:   156944.4 s (3.52 periods), wall: 55.409 minutes, Δt:  17.19, CFL: 9.50e-01
i:  18000, t:   158517.1 s (3.55 periods), wall: 55.695 minutes, Δt:  14.58, CFL: 9.50e-01
i:  18100, t:   159836.2 s (3.58 periods), wall: 55.980 minutes, Δt:  12.19, CFL: 9.50e-01
i:  18200, t:   160937.8 s (3.61 periods), wall: 56.261 minutes, Δt:  10.48, CFL: 9.50e-01
i:  18300, t:   161914.6 s (3.63 periods), wall: 56.541 minutes, Δt:   9.37, CFL: 9.50e-01
i:  18400, t:   162799.1 s (3.65 periods), wall: 56.823 minutes, Δt:   8.61, CFL: 9.50e-01
i:  18500, t:   163621.8 s (3.67 periods), wall: 57.104 minutes, Δt:   8.06, CFL: 9.50e-01
i:  18600, t:   164398.7 s (3.68 periods), wall: 57.384 minutes, Δt:   7.73, CFL: 9.50e-01
i:  18700, t:   165147.4 s (3.70 periods), wall: 57.664 minutes, Δt:   7.47, CFL: 9.50e-01
i:  18800, t:   165867.0 s (3.72 periods), wall: 57.946 minutes, Δt:   7.33, CFL: 9.50e-01
i:  18900, t:   166586.7 s (3.73 periods), wall: 58.227 minutes, Δt:   7.25, CFL: 9.50e-01
i:  19000, t:   167299.1 s (3.75 periods), wall: 58.508 minutes, Δt:   7.21, CFL: 9.50e-01
i:  19100, t:   168005.1 s (3.76 periods), wall: 58.788 minutes, Δt:   7.25, CFL: 9.50e-01
i:  19200, t:   168729.1 s (3.78 periods), wall: 59.069 minutes, Δt:   7.35, CFL: 9.50e-01
i:  19300, t:   169446.1 s (3.80 periods), wall: 59.350 minutes, Δt:   7.47, CFL: 9.50e-01
i:  19400, t:   170202.4 s (3.81 periods), wall: 59.630 minutes, Δt:   7.80, CFL: 9.50e-01
i:  19500, t:   170987.5 s (3.83 periods), wall: 59.912 minutes, Δt:   8.20, CFL: 9.50e-01
i:  19600, t:   171824.8 s (3.85 periods), wall: 1.003 hours, Δt:   8.88, CFL: 9.50e-01
i:  19700, t:   172724.1 s (3.87 periods), wall: 1.008 hours, Δt:   9.71, CFL: 9.50e-01
i:  19800, t:   173713.5 s (3.89 periods), wall: 1.013 hours, Δt:  10.71, CFL: 9.50e-01
i:  19900, t:   174765.6 s (3.91 periods), wall: 1.017 hours, Δt:   9.68, CFL: 9.50e-01
i:  20000, t:   175447.9 s (3.93 periods), wall: 1.022 hours, Δt:   6.34, CFL: 9.50e-01
i:  20100, t:   176104.8 s (3.95 periods), wall: 1.027 hours, Δt:   6.36, CFL: 9.50e-01
i:  20200, t:   176891.2 s (3.96 periods), wall: 1.031 hours, Δt:   8.14, CFL: 9.50e-01
i:  20300, t:   178048.9 s (3.99 periods), wall: 1.036 hours, Δt:  18.70, CFL: 9.50e-01
i:  20400, t:   179797.1 s (4.03 periods), wall: 1.041 hours, Δt:  17.39, CFL: 9.50e-01
i:  20500, t:   181264.9 s (4.06 periods), wall: 1.046 hours, Δt:  12.92, CFL: 9.50e-01
i:  20600, t:   182419.9 s (4.09 periods), wall: 1.050 hours, Δt:  10.59, CFL: 9.50e-01
i:  20700, t:   183411.4 s (4.11 periods), wall: 1.055 hours, Δt:   9.52, CFL: 9.50e-01
i:  20800, t:   184308.3 s (4.13 periods), wall: 1.060 hours, Δt:   8.85, CFL: 9.50e-01
i:  20900, t:   185140.7 s (4.15 periods), wall: 1.064 hours, Δt:   8.19, CFL: 9.50e-01
i:  21000, t:   185925.6 s (4.17 periods), wall: 1.069 hours, Δt:   7.76, CFL: 9.50e-01
i:  21100, t:   186676.9 s (4.18 periods), wall: 1.074 hours, Δt:   7.41, CFL: 9.50e-01
i:  21200, t:   187394.6 s (4.20 periods), wall: 1.078 hours, Δt:   7.18, CFL: 9.50e-01
i:  21300, t:   188089.2 s (4.21 periods), wall: 1.083 hours, Δt:   7.04, CFL: 9.50e-01
i:  21400, t:   188777.3 s (4.23 periods), wall: 1.088 hours, Δt:   6.91, CFL: 9.50e-01
i:  21500, t:   189452.8 s (4.24 periods), wall: 1.092 hours, Δt:   6.89, CFL: 9.50e-01
i:  21600, t:   190129.9 s (4.26 periods), wall: 1.097 hours, Δt:   6.93, CFL: 9.50e-01
i:  21700, t:   190808.6 s (4.27 periods), wall: 1.102 hours, Δt:   7.04, CFL: 9.50e-01
i:  21800, t:   191505.6 s (4.29 periods), wall: 1.107 hours, Δt:   7.13, CFL: 9.50e-01
i:  21900, t:   192219.6 s (4.31 periods), wall: 1.111 hours, Δt:   7.45, CFL: 9.50e-01
i:  22000, t:   192967.7 s (4.32 periods), wall: 1.116 hours, Δt:   7.74, CFL: 9.50e-01
i:  22100, t:   193745.7 s (4.34 periods), wall: 1.121 hours, Δt:   8.15, CFL: 9.50e-01
i:  22200, t:   194572.6 s (4.36 periods), wall: 1.125 hours, Δt:   8.78, CFL: 9.50e-01
i:  22300, t:   195472.0 s (4.38 periods), wall: 1.130 hours, Δt:   9.72, CFL: 9.50e-01
i:  22400, t:   196469.3 s (4.40 periods), wall: 1.135 hours, Δt:  10.81, CFL: 9.50e-01
i:  22500, t:   197486.4 s (4.42 periods), wall: 1.139 hours, Δt:   8.85, CFL: 9.50e-01
i:  22600, t:   198224.3 s (4.44 periods), wall: 1.144 hours, Δt:   7.16, CFL: 9.50e-01
i:  22700, t:   198964.5 s (4.46 periods), wall: 1.149 hours, Δt:   7.08, CFL: 9.50e-01
i:  22800, t:   199973.7 s (4.48 periods), wall: 1.154 hours, Δt:  13.61, CFL: 9.50e-01
i:  22900, t:   201446.4 s (4.51 periods), wall: 1.158 hours, Δt:  17.89, CFL: 9.50e-01
i:  23000, t:   203001.7 s (4.55 periods), wall: 1.163 hours, Δt:  13.99, CFL: 9.50e-01
i:  23100, t:   204277.6 s (4.58 periods), wall: 1.168 hours, Δt:  12.28, CFL: 9.50e-01
i:  23200, t:   205386.7 s (4.60 periods), wall: 1.173 hours, Δt:  10.51, CFL: 9.50e-01
i:  23300, t:   206370.9 s (4.62 periods), wall: 1.177 hours, Δt:   9.44, CFL: 9.50e-01
i:  23400, t:   207260.7 s (4.64 periods), wall: 1.182 hours, Δt:   8.62, CFL: 9.50e-01
i:  23500, t:   208079.7 s (4.66 periods), wall: 1.187 hours, Δt:   8.13, CFL: 9.50e-01
i:  23600, t:   208855.4 s (4.68 periods), wall: 1.191 hours, Δt:   7.72, CFL: 9.50e-01
i:  23700, t:   209599.7 s (4.70 periods), wall: 1.196 hours, Δt:   7.49, CFL: 9.50e-01
i:  23800, t:   210327.3 s (4.71 periods), wall: 1.201 hours, Δt:   7.30, CFL: 9.50e-01
i:  23900, t:   211046.6 s (4.73 periods), wall: 1.205 hours, Δt:   7.20, CFL: 9.50e-01
i:  24000, t:   211751.7 s (4.74 periods), wall: 1.210 hours, Δt:   7.19, CFL: 9.50e-01
i:  24100, t:   212450.1 s (4.76 periods), wall: 1.215 hours, Δt:   7.20, CFL: 9.50e-01
i:  24200, t:   213156.0 s (4.77 periods), wall: 1.219 hours, Δt:   7.28, CFL: 9.50e-01
i:  24300, t:   213877.5 s (4.79 periods), wall: 1.224 hours, Δt:   7.43, CFL: 9.50e-01
i:  24400, t:   214618.1 s (4.81 periods), wall: 1.229 hours, Δt:   7.72, CFL: 9.50e-01
i:  24500, t:   215396.1 s (4.83 periods), wall: 1.233 hours, Δt:   8.08, CFL: 9.50e-01
i:  24600, t:   216220.3 s (4.84 periods), wall: 1.238 hours, Δt:   8.64, CFL: 9.50e-01
i:  24700, t:   217089.2 s (4.86 periods), wall: 1.243 hours, Δt:   9.35, CFL: 9.50e-01
i:  24800, t:   218048.3 s (4.88 periods), wall: 1.248 hours, Δt:  10.39, CFL: 9.50e-01
i:  24900, t:   219025.5 s (4.91 periods), wall: 1.252 hours, Δt:   9.71, CFL: 9.50e-01
i:  25000, t:   219874.5 s (4.93 periods), wall: 1.257 hours, Δt:   7.71, CFL: 9.50e-01
i:  25100, t:   220587.5 s (4.94 periods), wall: 1.262 hours, Δt:   7.33, CFL: 9.50e-01
i:  25200, t:   221414.4 s (4.96 periods), wall: 1.266 hours, Δt:  10.50, CFL: 9.50e-01
i:  25300, t:   222809.8 s (4.99 periods), wall: 1.271 hours, Δt:  19.53, CFL: 9.50e-01
i:  25400, t:   224623.8 s (5.03 periods), wall: 1.276 hours, Δt:  16.65, CFL: 9.50e-01
i:  25500, t:   226063.6 s (5.06 periods), wall: 1.281 hours, Δt:  12.89, CFL: 9.50e-01
i:  25600, t:   227216.3 s (5.09 periods), wall: 1.285 hours, Δt:  10.88, CFL: 9.50e-01
i:  25700, t:   228217.2 s (5.11 periods), wall: 1.290 hours, Δt:   9.64, CFL: 9.50e-01
i:  25800, t:   229118.5 s (5.13 periods), wall: 1.295 hours, Δt:   8.80, CFL: 9.50e-01
i:  25900, t:   229953.4 s (5.15 periods), wall: 1.300 hours, Δt:   8.09, CFL: 9.50e-01
i:  26000, t:   230737.2 s (5.17 periods), wall: 1.304 hours, Δt:   7.75, CFL: 9.50e-01
i:  26100, t:   231480.8 s (5.19 periods), wall: 1.309 hours, Δt:   7.45, CFL: 9.50e-01
i:  26200, t:   232200.5 s (5.20 periods), wall: 1.313 hours, Δt:   7.24, CFL: 9.50e-01
i:  26300, t:   232904.4 s (5.22 periods), wall: 1.318 hours, Δt:   7.09, CFL: 9.50e-01
i:  26400, t:   233600.7 s (5.23 periods), wall: 1.323 hours, Δt:   6.98, CFL: 9.50e-01
i:  26500, t:   234298.3 s (5.25 periods), wall: 1.328 hours, Δt:   6.99, CFL: 9.50e-01
i:  26600, t:   234996.9 s (5.26 periods), wall: 1.332 hours, Δt:   7.09, CFL: 9.50e-01
i:  26700, t:   235698.3 s (5.28 periods), wall: 1.337 hours, Δt:   7.18, CFL: 9.50e-01
i:  26800, t:   236405.4 s (5.30 periods), wall: 1.342 hours, Δt:   7.35, CFL: 9.50e-01
i:  26900, t:   237144.6 s (5.31 periods), wall: 1.346 hours, Δt:   7.63, CFL: 9.50e-01
i:  27000, t:   237913.5 s (5.33 periods), wall: 1.351 hours, Δt:   7.99, CFL: 9.50e-01
i:  27100, t:   238718.2 s (5.35 periods), wall: 1.356 hours, Δt:   8.46, CFL: 9.50e-01
i:  27200, t:   239572.0 s (5.37 periods), wall: 1.360 hours, Δt:   8.76, CFL: 9.50e-01
i:  27300, t:   240422.6 s (5.39 periods), wall: 1.365 hours, Δt:   9.31, CFL: 9.50e-01
i:  27400, t:   241295.4 s (5.41 periods), wall: 1.370 hours, Δt:   8.07, CFL: 9.50e-01
i:  27500, t:   242064.7 s (5.42 periods), wall: 1.374 hours, Δt:   7.33, CFL: 9.50e-01
i:  27600, t:   242849.3 s (5.44 periods), wall: 1.379 hours, Δt:   8.36, CFL: 9.50e-01
i:  27700, t:   243854.4 s (5.46 periods), wall: 1.384 hours, Δt:  12.38, CFL: 9.50e-01
i:  27800, t:   245262.7 s (5.49 periods), wall: 1.389 hours, Δt:  16.83, CFL: 9.50e-01
i:  27900, t:   246814.5 s (5.53 periods), wall: 1.393 hours, Δt:  16.10, CFL: 9.50e-01
i:  28000, t:   248224.5 s (5.56 periods), wall: 1.398 hours, Δt:  12.69, CFL: 9.50e-01
i:  28100, t:   249405.6 s (5.59 periods), wall: 1.403 hours, Δt:  11.23, CFL: 9.50e-01
i:  28200, t:   250430.4 s (5.61 periods), wall: 1.408 hours, Δt:   9.67, CFL: 9.50e-01
i:  28300, t:   251341.2 s (5.63 periods), wall: 1.412 hours, Δt:   8.88, CFL: 9.50e-01
i:  28400, t:   252183.4 s (5.65 periods), wall: 1.417 hours, Δt:   8.23, CFL: 9.50e-01
i:  28500, t:   252971.9 s (5.67 periods), wall: 1.422 hours, Δt:   7.81, CFL: 9.50e-01
i:  28600, t:   253720.2 s (5.68 periods), wall: 1.426 hours, Δt:   7.48, CFL: 9.50e-01
i:  28700, t:   254443.7 s (5.70 periods), wall: 1.431 hours, Δt:   7.29, CFL: 9.50e-01
i:  28800, t:   255146.3 s (5.72 periods), wall: 1.436 hours, Δt:   7.14, CFL: 9.50e-01
i:  28900, t:   255843.8 s (5.73 periods), wall: 1.440 hours, Δt:   7.06, CFL: 9.50e-01
i:  29000, t:   256541.2 s (5.75 periods), wall: 1.445 hours, Δt:   7.03, CFL: 9.50e-01
i:  29100, t:   257239.9 s (5.76 periods), wall: 1.450 hours, Δt:   7.07, CFL: 9.50e-01
i:  29200, t:   257939.2 s (5.78 periods), wall: 1.454 hours, Δt:   7.20, CFL: 9.50e-01
i:  29300, t:   258655.2 s (5.79 periods), wall: 1.459 hours, Δt:   7.31, CFL: 9.50e-01
i:  29400, t:   259388.8 s (5.81 periods), wall: 1.464 hours, Δt:   7.62, CFL: 9.50e-01
i:  29500, t:   260154.5 s (5.83 periods), wall: 1.468 hours, Δt:   7.92, CFL: 9.50e-01
i:  29600, t:   260954.3 s (5.85 periods), wall: 1.473 hours, Δt:   8.44, CFL: 9.50e-01
i:  29700, t:   261807.6 s (5.86 periods), wall: 1.478 hours, Δt:   9.10, CFL: 9.50e-01
i:  29800, t:   262725.8 s (5.89 periods), wall: 1.483 hours, Δt:   9.63, CFL: 9.50e-01
i:  29900, t:   263683.2 s (5.91 periods), wall: 1.487 hours, Δt:  10.06, CFL: 9.50e-01
i:  30000, t:   264602.4 s (5.93 periods), wall: 1.492 hours, Δt:   7.67, CFL: 9.50e-01
i:  30100, t:   265363.4 s (5.94 periods), wall: 1.497 hours, Δt:   7.46, CFL: 9.50e-01
i:  30200, t:   266111.5 s (5.96 periods), wall: 1.501 hours, Δt:   8.12, CFL: 9.50e-01
i:  30300, t:   267357.4 s (5.99 periods), wall: 1.506 hours, Δt:  18.50, CFL: 9.50e-01
i:  30400, t:   268928.3 s (6.02 periods), wall: 1.511 hours, Δt:  15.58, CFL: 9.50e-01
i:  30500, t:   270321.8 s (6.06 periods), wall: 1.516 hours, Δt:  13.24, CFL: 9.50e-01
i:  30600, t:   271539.6 s (6.08 periods), wall: 1.520 hours, Δt:  11.45, CFL: 9.50e-01
i:  30700, t:   272588.5 s (6.11 periods), wall: 1.525 hours, Δt:  10.12, CFL: 9.50e-01
i:  30800, t:   273530.6 s (6.13 periods), wall: 1.530 hours, Δt:   9.10, CFL: 9.50e-01
i:  30900, t:   274389.3 s (6.15 periods), wall: 1.535 hours, Δt:   8.43, CFL: 9.50e-01
i:  31000, t:   275198.2 s (6.16 periods), wall: 1.539 hours, Δt:   7.95, CFL: 9.50e-01
i:  31100, t:   275958.9 s (6.18 periods), wall: 1.544 hours, Δt:   7.57, CFL: 9.50e-01
i:  31200, t:   276700.2 s (6.20 periods), wall: 1.549 hours, Δt:   7.36, CFL: 9.50e-01
i:  31300, t:   277416.3 s (6.21 periods), wall: 1.553 hours, Δt:   7.18, CFL: 9.50e-01
i:  31400, t:   278114.3 s (6.23 periods), wall: 1.558 hours, Δt:   7.10, CFL: 9.50e-01
i:  31500, t:   278811.6 s (6.25 periods), wall: 1.563 hours, Δt:   6.99, CFL: 9.50e-01
i:  31600, t:   279510.0 s (6.26 periods), wall: 1.567 hours, Δt:   7.07, CFL: 9.50e-01
i:  31700, t:   280208.7 s (6.28 periods), wall: 1.572 hours, Δt:   7.18, CFL: 9.50e-01
i:  31800, t:   280917.4 s (6.29 periods), wall: 1.577 hours, Δt:   7.35, CFL: 9.50e-01
i:  31900, t:   281650.8 s (6.31 periods), wall: 1.581 hours, Δt:   7.61, CFL: 9.50e-01
i:  32000, t:   282411.3 s (6.33 periods), wall: 1.586 hours, Δt:   7.96, CFL: 9.50e-01
i:  32100, t:   283219.2 s (6.34 periods), wall: 1.591 hours, Δt:   8.49, CFL: 9.50e-01
i:  32200, t:   284074.7 s (6.36 periods), wall: 1.595 hours, Δt:   9.24, CFL: 9.50e-01
i:  32300, t:   285010.3 s (6.38 periods), wall: 1.600 hours, Δt:  10.02, CFL: 9.50e-01
i:  32400, t:   285995.6 s (6.41 periods), wall: 1.605 hours, Δt:   9.34, CFL: 9.50e-01
i:  32500, t:   286847.6 s (6.43 periods), wall: 1.610 hours, Δt:   9.23, CFL: 9.50e-01
i:  32600, t:   287721.7 s (6.45 periods), wall: 1.614 hours, Δt:   8.64, CFL: 9.50e-01
i:  32700, t:   288650.9 s (6.47 periods), wall: 1.619 hours, Δt:  11.01, CFL: 9.50e-01
i:  32800, t:   290038.2 s (6.50 periods), wall: 1.624 hours, Δt:  15.89, CFL: 9.50e-01
i:  32900, t:   291617.9 s (6.53 periods), wall: 1.629 hours, Δt:  16.21, CFL: 9.50e-01
i:  33000, t:   292982.2 s (6.56 periods), wall: 1.633 hours, Δt:  12.75, CFL: 9.50e-01
i:  33100, t:   294145.6 s (6.59 periods), wall: 1.638 hours, Δt:  11.05, CFL: 9.50e-01
i:  33200, t:   295180.1 s (6.61 periods), wall: 1.643 hours, Δt:   9.83, CFL: 9.50e-01
i:  33300, t:   296098.5 s (6.63 periods), wall: 1.647 hours, Δt:   8.86, CFL: 9.50e-01
i:  33400, t:   296939.2 s (6.65 periods), wall: 1.652 hours, Δt:   8.32, CFL: 9.50e-01
i:  33500, t:   297739.8 s (6.67 periods), wall: 1.657 hours, Δt:   7.84, CFL: 9.50e-01
i:  33600, t:   298494.4 s (6.69 periods), wall: 1.662 hours, Δt:   7.57, CFL: 9.50e-01
i:  33700, t:   299228.2 s (6.70 periods), wall: 1.666 hours, Δt:   7.33, CFL: 9.50e-01
i:  33800, t:   299945.3 s (6.72 periods), wall: 1.671 hours, Δt:   7.18, CFL: 9.50e-01
i:  33900, t:   300649.0 s (6.73 periods), wall: 1.676 hours, Δt:   7.15, CFL: 9.50e-01
i:  34000, t:   301341.4 s (6.75 periods), wall: 1.680 hours, Δt:   7.14, CFL: 9.50e-01
i:  34100, t:   302039.8 s (6.77 periods), wall: 1.685 hours, Δt:   7.19, CFL: 9.50e-01
i:  34200, t:   302754.1 s (6.78 periods), wall: 1.690 hours, Δt:   7.30, CFL: 9.50e-01
i:  34300, t:   303477.5 s (6.80 periods), wall: 1.694 hours, Δt:   7.48, CFL: 9.50e-01
i:  34400, t:   304229.4 s (6.82 periods), wall: 1.699 hours, Δt:   7.80, CFL: 9.50e-01
i:  34500, t:   305013.1 s (6.83 periods), wall: 1.704 hours, Δt:   8.19, CFL: 9.50e-01
i:  34600, t:   305845.0 s (6.85 periods), wall: 1.708 hours, Δt:   8.80, CFL: 9.50e-01
i:  34700, t:   306743.8 s (6.87 periods), wall: 1.713 hours, Δt:   9.63, CFL: 9.50e-01
i:  34800, t:   307723.9 s (6.89 periods), wall: 1.718 hours, Δt:  10.38, CFL: 9.50e-01
i:  34900, t:   308706.3 s (6.92 periods), wall: 1.722 hours, Δt:  10.04, CFL: 9.50e-01
i:  35000, t:   309535.6 s (6.93 periods), wall: 1.727 hours, Δt:   7.19, CFL: 9.50e-01
i:  35100, t:   310297.4 s (6.95 periods), wall: 1.732 hours, Δt:   8.66, CFL: 9.50e-01
i:  35200, t:   311396.1 s (6.98 periods), wall: 1.737 hours, Δt:  15.63, CFL: 9.50e-01
i:  35300, t:   313168.2 s (7.02 periods), wall: 1.741 hours, Δt:  17.93, CFL: 9.50e-01
i:  35400, t:   314712.0 s (7.05 periods), wall: 1.746 hours, Δt:  14.62, CFL: 9.50e-01
i:  35500, t:   315982.4 s (7.08 periods), wall: 1.751 hours, Δt:  11.63, CFL: 9.50e-01
i:  35600, t:   317046.7 s (7.10 periods), wall: 1.756 hours, Δt:  10.19, CFL: 9.50e-01
i:  35700, t:   318004.3 s (7.12 periods), wall: 1.760 hours, Δt:   9.19, CFL: 9.50e-01
i:  35800, t:   318866.5 s (7.14 periods), wall: 1.765 hours, Δt:   8.39, CFL: 9.50e-01
i:  35900, t:   319670.6 s (7.16 periods), wall: 1.770 hours, Δt:   7.98, CFL: 9.50e-01
i:  36000, t:   320429.8 s (7.18 periods), wall: 1.774 hours, Δt:   7.62, CFL: 9.50e-01
i:  36100, t:   321168.9 s (7.19 periods), wall: 1.779 hours, Δt:   7.36, CFL: 9.50e-01
i:  36200, t:   321883.1 s (7.21 periods), wall: 1.784 hours, Δt:   7.19, CFL: 9.50e-01
i:  36300, t:   322580.7 s (7.23 periods), wall: 1.789 hours, Δt:   7.06, CFL: 9.50e-01
i:  36400, t:   323278.1 s (7.24 periods), wall: 1.793 hours, Δt:   7.06, CFL: 9.50e-01
i:  36500, t:   323975.8 s (7.26 periods), wall: 1.798 hours, Δt:   7.02, CFL: 9.50e-01
i:  36600, t:   324675.5 s (7.27 periods), wall: 1.803 hours, Δt:   7.15, CFL: 9.50e-01
i:  36700, t:   325383.7 s (7.29 periods), wall: 1.807 hours, Δt:   7.29, CFL: 9.50e-01
i:  36800, t:   326110.2 s (7.31 periods), wall: 1.812 hours, Δt:   7.48, CFL: 9.50e-01
i:  36900, t:   326857.9 s (7.32 periods), wall: 1.817 hours, Δt:   7.80, CFL: 9.50e-01
i:  37000, t:   327644.4 s (7.34 periods), wall: 1.821 hours, Δt:   8.14, CFL: 9.50e-01
i:  37100, t:   328460.5 s (7.36 periods), wall: 1.826 hours, Δt:   8.35, CFL: 9.50e-01
i:  37200, t:   329314.3 s (7.38 periods), wall: 1.831 hours, Δt:   8.83, CFL: 9.50e-01
i:  37300, t:   330137.0 s (7.40 periods), wall: 1.835 hours, Δt:   7.90, CFL: 9.50e-01
i:  37400, t:   330891.4 s (7.41 periods), wall: 1.840 hours, Δt:   7.72, CFL: 9.50e-01
i:  37500, t:   331579.6 s (7.43 periods), wall: 1.845 hours, Δt:   6.33, CFL: 9.50e-01
i:  37600, t:   332362.9 s (7.45 periods), wall: 1.849 hours, Δt:   9.07, CFL: 9.50e-01
i:  37700, t:   333443.3 s (7.47 periods), wall: 1.854 hours, Δt:  14.84, CFL: 9.50e-01
i:  37800, t:   335113.2 s (7.51 periods), wall: 1.859 hours, Δt:  17.78, CFL: 9.50e-01
i:  37900, t:   336737.5 s (7.54 periods), wall: 1.864 hours, Δt:  14.67, CFL: 9.50e-01
i:  38000, t:   338050.0 s (7.57 periods), wall: 1.868 hours, Δt:  12.30, CFL: 9.50e-01
i:  38100, t:   339170.3 s (7.60 periods), wall: 1.873 hours, Δt:  10.57, CFL: 9.50e-01
i:  38200, t:   340152.7 s (7.62 periods), wall: 1.878 hours, Δt:   9.41, CFL: 9.50e-01
i:  38300, t:   341035.7 s (7.64 periods), wall: 1.883 hours, Δt:   8.59, CFL: 9.50e-01
i:  38400, t:   341849.0 s (7.66 periods), wall: 1.887 hours, Δt:   8.05, CFL: 9.50e-01
i:  38500, t:   342627.3 s (7.68 periods), wall: 1.892 hours, Δt:   7.65, CFL: 9.50e-01
i:  38600, t:   343370.6 s (7.69 periods), wall: 1.897 hours, Δt:   7.43, CFL: 9.50e-01
i:  38700, t:   344089.1 s (7.71 periods), wall: 1.901 hours, Δt:   7.22, CFL: 9.50e-01
i:  38800, t:   344790.9 s (7.72 periods), wall: 1.906 hours, Δt:   7.08, CFL: 9.50e-01
i:  38900, t:   345487.7 s (7.74 periods), wall: 1.911 hours, Δt:   7.05, CFL: 9.50e-01
i:  39000, t:   346183.2 s (7.76 periods), wall: 1.916 hours, Δt:   7.06, CFL: 9.50e-01
i:  39100, t:   346881.2 s (7.77 periods), wall: 1.920 hours, Δt:   7.11, CFL: 9.50e-01
i:  39200, t:   347580.2 s (7.79 periods), wall: 1.925 hours, Δt:   7.26, CFL: 9.50e-01
i:  39300, t:   348303.1 s (7.80 periods), wall: 1.930 hours, Δt:   7.45, CFL: 9.50e-01
i:  39400, t:   349045.5 s (7.82 periods), wall: 1.934 hours, Δt:   7.77, CFL: 9.50e-01
i:  39500, t:   349819.2 s (7.84 periods), wall: 1.939 hours, Δt:   8.11, CFL: 9.50e-01
i:  39600, t:   350622.7 s (7.85 periods), wall: 1.944 hours, Δt:   8.44, CFL: 9.50e-01
i:  39700, t:   351468.4 s (7.87 periods), wall: 1.948 hours, Δt:   8.30, CFL: 9.50e-01
i:  39800, t:   352230.9 s (7.89 periods), wall: 1.953 hours, Δt:   7.17, CFL: 9.50e-01
i:  39900, t:   352970.5 s (7.91 periods), wall: 1.958 hours, Δt:   8.35, CFL: 9.50e-01
i:  40000, t:   353779.6 s (7.93 periods), wall: 1.962 hours, Δt:   8.07, CFL: 9.50e-01
i:  40100, t:   354637.9 s (7.94 periods), wall: 1.967 hours, Δt:  10.36, CFL: 9.50e-01
i:  40200, t:   355728.1 s (7.97 periods), wall: 1.972 hours, Δt:  13.14, CFL: 9.50e-01
i:  40300, t:   357318.8 s (8.00 periods), wall: 1.977 hours, Δt:  17.61, CFL: 9.50e-01
i:  40400, t:   358905.6 s (8.04 periods), wall: 1.981 hours, Δt:  15.65, CFL: 9.50e-01
i:  40500, t:   360234.7 s (8.07 periods), wall: 1.986 hours, Δt:  12.27, CFL: 9.50e-01
i:  40600, t:   361341.4 s (8.09 periods), wall: 1.991 hours, Δt:  10.51, CFL: 9.50e-01
i:  40700, t:   362310.9 s (8.12 periods), wall: 1.996 hours, Δt:   9.48, CFL: 9.50e-01
i:  40800, t:   363198.6 s (8.14 periods), wall: 2.000 hours, Δt:   8.62, CFL: 9.50e-01
i:  40900, t:   364028.5 s (8.15 periods), wall: 2.005 hours, Δt:   8.08, CFL: 9.50e-01
i:  41000, t:   364801.5 s (8.17 periods), wall: 2.010 hours, Δt:   7.71, CFL: 9.50e-01
i:  41100, t:   365542.2 s (8.19 periods), wall: 2.014 hours, Δt:   7.39, CFL: 9.50e-01
i:  41200, t:   366257.8 s (8.20 periods), wall: 2.019 hours, Δt:   7.21, CFL: 9.50e-01
i:  41300, t:   366955.0 s (8.22 periods), wall: 2.024 hours, Δt:   7.09, CFL: 9.50e-01
i:  41400, t:   367652.5 s (8.24 periods), wall: 2.029 hours, Δt:   7.01, CFL: 9.50e-01
i:  41500, t:   368350.4 s (8.25 periods), wall: 2.033 hours, Δt:   7.03, CFL: 9.50e-01
i:  41600, t:   369048.2 s (8.27 periods), wall: 2.038 hours, Δt:   7.04, CFL: 9.50e-01
i:  41700, t:   369748.5 s (8.28 periods), wall: 2.043 hours, Δt:   7.20, CFL: 9.50e-01
i:  41800, t:   370465.0 s (8.30 periods), wall: 2.047 hours, Δt:   7.37, CFL: 9.50e-01
i:  41900, t:   371196.8 s (8.32 periods), wall: 2.052 hours, Δt:   7.64, CFL: 9.50e-01
i:  42000, t:   371962.0 s (8.33 periods), wall: 2.057 hours, Δt:   7.97, CFL: 9.50e-01
i:  42100, t:   372760.9 s (8.35 periods), wall: 2.061 hours, Δt:   8.48, CFL: 9.50e-01
i:  42200, t:   373621.5 s (8.37 periods), wall: 2.066 hours, Δt:   9.21, CFL: 9.50e-01
i:  42300, t:   374568.1 s (8.39 periods), wall: 2.071 hours, Δt:   9.57, CFL: 9.50e-01
i:  42400, t:   375551.3 s (8.41 periods), wall: 2.075 hours, Δt:   9.91, CFL: 9.50e-01
i:  42500, t:   376444.1 s (8.43 periods), wall: 2.080 hours, Δt:   7.07, CFL: 9.50e-01
i:  42600, t:   377173.9 s (8.45 periods), wall: 2.085 hours, Δt:   7.90, CFL: 9.50e-01
i:  42700, t:   378083.9 s (8.47 periods), wall: 2.089 hours, Δt:  11.80, CFL: 9.50e-01
i:  42800, t:   379440.0 s (8.50 periods), wall: 2.094 hours, Δt:  14.95, CFL: 9.50e-01
i:  42900, t:   380943.2 s (8.53 periods), wall: 2.099 hours, Δt:  16.19, CFL: 9.50e-01
i:  43000, t:   382368.1 s (8.57 periods), wall: 2.104 hours, Δt:  12.84, CFL: 9.50e-01
i:  43100, t:   383524.4 s (8.59 periods), wall: 2.109 hours, Δt:  10.96, CFL: 9.50e-01
i:  43200, t:   384549.0 s (8.61 periods), wall: 2.113 hours, Δt:   9.76, CFL: 9.50e-01
i:  43300, t:   385461.2 s (8.63 periods), wall: 2.118 hours, Δt:   8.94, CFL: 9.50e-01
i:  43400, t:   386304.1 s (8.65 periods), wall: 2.123 hours, Δt:   8.31, CFL: 9.50e-01
i:  43500, t:   387100.2 s (8.67 periods), wall: 2.127 hours, Δt:   7.87, CFL: 9.50e-01
i:  43600, t:   387858.4 s (8.69 periods), wall: 2.132 hours, Δt:   7.54, CFL: 9.50e-01
i:  43700, t:   388589.8 s (8.70 periods), wall: 2.137 hours, Δt:   7.35, CFL: 9.50e-01
i:  43800, t:   389304.3 s (8.72 periods), wall: 2.142 hours, Δt:   7.22, CFL: 9.50e-01
i:  43900, t:   390016.2 s (8.74 periods), wall: 2.146 hours, Δt:   7.15, CFL: 9.50e-01
i:  44000, t:   390714.4 s (8.75 periods), wall: 2.151 hours, Δt:   7.16, CFL: 9.50e-01
i:  44100, t:   391421.2 s (8.77 periods), wall: 2.156 hours, Δt:   7.23, CFL: 9.50e-01
i:  44200, t:   392144.9 s (8.78 periods), wall: 2.160 hours, Δt:   7.38, CFL: 9.50e-01
i:  44300, t:   392877.2 s (8.80 periods), wall: 2.165 hours, Δt:   7.58, CFL: 9.50e-01
i:  44400, t:   393635.4 s (8.82 periods), wall: 2.170 hours, Δt:   7.89, CFL: 9.50e-01
i:  44500, t:   394427.3 s (8.84 periods), wall: 2.174 hours, Δt:   8.30, CFL: 9.50e-01
i:  44600, t:   395274.8 s (8.85 periods), wall: 2.179 hours, Δt:   8.86, CFL: 9.50e-01
i:  44700, t:   396180.0 s (8.88 periods), wall: 2.184 hours, Δt:   9.32, CFL: 9.50e-01
i:  44800, t:   397144.8 s (8.90 periods), wall: 2.189 hours, Δt:  10.42, CFL: 9.50e-01
i:  44900, t:   398093.8 s (8.92 periods), wall: 2.193 hours, Δt:   8.21, CFL: 9.50e-01
i:  45000, t:   398837.7 s (8.93 periods), wall: 2.198 hours, Δt:   7.13, CFL: 9.50e-01
i:  45100, t:   399622.1 s (8.95 periods), wall: 2.203 hours, Δt:   8.63, CFL: 9.50e-01
i:  45200, t:   400685.6 s (8.98 periods), wall: 2.207 hours, Δt:  15.04, CFL: 9.50e-01
i:  45300, t:   402333.8 s (9.01 periods), wall: 2.212 hours, Δt:  18.76, CFL: 9.50e-01
i:  45400, t:   403903.3 s (9.05 periods), wall: 2.217 hours, Δt:  14.56, CFL: 9.50e-01
i:  45500, t:   405180.3 s (9.08 periods), wall: 2.222 hours, Δt:  11.80, CFL: 9.50e-01
i:  45600, t:   406265.7 s (9.10 periods), wall: 2.226 hours, Δt:  10.33, CFL: 9.50e-01
i:  45700, t:   407228.2 s (9.12 periods), wall: 2.231 hours, Δt:   9.28, CFL: 9.50e-01
i:  45800, t:   408095.3 s (9.14 periods), wall: 2.236 hours, Δt:   8.49, CFL: 9.50e-01
i:  45900, t:   408902.4 s (9.16 periods), wall: 2.240 hours, Δt:   8.01, CFL: 9.50e-01
i:  46000, t:   409679.4 s (9.18 periods), wall: 2.245 hours, Δt:   7.61, CFL: 9.50e-01
i:  46100, t:   410419.1 s (9.19 periods), wall: 2.250 hours, Δt:   7.34, CFL: 9.50e-01
i:  46200, t:   411134.4 s (9.21 periods), wall: 2.255 hours, Δt:   7.19, CFL: 9.50e-01
i:  46300, t:   411832.3 s (9.23 periods), wall: 2.259 hours, Δt:   7.08, CFL: 9.50e-01
i:  46400, t:   412529.8 s (9.24 periods), wall: 2.264 hours, Δt:   7.00, CFL: 9.50e-01
i:  46500, t:   413227.0 s (9.26 periods), wall: 2.269 hours, Δt:   7.01, CFL: 9.50e-01
i:  46600, t:   413926.3 s (9.27 periods), wall: 2.273 hours, Δt:   7.11, CFL: 9.50e-01
i:  46700, t:   414627.7 s (9.29 periods), wall: 2.278 hours, Δt:   7.30, CFL: 9.50e-01
i:  46800, t:   415352.2 s (9.30 periods), wall: 2.283 hours, Δt:   7.49, CFL: 9.50e-01
i:  46900, t:   416099.1 s (9.32 periods), wall: 2.287 hours, Δt:   7.80, CFL: 9.50e-01
i:  47000, t:   416886.6 s (9.34 periods), wall: 2.292 hours, Δt:   8.27, CFL: 9.50e-01
i:  47100, t:   417721.0 s (9.36 periods), wall: 2.297 hours, Δt:   8.75, CFL: 9.50e-01
i:  47200, t:   418612.7 s (9.38 periods), wall: 2.302 hours, Δt:   9.43, CFL: 9.50e-01
i:  47300, t:   419482.6 s (9.40 periods), wall: 2.306 hours, Δt:   8.04, CFL: 9.50e-01
i:  47400, t:   420252.4 s (9.41 periods), wall: 2.311 hours, Δt:   7.62, CFL: 9.50e-01
i:  47500, t:   420970.5 s (9.43 periods), wall: 2.316 hours, Δt:   7.64, CFL: 9.50e-01
i:  47600, t:   421770.0 s (9.45 periods), wall: 2.320 hours, Δt:  10.11, CFL: 9.50e-01
i:  47700, t:   422913.0 s (9.47 periods), wall: 2.325 hours, Δt:  14.83, CFL: 9.50e-01
i:  47800, t:   424613.9 s (9.51 periods), wall: 2.330 hours, Δt:  17.41, CFL: 9.50e-01
i:  47900, t:   426176.7 s (9.55 periods), wall: 2.335 hours, Δt:  14.45, CFL: 9.50e-01
i:  48000, t:   427440.2 s (9.58 periods), wall: 2.339 hours, Δt:  11.90, CFL: 9.50e-01
i:  48100, t:   428530.6 s (9.60 periods), wall: 2.344 hours, Δt:  10.22, CFL: 9.50e-01
i:  48200, t:   429474.0 s (9.62 periods), wall: 2.349 hours, Δt:   9.22, CFL: 9.50e-01
i:  48300, t:   430346.7 s (9.64 periods), wall: 2.354 hours, Δt:   8.53, CFL: 9.50e-01
i:  48400, t:   431159.6 s (9.66 periods), wall: 2.358 hours, Δt:   7.91, CFL: 9.50e-01
i:  48500, t:   431922.6 s (9.68 periods), wall: 2.363 hours, Δt:   7.60, CFL: 9.50e-01
i:  48600, t:   432664.9 s (9.69 periods), wall: 2.368 hours, Δt:   7.35, CFL: 9.50e-01
i:  48700, t:   433375.5 s (9.71 periods), wall: 2.372 hours, Δt:   7.19, CFL: 9.50e-01
i:  48800, t:   434078.2 s (9.72 periods), wall: 2.377 hours, Δt:   7.04, CFL: 9.50e-01
i:  48900, t:   434774.0 s (9.74 periods), wall: 2.382 hours, Δt:   7.01, CFL: 9.50e-01
i:  49000, t:   435470.2 s (9.76 periods), wall: 2.386 hours, Δt:   6.99, CFL: 9.50e-01
i:  49100, t:   436168.3 s (9.77 periods), wall: 2.391 hours, Δt:   7.12, CFL: 9.50e-01
i:  49200, t:   436866.6 s (9.79 periods), wall: 2.396 hours, Δt:   7.18, CFL: 9.50e-01
i:  49300, t:   437582.6 s (9.80 periods), wall: 2.400 hours, Δt:   7.42, CFL: 9.50e-01
i:  49400, t:   438326.1 s (9.82 periods), wall: 2.405 hours, Δt:   7.72, CFL: 9.50e-01
i:  49500, t:   439099.2 s (9.84 periods), wall: 2.410 hours, Δt:   8.13, CFL: 9.50e-01
i:  49600, t:   439917.3 s (9.85 periods), wall: 2.415 hours, Δt:   8.64, CFL: 9.50e-01
i:  49700, t:   440789.3 s (9.87 periods), wall: 2.419 hours, Δt:   9.12, CFL: 9.50e-01
i:  49800, t:   441711.4 s (9.89 periods), wall: 2.424 hours, Δt:   9.70, CFL: 9.50e-01
i:  49900, t:   442658.3 s (9.92 periods), wall: 2.429 hours, Δt:   8.38, CFL: 9.50e-01
i:  50000, t:   443456.2 s (9.93 periods), wall: 2.434 hours, Δt:   8.41, CFL: 9.50e-01
i:  50100, t:   444281.2 s (9.95 periods), wall: 2.438 hours, Δt:  10.25, CFL: 9.50e-01
i:  50200, t:   445387.1 s (9.98 periods), wall: 2.443 hours, Δt:  13.78, CFL: 9.50e-01
i:  50300, t:   447069.6 s (10.01 periods), wall: 2.448 hours, Δt:  17.57, CFL: 9.50e-01
i:  50400, t:   448632.0 s (10.05 periods), wall: 2.453 hours, Δt:  14.43, CFL: 9.50e-01
i:  50500, t:   449920.4 s (10.08 periods), wall: 2.457 hours, Δt:  12.00, CFL: 9.50e-01
i:  50600, t:   451010.4 s (10.10 periods), wall: 2.462 hours, Δt:  10.25, CFL: 9.50e-01
i:  50700, t:   451962.9 s (10.12 periods), wall: 2.467 hours, Δt:   9.18, CFL: 9.50e-01
i:  50800, t:   452838.4 s (10.14 periods), wall: 2.471 hours, Δt:   8.45, CFL: 9.50e-01
i:  50900, t:   453647.2 s (10.16 periods), wall: 2.476 hours, Δt:   8.04, CFL: 9.50e-01
i:  51000, t:   454419.9 s (10.18 periods), wall: 2.481 hours, Δt:   7.63, CFL: 9.50e-01
i:  51100, t:   455156.4 s (10.20 periods), wall: 2.486 hours, Δt:   7.40, CFL: 9.50e-01
i:  51200, t:   455876.1 s (10.21 periods), wall: 2.490 hours, Δt:   7.24, CFL: 9.50e-01
i:  51300, t:   456587.1 s (10.23 periods), wall: 2.495 hours, Δt:   7.15, CFL: 9.50e-01
i:  51400, t:   457284.8 s (10.24 periods), wall: 2.500 hours, Δt:   7.14, CFL: 9.50e-01
i:  51500, t:   457983.2 s (10.26 periods), wall: 2.504 hours, Δt:   7.15, CFL: 9.50e-01
i:  51600, t:   458683.3 s (10.28 periods), wall: 2.509 hours, Δt:   7.26, CFL: 9.50e-01
i:  51700, t:   459404.5 s (10.29 periods), wall: 2.514 hours, Δt:   7.40, CFL: 9.50e-01
i:  51800, t:   460144.5 s (10.31 periods), wall: 2.518 hours, Δt:   7.63, CFL: 9.50e-01
i:  51900, t:   460908.0 s (10.32 periods), wall: 2.523 hours, Δt:   8.01, CFL: 9.50e-01
i:  52000, t:   461721.3 s (10.34 periods), wall: 2.528 hours, Δt:   8.53, CFL: 9.50e-01
i:  52100, t:   462589.5 s (10.36 periods), wall: 2.532 hours, Δt:   9.27, CFL: 9.50e-01
i:  52200, t:   463532.7 s (10.38 periods), wall: 2.537 hours, Δt:  10.17, CFL: 9.50e-01
i:  52300, t:   464541.4 s (10.41 periods), wall: 2.542 hours, Δt:   9.88, CFL: 9.50e-01
i:  52400, t:   465378.6 s (10.43 periods), wall: 2.547 hours, Δt:   6.18, CFL: 9.50e-01
i:  52500, t:   465997.0 s (10.44 periods), wall: 2.551 hours, Δt:   7.21, CFL: 9.50e-01
i:  52600, t:   466719.3 s (10.46 periods), wall: 2.556 hours, Δt:   8.39, CFL: 9.50e-01
i:  52700, t:   467717.5 s (10.48 periods), wall: 2.561 hours, Δt:  13.44, CFL: 9.50e-01
i:  52800, t:   469166.4 s (10.51 periods), wall: 2.566 hours, Δt:  16.04, CFL: 9.50e-01
i:  52900, t:   470713.2 s (10.54 periods), wall: 2.570 hours, Δt:  14.84, CFL: 9.50e-01
i:  53000, t:   472004.5 s (10.57 periods), wall: 2.575 hours, Δt:  12.06, CFL: 9.50e-01
i:  53100, t:   473109.1 s (10.60 periods), wall: 2.580 hours, Δt:  10.45, CFL: 9.50e-01
i:  53200, t:   474076.8 s (10.62 periods), wall: 2.585 hours, Δt:   9.42, CFL: 9.50e-01
i:  53300, t:   474969.6 s (10.64 periods), wall: 2.589 hours, Δt:   8.68, CFL: 9.50e-01
i:  53400, t:   475803.2 s (10.66 periods), wall: 2.594 hours, Δt:   8.08, CFL: 9.50e-01
i:  53500, t:   476578.5 s (10.68 periods), wall: 2.599 hours, Δt:   7.75, CFL: 9.50e-01
i:  53600, t:   477328.4 s (10.69 periods), wall: 2.603 hours, Δt:   7.46, CFL: 9.50e-01
i:  53700, t:   478052.6 s (10.71 periods), wall: 2.608 hours, Δt:   7.24, CFL: 9.50e-01
i:  53800, t:   478764.0 s (10.72 periods), wall: 2.613 hours, Δt:   7.16, CFL: 9.50e-01
i:  53900, t:   479462.1 s (10.74 periods), wall: 2.617 hours, Δt:   7.12, CFL: 9.50e-01
i:  54000, t:   480160.2 s (10.76 periods), wall: 2.622 hours, Δt:   7.12, CFL: 9.50e-01
i:  54100, t:   480859.4 s (10.77 periods), wall: 2.627 hours, Δt:   7.23, CFL: 9.50e-01
i:  54200, t:   481581.5 s (10.79 periods), wall: 2.631 hours, Δt:   7.36, CFL: 9.50e-01
i:  54300, t:   482313.9 s (10.80 periods), wall: 2.636 hours, Δt:   7.50, CFL: 9.50e-01
i:  54400, t:   483067.7 s (10.82 periods), wall: 2.641 hours, Δt:   7.90, CFL: 9.50e-01
i:  54500, t:   483864.7 s (10.84 periods), wall: 2.646 hours, Δt:   8.34, CFL: 9.50e-01
i:  54600, t:   484705.1 s (10.86 periods), wall: 2.650 hours, Δt:   8.61, CFL: 9.50e-01
i:  54700, t:   485568.5 s (10.88 periods), wall: 2.655 hours, Δt:   9.12, CFL: 9.50e-01
i:  54800, t:   486500.9 s (10.90 periods), wall: 2.660 hours, Δt:   9.92, CFL: 9.50e-01
i:  54900, t:   487509.8 s (10.92 periods), wall: 2.664 hours, Δt:  10.19, CFL: 9.50e-01
i:  55000, t:   488465.9 s (10.94 periods), wall: 2.669 hours, Δt:   8.44, CFL: 9.50e-01
i:  55100, t:   489247.8 s (10.96 periods), wall: 2.674 hours, Δt:   8.32, CFL: 9.50e-01
i:  55200, t:   490191.1 s (10.98 periods), wall: 2.679 hours, Δt:  11.18, CFL: 9.50e-01
i:  55300, t:   491563.0 s (11.01 periods), wall: 2.684 hours, Δt:  16.88, CFL: 9.50e-01
i:  55400, t:   493019.3 s (11.04 periods), wall: 2.688 hours, Δt:  13.71, CFL: 9.50e-01
i:  55500, t:   494261.4 s (11.07 periods), wall: 2.693 hours, Δt:  11.98, CFL: 9.50e-01
i:  55600, t:   495355.2 s (11.10 periods), wall: 2.698 hours, Δt:  10.48, CFL: 9.50e-01
i:  55700, t:   496313.3 s (11.12 periods), wall: 2.703 hours, Δt:   9.20, CFL: 9.50e-01
i:  55800, t:   497187.6 s (11.14 periods), wall: 2.707 hours, Δt:   8.62, CFL: 9.50e-01
i:  55900, t:   498007.9 s (11.16 periods), wall: 2.712 hours, Δt:   8.05, CFL: 9.50e-01
i:  56000, t:   498782.3 s (11.17 periods), wall: 2.717 hours, Δt:   7.65, CFL: 9.50e-01
i:  56100, t:   499521.5 s (11.19 periods), wall: 2.721 hours, Δt:   7.38, CFL: 9.50e-01
i:  56200, t:   500234.3 s (11.21 periods), wall: 2.726 hours, Δt:   7.14, CFL: 9.50e-01
i:  56300, t:   500931.4 s (11.22 periods), wall: 2.731 hours, Δt:   7.07, CFL: 9.50e-01
i:  56400, t:   501628.3 s (11.24 periods), wall: 2.736 hours, Δt:   6.99, CFL: 9.50e-01
i:  56500, t:   502326.6 s (11.25 periods), wall: 2.740 hours, Δt:   7.02, CFL: 9.50e-01
i:  56600, t:   503025.4 s (11.27 periods), wall: 2.745 hours, Δt:   7.10, CFL: 9.50e-01
i:  56700, t:   503726.2 s (11.28 periods), wall: 2.749 hours, Δt:   7.22, CFL: 9.50e-01
i:  56800, t:   504439.5 s (11.30 periods), wall: 2.754 hours, Δt:   7.44, CFL: 9.50e-01
i:  56900, t:   505185.7 s (11.32 periods), wall: 2.759 hours, Δt:   7.74, CFL: 9.50e-01
i:  57000, t:   505972.8 s (11.33 periods), wall: 2.763 hours, Δt:   8.13, CFL: 9.50e-01
i:  57100, t:   506794.5 s (11.35 periods), wall: 2.768 hours, Δt:   8.76, CFL: 9.50e-01
i:  57200, t:   507679.5 s (11.37 periods), wall: 2.773 hours, Δt:   9.56, CFL: 9.50e-01
i:  57300, t:   508617.2 s (11.39 periods), wall: 2.778 hours, Δt:   9.61, CFL: 9.50e-01
i:  57400, t:   509545.6 s (11.41 periods), wall: 2.782 hours, Δt:   8.65, CFL: 9.50e-01
i:  57500, t:   510315.2 s (11.43 periods), wall: 2.787 hours, Δt:   6.94, CFL: 9.50e-01
i:  57600, t:   511103.9 s (11.45 periods), wall: 2.792 hours, Δt:   9.68, CFL: 9.50e-01
i:  57700, t:   512124.3 s (11.47 periods), wall: 2.797 hours, Δt:  12.28, CFL: 9.50e-01
i:  57800, t:   513493.5 s (11.50 periods), wall: 2.801 hours, Δt:  15.21, CFL: 9.50e-01
i:  57900, t:   514952.0 s (11.54 periods), wall: 2.806 hours, Δt:  14.24, CFL: 9.50e-01
i:  58000, t:   516274.5 s (11.57 periods), wall: 2.811 hours, Δt:  12.80, CFL: 9.50e-01
i:  58100, t:   517410.6 s (11.59 periods), wall: 2.816 hours, Δt:  10.88, CFL: 9.50e-01
i:  58200, t:   518416.0 s (11.61 periods), wall: 2.820 hours, Δt:   9.56, CFL: 9.50e-01
i:  58300, t:   519314.7 s (11.63 periods), wall: 2.825 hours, Δt:   8.80, CFL: 9.50e-01
i:  58400, t:   520146.6 s (11.65 periods), wall: 2.830 hours, Δt:   8.22, CFL: 9.50e-01
i:  58500, t:   520929.5 s (11.67 periods), wall: 2.835 hours, Δt:   7.81, CFL: 9.50e-01
i:  58600, t:   521678.4 s (11.69 periods), wall: 2.839 hours, Δt:   7.52, CFL: 9.50e-01
i:  58700, t:   522405.2 s (11.70 periods), wall: 2.844 hours, Δt:   7.30, CFL: 9.50e-01
i:  58800, t:   523114.9 s (11.72 periods), wall: 2.849 hours, Δt:   7.14, CFL: 9.50e-01
i:  58900, t:   523811.4 s (11.73 periods), wall: 2.853 hours, Δt:   7.08, CFL: 9.50e-01
i:  59000, t:   524508.9 s (11.75 periods), wall: 2.858 hours, Δt:   7.06, CFL: 9.50e-01
i:  59100, t:   525203.9 s (11.77 periods), wall: 2.863 hours, Δt:   7.12, CFL: 9.50e-01
i:  59200, t:   525902.7 s (11.78 periods), wall: 2.867 hours, Δt:   7.25, CFL: 9.50e-01
i:  59300, t:   526624.9 s (11.80 periods), wall: 2.872 hours, Δt:   7.41, CFL: 9.50e-01
i:  59400, t:   527366.5 s (11.81 periods), wall: 2.877 hours, Δt:   7.67, CFL: 9.50e-01
i:  59500, t:   528122.8 s (11.83 periods), wall: 2.881 hours, Δt:   7.93, CFL: 9.50e-01
i:  59600, t:   528927.2 s (11.85 periods), wall: 2.886 hours, Δt:   8.56, CFL: 9.50e-01
i:  59700, t:   529801.8 s (11.87 periods), wall: 2.891 hours, Δt:   9.36, CFL: 9.50e-01
i:  59800, t:   530724.3 s (11.89 periods), wall: 2.896 hours, Δt:   9.48, CFL: 9.50e-01
i:  59900, t:   531650.6 s (11.91 periods), wall: 2.900 hours, Δt:   9.14, CFL: 9.50e-01
i:  60000, t:   532414.5 s (11.93 periods), wall: 2.905 hours, Δt:   7.61, CFL: 9.50e-01
i:  60100, t:   533167.2 s (11.94 periods), wall: 2.910 hours, Δt:   7.52, CFL: 9.50e-01
i:  60200, t:   533971.9 s (11.96 periods), wall: 2.914 hours, Δt:  10.89, CFL: 9.50e-01
i:  60300, t:   535284.1 s (11.99 periods), wall: 2.919 hours, Δt:  14.76, CFL: 9.50e-01
i:  60400, t:   536763.0 s (12.02 periods), wall: 2.924 hours, Δt:  15.36, CFL: 9.50e-01
i:  60500, t:   538148.6 s (12.06 periods), wall: 2.929 hours, Δt:  12.92, CFL: 9.50e-01
i:  60600, t:   539308.2 s (12.08 periods), wall: 2.933 hours, Δt:  11.20, CFL: 9.50e-01
i:  60700, t:   540344.0 s (12.10 periods), wall: 2.938 hours, Δt:   9.85, CFL: 9.50e-01
i:  60800, t:   541269.1 s (12.13 periods), wall: 2.943 hours, Δt:   8.96, CFL: 9.50e-01
i:  60900, t:   542115.1 s (12.14 periods), wall: 2.948 hours, Δt:   8.32, CFL: 9.50e-01
i:  61000, t:   542901.6 s (12.16 periods), wall: 2.952 hours, Δt:   7.86, CFL: 9.50e-01
i:  61100, t:   543657.9 s (12.18 periods), wall: 2.957 hours, Δt:   7.46, CFL: 9.50e-01
i:  61200, t:   544380.3 s (12.19 periods), wall: 2.962 hours, Δt:   7.22, CFL: 9.50e-01
i:  61300, t:   545082.7 s (12.21 periods), wall: 2.966 hours, Δt:   7.05, CFL: 9.50e-01
i:  61400, t:   545779.9 s (12.23 periods), wall: 2.971 hours, Δt:   6.99, CFL: 9.50e-01
i:  61500, t:   546462.8 s (12.24 periods), wall: 2.976 hours, Δt:   6.92, CFL: 9.50e-01
i:  61600, t:   547139.2 s (12.26 periods), wall: 2.980 hours, Δt:   6.89, CFL: 9.50e-01
i:  61700, t:   547816.6 s (12.27 periods), wall: 2.985 hours, Δt:   6.96, CFL: 9.50e-01
i:  61800, t:   548508.7 s (12.29 periods), wall: 2.990 hours, Δt:   7.10, CFL: 9.50e-01
i:  61900, t:   549218.4 s (12.30 periods), wall: 2.994 hours, Δt:   7.38, CFL: 9.50e-01
i:  62000, t:   549955.2 s (12.32 periods), wall: 2.999 hours, Δt:   7.71, CFL: 9.50e-01
i:  62100, t:   550722.7 s (12.34 periods), wall: 3.004 hours, Δt:   8.09, CFL: 9.50e-01
i:  62200, t:   551535.8 s (12.36 periods), wall: 3.008 hours, Δt:   8.63, CFL: 9.50e-01
i:  62300, t:   552418.4 s (12.37 periods), wall: 3.013 hours, Δt:   9.33, CFL: 9.50e-01
i:  62400, t:   553341.6 s (12.40 periods), wall: 3.018 hours, Δt:   9.67, CFL: 9.50e-01
i:  62500, t:   554256.2 s (12.42 periods), wall: 3.023 hours, Δt:   8.52, CFL: 9.50e-01
i:  62600, t:   555115.1 s (12.44 periods), wall: 3.027 hours, Δt:   9.03, CFL: 9.50e-01
i:  62700, t:   555979.6 s (12.45 periods), wall: 3.032 hours, Δt:   8.60, CFL: 9.50e-01
i:  62800, t:   556989.1 s (12.48 periods), wall: 3.037 hours, Δt:  13.03, CFL: 9.50e-01
i:  62900, t:   558303.7 s (12.51 periods), wall: 3.042 hours, Δt:  13.56, CFL: 9.50e-01
i:  63000, t:   559726.5 s (12.54 periods), wall: 3.046 hours, Δt:  14.85, CFL: 9.50e-01
i:  63100, t:   561052.4 s (12.57 periods), wall: 3.051 hours, Δt:  12.44, CFL: 9.50e-01
i:  63200, t:   562180.8 s (12.59 periods), wall: 3.056 hours, Δt:  10.66, CFL: 9.50e-01
i:  63300, t:   563172.4 s (12.62 periods), wall: 3.061 hours, Δt:   9.57, CFL: 9.50e-01
i:  63400, t:   564079.5 s (12.64 periods), wall: 3.065 hours, Δt:   8.77, CFL: 9.50e-01
i:  63500, t:   564912.0 s (12.65 periods), wall: 3.070 hours, Δt:   8.20, CFL: 9.50e-01
i:  63600, t:   565698.7 s (12.67 periods), wall: 3.075 hours, Δt:   7.80, CFL: 9.50e-01
i:  63700, t:   566455.5 s (12.69 periods), wall: 3.080 hours, Δt:   7.51, CFL: 9.50e-01
i:  63800, t:   567188.1 s (12.71 periods), wall: 3.084 hours, Δt:   7.33, CFL: 9.50e-01
i:  63900, t:   567907.7 s (12.72 periods), wall: 3.089 hours, Δt:   7.21, CFL: 9.50e-01
i:  64000, t:   568611.6 s (12.74 periods), wall: 3.094 hours, Δt:   7.14, CFL: 9.50e-01
i:  64100, t:   569309.2 s (12.75 periods), wall: 3.098 hours, Δt:   7.15, CFL: 9.50e-01
i:  64200, t:   570009.6 s (12.77 periods), wall: 3.103 hours, Δt:   7.23, CFL: 9.50e-01
i:  64300, t:   570729.8 s (12.79 periods), wall: 3.108 hours, Δt:   7.35, CFL: 9.50e-01
i:  64400, t:   571459.6 s (12.80 periods), wall: 3.112 hours, Δt:   7.54, CFL: 9.50e-01
i:  64500, t:   572218.2 s (12.82 periods), wall: 3.117 hours, Δt:   7.86, CFL: 9.50e-01
i:  64600, t:   573003.7 s (12.84 periods), wall: 3.122 hours, Δt:   8.25, CFL: 9.50e-01
i:  64700, t:   573847.2 s (12.85 periods), wall: 3.127 hours, Δt:   8.91, CFL: 9.50e-01
i:  64800, t:   574759.2 s (12.88 periods), wall: 3.131 hours, Δt:   9.67, CFL: 9.50e-01
i:  64900, t:   575759.2 s (12.90 periods), wall: 3.136 hours, Δt:  10.48, CFL: 9.50e-01
i:  65000, t:   576601.6 s (12.92 periods), wall: 3.141 hours, Δt:   6.05, CFL: 9.50e-01
i:  65100, t:   577207.8 s (12.93 periods), wall: 3.145 hours, Δt:   6.41, CFL: 9.50e-01
i:  65200, t:   577930.2 s (12.95 periods), wall: 3.150 hours, Δt:   8.54, CFL: 9.50e-01
i:  65300, t:   578855.8 s (12.97 periods), wall: 3.155 hours, Δt:  11.99, CFL: 9.50e-01
i:  65400, t:   580354.1 s (13.00 periods), wall: 3.160 hours, Δt:  16.88, CFL: 9.50e-01
i:  65500, t:   581924.4 s (13.04 periods), wall: 3.164 hours, Δt:  13.88, CFL: 9.50e-01
i:  65600, t:   583234.8 s (13.07 periods), wall: 3.169 hours, Δt:  12.88, CFL: 9.50e-01
i:  65700, t:   584392.4 s (13.09 periods), wall: 3.174 hours, Δt:  10.79, CFL: 9.50e-01
i:  65800, t:   585394.9 s (13.11 periods), wall: 3.179 hours, Δt:   9.58, CFL: 9.50e-01
i:  65900, t:   586291.6 s (13.13 periods), wall: 3.183 hours, Δt:   8.75, CFL: 9.50e-01
i:  66000, t:   587122.9 s (13.15 periods), wall: 3.188 hours, Δt:   8.15, CFL: 9.50e-01
i:  66100, t:   587904.0 s (13.17 periods), wall: 3.193 hours, Δt:   7.69, CFL: 9.50e-01
i:  66200, t:   588645.1 s (13.19 periods), wall: 3.197 hours, Δt:   7.42, CFL: 9.50e-01
i:  66300, t:   589362.8 s (13.20 periods), wall: 3.202 hours, Δt:   7.13, CFL: 9.50e-01
i:  66400, t:   590067.5 s (13.22 periods), wall: 3.207 hours, Δt:   7.07, CFL: 9.50e-01
i:  66500, t:   590763.2 s (13.23 periods), wall: 3.212 hours, Δt:   7.04, CFL: 9.50e-01
i:  66600, t:   591461.2 s (13.25 periods), wall: 3.216 hours, Δt:   7.05, CFL: 9.50e-01
i:  66700, t:   592156.7 s (13.27 periods), wall: 3.221 hours, Δt:   7.09, CFL: 9.50e-01
i:  66800, t:   592855.2 s (13.28 periods), wall: 3.226 hours, Δt:   7.18, CFL: 9.50e-01
i:  66900, t:   593577.5 s (13.30 periods), wall: 3.230 hours, Δt:   7.39, CFL: 9.50e-01
i:  67000, t:   594318.2 s (13.31 periods), wall: 3.235 hours, Δt:   7.63, CFL: 9.50e-01
i:  67100, t:   595083.3 s (13.33 periods), wall: 3.240 hours, Δt:   8.04, CFL: 9.50e-01
i:  67200, t:   595898.5 s (13.35 periods), wall: 3.244 hours, Δt:   8.56, CFL: 9.50e-01
i:  67300, t:   596769.2 s (13.37 periods), wall: 3.249 hours, Δt:   9.34, CFL: 9.50e-01
i:  67400, t:   597719.7 s (13.39 periods), wall: 3.254 hours, Δt:  10.21, CFL: 9.50e-01
i:  67500, t:   598717.6 s (13.41 periods), wall: 3.259 hours, Δt:   9.09, CFL: 9.50e-01
i:  67600, t:   599474.3 s (13.43 periods), wall: 3.263 hours, Δt:   5.73, CFL: 9.50e-01
i:  67700, t:   600076.5 s (13.44 periods), wall: 3.268 hours, Δt:   6.58, CFL: 9.50e-01
i:  67800, t:   600772.0 s (13.46 periods), wall: 3.273 hours, Δt:   8.78, CFL: 9.50e-01
i:  67900, t:   601906.2 s (13.48 periods), wall: 3.277 hours, Δt:  16.97, CFL: 9.50e-01
i:  68000, t:   603695.6 s (13.52 periods), wall: 3.282 hours, Δt:  17.14, CFL: 9.50e-01
i:  68100, t:   605164.6 s (13.56 periods), wall: 3.287 hours, Δt:  13.61, CFL: 9.50e-01
i:  68200, t:   606387.0 s (13.58 periods), wall: 3.292 hours, Δt:  11.41, CFL: 9.50e-01
i:  68300, t:   607426.9 s (13.61 periods), wall: 3.297 hours, Δt:   9.90, CFL: 9.50e-01
i:  68400, t:   608357.3 s (13.63 periods), wall: 3.301 hours, Δt:   8.97, CFL: 9.50e-01
i:  68500, t:   609206.0 s (13.65 periods), wall: 3.306 hours, Δt:   8.34, CFL: 9.50e-01
i:  68600, t:   610005.6 s (13.67 periods), wall: 3.311 hours, Δt:   7.89, CFL: 9.50e-01
i:  68700, t:   610766.9 s (13.68 periods), wall: 3.315 hours, Δt:   7.58, CFL: 9.50e-01
i:  68800, t:   611507.1 s (13.70 periods), wall: 3.320 hours, Δt:   7.38, CFL: 9.50e-01
i:  68900, t:   612223.8 s (13.71 periods), wall: 3.325 hours, Δt:   7.18, CFL: 9.50e-01
i:  69000, t:   612921.4 s (13.73 periods), wall: 3.329 hours, Δt:   7.07, CFL: 9.50e-01
i:  69100, t:   613619.2 s (13.75 periods), wall: 3.334 hours, Δt:   7.03, CFL: 9.50e-01
i:  69200, t:   614317.8 s (13.76 periods), wall: 3.339 hours, Δt:   7.14, CFL: 9.50e-01
i:  69300, t:   615016.3 s (13.78 periods), wall: 3.344 hours, Δt:   7.17, CFL: 9.50e-01
i:  69400, t:   615733.1 s (13.79 periods), wall: 3.348 hours, Δt:   7.36, CFL: 9.50e-01
i:  69500, t:   616467.6 s (13.81 periods), wall: 3.353 hours, Δt:   7.64, CFL: 9.50e-01
i:  69600, t:   617235.8 s (13.83 periods), wall: 3.358 hours, Δt:   8.04, CFL: 9.50e-01
i:  69700, t:   618049.3 s (13.85 periods), wall: 3.362 hours, Δt:   8.56, CFL: 9.50e-01
i:  69800, t:   618930.5 s (13.86 periods), wall: 3.367 hours, Δt:   9.33, CFL: 9.50e-01
i:  69900, t:   619888.3 s (13.89 periods), wall: 3.372 hours, Δt:  10.40, CFL: 9.50e-01
i:  70000, t:   620965.4 s (13.91 periods), wall: 3.377 hours, Δt:  11.10, CFL: 9.50e-01
i:  70100, t:   621791.2 s (13.93 periods), wall: 3.381 hours, Δt:   7.12, CFL: 9.50e-01
i:  70200, t:   622467.8 s (13.94 periods), wall: 3.386 hours, Δt:   6.74, CFL: 9.50e-01
i:  70300, t:   623283.7 s (13.96 periods), wall: 3.391 hours, Δt:   9.04, CFL: 9.50e-01
i:  70400, t:   624391.3 s (13.99 periods), wall: 3.395 hours, Δt:  13.99, CFL: 9.50e-01
i:  70500, t:   625935.9 s (14.02 periods), wall: 3.400 hours, Δt:  15.99, CFL: 9.50e-01
i:  70600, t:   627322.9 s (14.05 periods), wall: 3.405 hours, Δt:  12.94, CFL: 9.50e-01
i:  70700, t:   628516.7 s (14.08 periods), wall: 3.410 hours, Δt:  11.34, CFL: 9.50e-01
i:  70800, t:   629568.1 s (14.10 periods), wall: 3.414 hours, Δt:  10.16, CFL: 9.50e-01
i:  70900, t:   630510.1 s (14.12 periods), wall: 3.419 hours, Δt:   9.05, CFL: 9.50e-01
i:  71000, t:   631371.3 s (14.14 periods), wall: 3.424 hours, Δt:   8.43, CFL: 9.50e-01
i:  71100, t:   632174.2 s (14.16 periods), wall: 3.429 hours, Δt:   7.90, CFL: 9.50e-01
i:  71200, t:   632940.5 s (14.18 periods), wall: 3.433 hours, Δt:   7.55, CFL: 9.50e-01
i:  71300, t:   633672.2 s (14.20 periods), wall: 3.438 hours, Δt:   7.34, CFL: 9.50e-01
i:  71400, t:   634392.3 s (14.21 periods), wall: 3.443 hours, Δt:   7.23, CFL: 9.50e-01
i:  71500, t:   635096.5 s (14.23 periods), wall: 3.447 hours, Δt:   7.11, CFL: 9.50e-01
i:  71600, t:   635793.8 s (14.24 periods), wall: 3.452 hours, Δt:   7.08, CFL: 9.50e-01
i:  71700, t:   636491.9 s (14.26 periods), wall: 3.457 hours, Δt:   7.09, CFL: 9.50e-01
i:  71800, t:   637192.1 s (14.27 periods), wall: 3.461 hours, Δt:   7.21, CFL: 9.50e-01
i:  71900, t:   637905.6 s (14.29 periods), wall: 3.466 hours, Δt:   7.34, CFL: 9.50e-01
i:  72000, t:   638635.8 s (14.31 periods), wall: 3.471 hours, Δt:   7.59, CFL: 9.50e-01
i:  72100, t:   639394.4 s (14.32 periods), wall: 3.476 hours, Δt:   7.93, CFL: 9.50e-01
i:  72200, t:   640196.2 s (14.34 periods), wall: 3.480 hours, Δt:   8.44, CFL: 9.50e-01
i:  72300, t:   641048.4 s (14.36 periods), wall: 3.485 hours, Δt:   9.06, CFL: 9.50e-01
i:  72400, t:   641982.4 s (14.38 periods), wall: 3.490 hours, Δt:  10.04, CFL: 9.50e-01
i:  72500, t:   642985.4 s (14.40 periods), wall: 3.495 hours, Δt:   9.98, CFL: 9.50e-01
[ Info: Oceananigans will use 8 threads
[ Info: Case Ri2500: Ri = 2500, N² = 4.953e-05 s⁻², δ = 0.397 m, Re_δ = 1790, 15 periods
[ Info: Bottom Δz = 0.0869 m (4.6 points across δ); Δx = 0.417 m, Δy = 0.208 m
[ Info: Initializing velocities from Ri=0 spin-up: output_Ri0/TidalBL3D_Ri0_fields.jld2
[ Info: Using snapshot 25/25 (t = 12.00 periods of the spin-up)
[ Info: x-y slice at k = 6 (z = 0.478 m ≈ δ)
[ Info: Initializing simulation...
[ Info:     ... simulation initialization complete (20.199 seconds)
[ Info: Executing initial time step...
[ Info:     ... initial time step complete (4.812 seconds).
[ Info: Simulation is stopping after running for 3.628 hours.
[ Info: Simulation time 7.750 days equals or exceeds stop time 7.750 days.
i:  72600, t:   643891.2 s (14.42 periods), wall: 3.499 hours, Δt:   7.11, CFL: 9.50e-01
i:  72700, t:   644608.6 s (14.44 periods), wall: 3.504 hours, Δt:   6.62, CFL: 9.50e-01
i:  72800, t:   645397.7 s (14.46 periods), wall: 3.509 hours, Δt:   9.33, CFL: 9.50e-01
i:  72900, t:   646610.4 s (14.49 periods), wall: 3.513 hours, Δt:  16.49, CFL: 9.50e-01
i:  73000, t:   648258.1 s (14.52 periods), wall: 3.518 hours, Δt:  16.76, CFL: 9.50e-01
i:  73100, t:   649654.5 s (14.55 periods), wall: 3.523 hours, Δt:  12.75, CFL: 9.50e-01
i:  73200, t:   650839.7 s (14.58 periods), wall: 3.528 hours, Δt:  11.57, CFL: 9.50e-01
i:  73300, t:   651898.0 s (14.60 periods), wall: 3.533 hours, Δt:  10.13, CFL: 9.50e-01
i:  73400, t:   652851.3 s (14.62 periods), wall: 3.537 hours, Δt:   9.17, CFL: 9.50e-01
i:  73500, t:   653718.4 s (14.64 periods), wall: 3.542 hours, Δt:   8.50, CFL: 9.50e-01
i:  73600, t:   654527.1 s (14.66 periods), wall: 3.547 hours, Δt:   8.03, CFL: 9.50e-01
i:  73700, t:   655299.4 s (14.68 periods), wall: 3.551 hours, Δt:   7.61, CFL: 9.50e-01
i:  73800, t:   656029.1 s (14.70 periods), wall: 3.556 hours, Δt:   7.34, CFL: 9.50e-01
i:  73900, t:   656748.4 s (14.71 periods), wall: 3.561 hours, Δt:   7.18, CFL: 9.50e-01
i:  74000, t:   657452.3 s (14.73 periods), wall: 3.565 hours, Δt:   7.13, CFL: 9.50e-01
i:  74100, t:   658148.2 s (14.74 periods), wall: 3.570 hours, Δt:   7.05, CFL: 9.50e-01
i:  74200, t:   658847.1 s (14.76 periods), wall: 3.575 hours, Δt:   7.12, CFL: 9.50e-01
i:  74300, t:   659547.2 s (14.77 periods), wall: 3.580 hours, Δt:   7.18, CFL: 9.50e-01
i:  74400, t:   660262.1 s (14.79 periods), wall: 3.584 hours, Δt:   7.30, CFL: 9.50e-01
i:  74500, t:   660993.5 s (14.81 periods), wall: 3.589 hours, Δt:   7.59, CFL: 9.50e-01
i:  74600, t:   661754.1 s (14.82 periods), wall: 3.594 hours, Δt:   7.91, CFL: 9.50e-01
i:  74700, t:   662549.1 s (14.84 periods), wall: 3.598 hours, Δt:   8.40, CFL: 9.50e-01
i:  74800, t:   663395.4 s (14.86 periods), wall: 3.603 hours, Δt:   9.07, CFL: 9.50e-01
i:  74900, t:   664323.2 s (14.88 periods), wall: 3.608 hours, Δt:  10.16, CFL: 9.50e-01
i:  75000, t:   665370.7 s (14.91 periods), wall: 3.613 hours, Δt:  11.42, CFL: 9.50e-01
i:  75100, t:   666432.2 s (14.93 periods), wall: 3.617 hours, Δt:   8.53, CFL: 9.50e-01
i:  75200, t:   667141.0 s (14.94 periods), wall: 3.622 hours, Δt:   7.48, CFL: 9.50e-01
i:  75300, t:   667926.4 s (14.96 periods), wall: 3.627 hours, Δt:   8.44, CFL: 9.50e-01
i:  75400, t:   668894.2 s (14.98 periods), wall: 3.631 hours, Δt:  12.75, CFL: 9.50e-01
