i:      0, t:        0.0 s (0.00 periods), wall: 26.527 seconds, Δt:   1.20, CFL: 1.02e-01
i:    100, t:      310.9 s (0.01 periods), wall: 1.130 minutes, Δt:   7.43, CFL: 5.36e-01
i:    200, t:     1484.0 s (0.03 periods), wall: 1.503 minutes, Δt:  12.94, CFL: 9.50e-01
i:    300, t:     2690.0 s (0.06 periods), wall: 1.875 minutes, Δt:  11.56, CFL: 9.50e-01
i:    400, t:     3739.0 s (0.08 periods), wall: 2.246 minutes, Δt:   9.75, CFL: 9.50e-01
i:    500, t:     4682.8 s (0.10 periods), wall: 2.615 minutes, Δt:   8.97, CFL: 9.50e-01
i:    600, t:     5509.9 s (0.12 periods), wall: 2.987 minutes, Δt:   8.04, CFL: 9.50e-01
i:    700, t:     6288.9 s (0.14 periods), wall: 3.356 minutes, Δt:   7.76, CFL: 9.50e-01
i:    800, t:     7038.3 s (0.16 periods), wall: 3.727 minutes, Δt:   7.40, CFL: 9.50e-01
i:    900, t:     7753.4 s (0.17 periods), wall: 4.094 minutes, Δt:   7.13, CFL: 9.50e-01
i:   1000, t:     8447.7 s (0.19 periods), wall: 4.464 minutes, Δt:   6.95, CFL: 9.50e-01
i:   1100, t:     9127.9 s (0.20 periods), wall: 4.830 minutes, Δt:   6.88, CFL: 9.50e-01
i:   1200, t:     9799.3 s (0.22 periods), wall: 5.201 minutes, Δt:   6.71, CFL: 9.50e-01
i:   1300, t:    10455.7 s (0.23 periods), wall: 5.571 minutes, Δt:   6.74, CFL: 9.50e-01
i:   1400, t:    11111.2 s (0.25 periods), wall: 5.939 minutes, Δt:   6.68, CFL: 9.50e-01
i:   1500, t:    11767.1 s (0.26 periods), wall: 6.309 minutes, Δt:   6.72, CFL: 9.50e-01
i:   1600, t:    12441.9 s (0.28 periods), wall: 6.678 minutes, Δt:   6.93, CFL: 9.50e-01
i:   1700, t:    13120.4 s (0.29 periods), wall: 7.048 minutes, Δt:   7.02, CFL: 9.50e-01
i:   1800, t:    13822.0 s (0.31 periods), wall: 7.415 minutes, Δt:   7.10, CFL: 9.50e-01
i:   1900, t:    14530.3 s (0.33 periods), wall: 7.788 minutes, Δt:   7.46, CFL: 9.50e-01
i:   2000, t:    15288.3 s (0.34 periods), wall: 8.156 minutes, Δt:   7.94, CFL: 9.50e-01
i:   2100, t:    16087.5 s (0.36 periods), wall: 8.527 minutes, Δt:   8.57, CFL: 9.50e-01
i:   2200, t:    16963.2 s (0.38 periods), wall: 8.894 minutes, Δt:   9.25, CFL: 9.50e-01
i:   2300, t:    17911.2 s (0.40 periods), wall: 9.267 minutes, Δt:   9.29, CFL: 9.50e-01
i:   2400, t:    18823.2 s (0.42 periods), wall: 9.636 minutes, Δt:   9.44, CFL: 9.50e-01
i:   2500, t:    19607.9 s (0.44 periods), wall: 10.005 minutes, Δt:   7.71, CFL: 9.50e-01
i:   2600, t:    20352.7 s (0.46 periods), wall: 10.377 minutes, Δt:   8.51, CFL: 9.50e-01
i:   2700, t:    21233.0 s (0.48 periods), wall: 10.747 minutes, Δt:   9.47, CFL: 9.50e-01
i:   2800, t:    22379.4 s (0.50 periods), wall: 11.122 minutes, Δt:  15.18, CFL: 9.50e-01
i:   2900, t:    23729.6 s (0.53 periods), wall: 11.494 minutes, Δt:  13.74, CFL: 9.50e-01
i:   3000, t:    25024.5 s (0.56 periods), wall: 11.868 minutes, Δt:  12.80, CFL: 9.50e-01
i:   3100, t:    26206.7 s (0.59 periods), wall: 12.237 minutes, Δt:  11.32, CFL: 9.50e-01
i:   3200, t:    27230.4 s (0.61 periods), wall: 12.609 minutes, Δt:   9.94, CFL: 9.50e-01
i:   3300, t:    28159.6 s (0.63 periods), wall: 12.979 minutes, Δt:   8.97, CFL: 9.50e-01
i:   3400, t:    29016.0 s (0.65 periods), wall: 13.346 minutes, Δt:   8.35, CFL: 9.50e-01
i:   3500, t:    29820.8 s (0.67 periods), wall: 13.719 minutes, Δt:   7.90, CFL: 9.50e-01
i:   3600, t:    30586.1 s (0.69 periods), wall: 14.088 minutes, Δt:   7.69, CFL: 9.50e-01
i:   3700, t:    31330.7 s (0.70 periods), wall: 14.458 minutes, Δt:   7.50, CFL: 9.50e-01
i:   3800, t:    32065.4 s (0.72 periods), wall: 14.826 minutes, Δt:   7.36, CFL: 9.50e-01
i:   3900, t:    32784.2 s (0.73 periods), wall: 15.192 minutes, Δt:   7.29, CFL: 9.50e-01
i:   4000, t:    33501.8 s (0.75 periods), wall: 15.564 minutes, Δt:   7.26, CFL: 9.50e-01
i:   4100, t:    34222.9 s (0.77 periods), wall: 15.931 minutes, Δt:   7.33, CFL: 9.50e-01
i:   4200, t:    34946.0 s (0.78 periods), wall: 16.301 minutes, Δt:   7.47, CFL: 9.50e-01
i:   4300, t:    35694.6 s (0.80 periods), wall: 16.669 minutes, Δt:   7.66, CFL: 9.50e-01
i:   4400, t:    36461.5 s (0.82 periods), wall: 17.040 minutes, Δt:   7.99, CFL: 9.50e-01
i:   4500, t:    37268.1 s (0.83 periods), wall: 17.408 minutes, Δt:   8.43, CFL: 9.50e-01
i:   4600, t:    38123.0 s (0.85 periods), wall: 17.777 minutes, Δt:   9.04, CFL: 9.50e-01
i:   4700, t:    39053.9 s (0.87 periods), wall: 18.149 minutes, Δt:   9.99, CFL: 9.50e-01
i:   4800, t:    40054.3 s (0.90 periods), wall: 18.520 minutes, Δt:   9.80, CFL: 9.50e-01
i:   4900, t:    40975.7 s (0.92 periods), wall: 18.805 minutes, Δt:   7.60, CFL: 9.50e-01
i:   5000, t:    41755.6 s (0.94 periods), wall: 19.086 minutes, Δt:   8.29, CFL: 9.50e-01
i:   5100, t:    42615.2 s (0.95 periods), wall: 19.366 minutes, Δt:  10.04, CFL: 9.50e-01
i:   5200, t:    43655.9 s (0.98 periods), wall: 19.650 minutes, Δt:  13.46, CFL: 9.50e-01
i:   5300, t:    45181.8 s (1.01 periods), wall: 19.937 minutes, Δt:  16.04, CFL: 9.50e-01
i:   5400, t:    46614.1 s (1.04 periods), wall: 20.218 minutes, Δt:  13.08, CFL: 9.50e-01
i:   5500, t:    47810.3 s (1.07 periods), wall: 20.500 minutes, Δt:  11.20, CFL: 9.50e-01
i:   5600, t:    48863.3 s (1.09 periods), wall: 20.781 minutes, Δt:  10.08, CFL: 9.50e-01
i:   5700, t:    49792.0 s (1.12 periods), wall: 21.063 minutes, Δt:   9.13, CFL: 9.50e-01
i:   5800, t:    50653.9 s (1.13 periods), wall: 21.344 minutes, Δt:   8.34, CFL: 9.50e-01
i:   5900, t:    51454.3 s (1.15 periods), wall: 21.625 minutes, Δt:   7.80, CFL: 9.50e-01
i:   6000, t:    52202.2 s (1.17 periods), wall: 21.906 minutes, Δt:   7.46, CFL: 9.50e-01
i:   6100, t:    52927.5 s (1.19 periods), wall: 22.188 minutes, Δt:   7.26, CFL: 9.50e-01
i:   6200, t:    53630.8 s (1.20 periods), wall: 22.468 minutes, Δt:   6.97, CFL: 9.50e-01
i:   6300, t:    54305.8 s (1.22 periods), wall: 22.748 minutes, Δt:   6.81, CFL: 9.50e-01
i:   6400, t:    54974.7 s (1.23 periods), wall: 23.029 minutes, Δt:   6.76, CFL: 9.50e-01
i:   6500, t:    55637.6 s (1.25 periods), wall: 23.310 minutes, Δt:   6.76, CFL: 9.50e-01
i:   6600, t:    56314.3 s (1.26 periods), wall: 23.592 minutes, Δt:   6.80, CFL: 9.50e-01
i:   6700, t:    56991.9 s (1.28 periods), wall: 23.871 minutes, Δt:   6.92, CFL: 9.50e-01
i:   6800, t:    57676.6 s (1.29 periods), wall: 24.152 minutes, Δt:   7.03, CFL: 9.50e-01
i:   6900, t:    58378.1 s (1.31 periods), wall: 24.433 minutes, Δt:   7.28, CFL: 9.50e-01
i:   7000, t:    59104.4 s (1.32 periods), wall: 24.714 minutes, Δt:   7.58, CFL: 9.50e-01
i:   7100, t:    59856.9 s (1.34 periods), wall: 24.995 minutes, Δt:   7.89, CFL: 9.50e-01
i:   7200, t:    60664.8 s (1.36 periods), wall: 25.276 minutes, Δt:   8.45, CFL: 9.50e-01
i:   7300, t:    61513.9 s (1.38 periods), wall: 25.558 minutes, Δt:   9.13, CFL: 9.50e-01
i:   7400, t:    62422.4 s (1.40 periods), wall: 25.840 minutes, Δt:   8.89, CFL: 9.50e-01
i:   7500, t:    63195.7 s (1.42 periods), wall: 26.121 minutes, Δt:   7.20, CFL: 9.50e-01
i:   7600, t:    63914.9 s (1.43 periods), wall: 26.401 minutes, Δt:   6.44, CFL: 9.50e-01
i:   7700, t:    64613.1 s (1.45 periods), wall: 26.680 minutes, Δt:   7.90, CFL: 9.50e-01
i:   7800, t:    65471.7 s (1.47 periods), wall: 26.961 minutes, Δt:  10.52, CFL: 9.50e-01
i:   7900, t:    66736.8 s (1.49 periods), wall: 27.244 minutes, Δt:  14.76, CFL: 9.50e-01
i:   8000, t:    68165.9 s (1.53 periods), wall: 27.531 minutes, Δt:  14.90, CFL: 9.50e-01
i:   8100, t:    69585.6 s (1.56 periods), wall: 27.812 minutes, Δt:  12.93, CFL: 9.50e-01
i:   8200, t:    70754.4 s (1.58 periods), wall: 28.093 minutes, Δt:  11.38, CFL: 9.50e-01
i:   8300, t:    71796.6 s (1.61 periods), wall: 28.375 minutes, Δt:   9.75, CFL: 9.50e-01
i:   8400, t:    72709.8 s (1.63 periods), wall: 28.656 minutes, Δt:   8.84, CFL: 9.50e-01
i:   8500, t:    73551.4 s (1.65 periods), wall: 28.938 minutes, Δt:   8.36, CFL: 9.50e-01
i:   8600, t:    74349.5 s (1.67 periods), wall: 29.219 minutes, Δt:   7.96, CFL: 9.50e-01
i:   8700, t:    75108.9 s (1.68 periods), wall: 29.499 minutes, Δt:   7.59, CFL: 9.50e-01
i:   8800, t:    75841.6 s (1.70 periods), wall: 29.780 minutes, Δt:   7.35, CFL: 9.50e-01
i:   8900, t:    76557.0 s (1.71 periods), wall: 30.061 minutes, Δt:   7.11, CFL: 9.50e-01
i:   9000, t:    77248.6 s (1.73 periods), wall: 30.343 minutes, Δt:   7.13, CFL: 9.50e-01
i:   9100, t:    77946.1 s (1.75 periods), wall: 30.624 minutes, Δt:   7.09, CFL: 9.50e-01
i:   9200, t:    78644.5 s (1.76 periods), wall: 30.904 minutes, Δt:   7.11, CFL: 9.50e-01
i:   9300, t:    79344.5 s (1.78 periods), wall: 31.185 minutes, Δt:   7.23, CFL: 9.50e-01
i:   9400, t:    80067.9 s (1.79 periods), wall: 31.465 minutes, Δt:   7.42, CFL: 9.50e-01
i:   9500, t:    80806.1 s (1.81 periods), wall: 31.746 minutes, Δt:   7.71, CFL: 9.50e-01
i:   9600, t:    81580.7 s (1.83 periods), wall: 32.027 minutes, Δt:   8.12, CFL: 9.50e-01
i:   9700, t:    82395.2 s (1.85 periods), wall: 32.308 minutes, Δt:   8.59, CFL: 9.50e-01
i:   9800, t:    83272.0 s (1.87 periods), wall: 32.590 minutes, Δt:   9.15, CFL: 9.50e-01
i:   9900, t:    84206.2 s (1.89 periods), wall: 32.871 minutes, Δt:   9.99, CFL: 9.50e-01
i:  10000, t:    85129.6 s (1.91 periods), wall: 33.154 minutes, Δt:   8.55, CFL: 9.50e-01
i:  10100, t:    85908.3 s (1.92 periods), wall: 33.433 minutes, Δt:   6.67, CFL: 9.50e-01
i:  10200, t:    86608.9 s (1.94 periods), wall: 33.715 minutes, Δt:   7.57, CFL: 9.50e-01
i:  10300, t:    87434.5 s (1.96 periods), wall: 33.995 minutes, Δt:   9.26, CFL: 9.50e-01
i:  10400, t:    88593.1 s (1.98 periods), wall: 34.275 minutes, Δt:  14.98, CFL: 9.50e-01
i:  10500, t:    90034.5 s (2.02 periods), wall: 34.560 minutes, Δt:  14.17, CFL: 9.50e-01
i:  10600, t:    91365.2 s (2.05 periods), wall: 34.843 minutes, Δt:  12.62, CFL: 9.50e-01
i:  10700, t:    92540.7 s (2.07 periods), wall: 35.125 minutes, Δt:  11.16, CFL: 9.50e-01
i:  10800, t:    93571.0 s (2.10 periods), wall: 35.408 minutes, Δt:   9.89, CFL: 9.50e-01
i:  10900, t:    94493.3 s (2.12 periods), wall: 35.690 minutes, Δt:   8.77, CFL: 9.50e-01
i:  11000, t:    95323.0 s (2.14 periods), wall: 35.971 minutes, Δt:   8.30, CFL: 9.50e-01
i:  11100, t:    96127.1 s (2.15 periods), wall: 36.251 minutes, Δt:   7.93, CFL: 9.50e-01
i:  11200, t:    96876.3 s (2.17 periods), wall: 36.533 minutes, Δt:   7.45, CFL: 9.50e-01
i:  11300, t:    97597.4 s (2.19 periods), wall: 36.814 minutes, Δt:   7.31, CFL: 9.50e-01
i:  11400, t:    98301.0 s (2.20 periods), wall: 37.095 minutes, Δt:   7.16, CFL: 9.50e-01
i:  11500, t:    98996.8 s (2.22 periods), wall: 37.375 minutes, Δt:   6.98, CFL: 9.50e-01
i:  11600, t:    99687.4 s (2.23 periods), wall: 37.656 minutes, Δt:   6.97, CFL: 9.50e-01
i:  11700, t:   100369.9 s (2.25 periods), wall: 37.937 minutes, Δt:   6.97, CFL: 9.50e-01
i:  11800, t:   101046.8 s (2.26 periods), wall: 38.218 minutes, Δt:   6.98, CFL: 9.50e-01
i:  11900, t:   101739.2 s (2.28 periods), wall: 38.499 minutes, Δt:   7.07, CFL: 9.50e-01
i:  12000, t:   102441.2 s (2.29 periods), wall: 38.779 minutes, Δt:   7.27, CFL: 9.50e-01
i:  12100, t:   103155.6 s (2.31 periods), wall: 39.061 minutes, Δt:   7.45, CFL: 9.50e-01
i:  12200, t:   103903.9 s (2.33 periods), wall: 39.342 minutes, Δt:   7.79, CFL: 9.50e-01
i:  12300, t:   104689.0 s (2.35 periods), wall: 39.624 minutes, Δt:   8.22, CFL: 9.50e-01
i:  12400, t:   105514.9 s (2.36 periods), wall: 39.903 minutes, Δt:   8.67, CFL: 9.50e-01
i:  12500, t:   106347.1 s (2.38 periods), wall: 40.186 minutes, Δt:   8.72, CFL: 9.50e-01
i:  12600, t:   107205.5 s (2.40 periods), wall: 40.467 minutes, Δt:   8.55, CFL: 9.50e-01
i:  12700, t:   107960.4 s (2.42 periods), wall: 40.748 minutes, Δt:   7.55, CFL: 9.50e-01
i:  12800, t:   108688.0 s (2.43 periods), wall: 41.029 minutes, Δt:   8.47, CFL: 9.50e-01
i:  12900, t:   109437.2 s (2.45 periods), wall: 41.310 minutes, Δt:   7.89, CFL: 9.50e-01
i:  13000, t:   110233.3 s (2.47 periods), wall: 41.586 minutes, Δt:   9.00, CFL: 9.50e-01
i:  13100, t:   111335.5 s (2.49 periods), wall: 41.867 minutes, Δt:  14.32, CFL: 9.50e-01
i:  13200, t:   112803.9 s (2.53 periods), wall: 42.154 minutes, Δt:  14.78, CFL: 9.50e-01
i:  13300, t:   114116.1 s (2.56 periods), wall: 42.438 minutes, Δt:  11.99, CFL: 9.50e-01
i:  13400, t:   115247.9 s (2.58 periods), wall: 42.721 minutes, Δt:  10.86, CFL: 9.50e-01
i:  13500, t:   116273.8 s (2.60 periods), wall: 43.003 minutes, Δt:   9.77, CFL: 9.50e-01
i:  13600, t:   117180.0 s (2.62 periods), wall: 43.285 minutes, Δt:   9.00, CFL: 9.50e-01
i:  13700, t:   118044.2 s (2.64 periods), wall: 43.566 minutes, Δt:   8.40, CFL: 9.50e-01
i:  13800, t:   118847.6 s (2.66 periods), wall: 43.845 minutes, Δt:   8.02, CFL: 9.50e-01
i:  13900, t:   119622.8 s (2.68 periods), wall: 44.126 minutes, Δt:   7.76, CFL: 9.50e-01
i:  14000, t:   120372.4 s (2.70 periods), wall: 44.408 minutes, Δt:   7.51, CFL: 9.50e-01
i:  14100, t:   121100.1 s (2.71 periods), wall: 44.689 minutes, Δt:   7.39, CFL: 9.50e-01
i:  14200, t:   121818.3 s (2.73 periods), wall: 44.969 minutes, Δt:   7.27, CFL: 9.50e-01
i:  14300, t:   122536.8 s (2.75 periods), wall: 45.250 minutes, Δt:   7.26, CFL: 9.50e-01
i:  14400, t:   123257.3 s (2.76 periods), wall: 45.534 minutes, Δt:   7.27, CFL: 9.50e-01
i:  14500, t:   123979.2 s (2.78 periods), wall: 45.813 minutes, Δt:   7.38, CFL: 9.50e-01
i:  14600, t:   124704.2 s (2.79 periods), wall: 46.094 minutes, Δt:   7.57, CFL: 9.50e-01
i:  14700, t:   125461.9 s (2.81 periods), wall: 46.376 minutes, Δt:   7.87, CFL: 9.50e-01
i:  14800, t:   126256.0 s (2.83 periods), wall: 46.656 minutes, Δt:   8.24, CFL: 9.50e-01
i:  14900, t:   127088.7 s (2.85 periods), wall: 46.937 minutes, Δt:   8.85, CFL: 9.50e-01
i:  15000, t:   127989.3 s (2.87 periods), wall: 47.219 minutes, Δt:   9.69, CFL: 9.50e-01
i:  15100, t:   128988.4 s (2.89 periods), wall: 47.501 minutes, Δt:  10.90, CFL: 9.50e-01
i:  15200, t:   130095.3 s (2.91 periods), wall: 47.783 minutes, Δt:  11.03, CFL: 9.50e-01
i:  15300, t:   131026.4 s (2.94 periods), wall: 48.065 minutes, Δt:   7.32, CFL: 9.50e-01
i:  15400, t:   131753.4 s (2.95 periods), wall: 48.342 minutes, Δt:   6.53, CFL: 9.50e-01
i:  15500, t:   132538.4 s (2.97 periods), wall: 48.621 minutes, Δt:   9.75, CFL: 9.50e-01
i:  15600, t:   133724.8 s (3.00 periods), wall: 48.905 minutes, Δt:  13.49, CFL: 9.50e-01
i:  15700, t:   135217.0 s (3.03 periods), wall: 49.190 minutes, Δt:  15.47, CFL: 9.50e-01
i:  15800, t:   136515.3 s (3.06 periods), wall: 49.475 minutes, Δt:  12.48, CFL: 9.50e-01
i:  15900, t:   137667.8 s (3.08 periods), wall: 49.758 minutes, Δt:  10.69, CFL: 9.50e-01
i:  16000, t:   138645.8 s (3.11 periods), wall: 50.041 minutes, Δt:   9.55, CFL: 9.50e-01
i:  16100, t:   139553.9 s (3.13 periods), wall: 50.324 minutes, Δt:   8.93, CFL: 9.50e-01
i:  16200, t:   140401.2 s (3.15 periods), wall: 50.606 minutes, Δt:   8.35, CFL: 9.50e-01
i:  16300, t:   141206.7 s (3.16 periods), wall: 50.886 minutes, Δt:   7.92, CFL: 9.50e-01
i:  16400, t:   141970.5 s (3.18 periods), wall: 51.168 minutes, Δt:   7.59, CFL: 9.50e-01
i:  16500, t:   142706.0 s (3.20 periods), wall: 51.448 minutes, Δt:   7.35, CFL: 9.50e-01
i:  16600, t:   143424.3 s (3.21 periods), wall: 51.729 minutes, Δt:   7.18, CFL: 9.50e-01
i:  16700, t:   144119.3 s (3.23 periods), wall: 52.010 minutes, Δt:   7.04, CFL: 9.50e-01
i:  16800, t:   144816.4 s (3.24 periods), wall: 52.291 minutes, Δt:   7.03, CFL: 9.50e-01
i:  16900, t:   145515.9 s (3.26 periods), wall: 52.572 minutes, Δt:   7.09, CFL: 9.50e-01
i:  17000, t:   146210.4 s (3.28 periods), wall: 52.854 minutes, Δt:   7.19, CFL: 9.50e-01
i:  17100, t:   146924.3 s (3.29 periods), wall: 53.134 minutes, Δt:   7.37, CFL: 9.50e-01
i:  17200, t:   147655.6 s (3.31 periods), wall: 53.415 minutes, Δt:   7.58, CFL: 9.50e-01
i:  17300, t:   148416.8 s (3.32 periods), wall: 53.696 minutes, Δt:   7.85, CFL: 9.50e-01
i:  17400, t:   149204.8 s (3.34 periods), wall: 53.977 minutes, Δt:   8.33, CFL: 9.50e-01
i:  17500, t:   150053.0 s (3.36 periods), wall: 54.258 minutes, Δt:   9.07, CFL: 9.50e-01
i:  17600, t:   150967.2 s (3.38 periods), wall: 54.541 minutes, Δt:   9.42, CFL: 9.50e-01
i:  17700, t:   151935.9 s (3.40 periods), wall: 54.822 minutes, Δt:   9.87, CFL: 9.50e-01
i:  17800, t:   152873.9 s (3.42 periods), wall: 55.105 minutes, Δt:   7.93, CFL: 9.50e-01
i:  17900, t:   153568.8 s (3.44 periods), wall: 55.383 minutes, Δt:   7.33, CFL: 9.50e-01
i:  18000, t:   154275.9 s (3.46 periods), wall: 55.661 minutes, Δt:   7.16, CFL: 9.50e-01
i:  18100, t:   155087.5 s (3.47 periods), wall: 55.940 minutes, Δt:  11.27, CFL: 9.50e-01
i:  18200, t:   156267.6 s (3.50 periods), wall: 56.225 minutes, Δt:  13.33, CFL: 9.50e-01
i:  18300, t:   157543.2 s (3.53 periods), wall: 56.509 minutes, Δt:  12.64, CFL: 9.50e-01
i:  18400, t:   158781.6 s (3.56 periods), wall: 56.794 minutes, Δt:  12.32, CFL: 9.50e-01
i:  18500, t:   159921.1 s (3.58 periods), wall: 57.077 minutes, Δt:  10.80, CFL: 9.50e-01
i:  18600, t:   160923.6 s (3.60 periods), wall: 57.358 minutes, Δt:   9.88, CFL: 9.50e-01
i:  18700, t:   161847.4 s (3.63 periods), wall: 57.642 minutes, Δt:   9.04, CFL: 9.50e-01
i:  18800, t:   162699.4 s (3.64 periods), wall: 57.923 minutes, Δt:   8.30, CFL: 9.50e-01
i:  18900, t:   163484.5 s (3.66 periods), wall: 58.204 minutes, Δt:   7.83, CFL: 9.50e-01
i:  19000, t:   164240.8 s (3.68 periods), wall: 58.485 minutes, Δt:   7.55, CFL: 9.50e-01
i:  19100, t:   164974.4 s (3.70 periods), wall: 58.767 minutes, Δt:   7.44, CFL: 9.50e-01
i:  19200, t:   165694.9 s (3.71 periods), wall: 59.049 minutes, Δt:   7.32, CFL: 9.50e-01
i:  19300, t:   166414.5 s (3.73 periods), wall: 59.328 minutes, Δt:   7.23, CFL: 9.50e-01
i:  19400, t:   167134.6 s (3.74 periods), wall: 59.609 minutes, Δt:   7.23, CFL: 9.50e-01
i:  19500, t:   167853.7 s (3.76 periods), wall: 59.891 minutes, Δt:   7.24, CFL: 9.50e-01
i:  19600, t:   168575.0 s (3.78 periods), wall: 1.003 hours, Δt:   7.39, CFL: 9.50e-01
i:  19700, t:   169305.8 s (3.79 periods), wall: 1.008 hours, Δt:   7.53, CFL: 9.50e-01
i:  19800, t:   170057.2 s (3.81 periods), wall: 1.012 hours, Δt:   7.84, CFL: 9.50e-01
i:  19900, t:   170837.6 s (3.83 periods), wall: 1.017 hours, Δt:   8.22, CFL: 9.50e-01
i:  20000, t:   171658.1 s (3.85 periods), wall: 1.022 hours, Δt:   8.73, CFL: 9.50e-01
i:  20100, t:   172552.6 s (3.87 periods), wall: 1.026 hours, Δt:   9.55, CFL: 9.50e-01
i:  20200, t:   173518.0 s (3.89 periods), wall: 1.031 hours, Δt:  10.22, CFL: 9.50e-01
i:  20300, t:   174491.8 s (3.91 periods), wall: 1.036 hours, Δt:   9.91, CFL: 9.50e-01
i:  20400, t:   175312.1 s (3.93 periods), wall: 1.040 hours, Δt:   7.34, CFL: 9.50e-01
i:  20500, t:   175961.8 s (3.94 periods), wall: 1.045 hours, Δt:   6.76, CFL: 9.50e-01
i:  20600, t:   176681.7 s (3.96 periods), wall: 1.050 hours, Δt:   9.24, CFL: 9.50e-01
i:  20700, t:   177692.3 s (3.98 periods), wall: 1.054 hours, Δt:  13.76, CFL: 9.50e-01
i:  20800, t:   179078.1 s (4.01 periods), wall: 1.059 hours, Δt:  14.26, CFL: 9.50e-01
i:  20900, t:   180357.8 s (4.04 periods), wall: 1.064 hours, Δt:  12.21, CFL: 9.50e-01
i:  21000, t:   181581.7 s (4.07 periods), wall: 1.069 hours, Δt:  11.71, CFL: 9.50e-01
i:  21100, t:   182626.7 s (4.09 periods), wall: 1.073 hours, Δt:   9.70, CFL: 9.50e-01
i:  21200, t:   183533.5 s (4.11 periods), wall: 1.078 hours, Δt:   8.94, CFL: 9.50e-01
i:  21300, t:   184388.5 s (4.13 periods), wall: 1.083 hours, Δt:   8.40, CFL: 9.50e-01
i:  21400, t:   185204.5 s (4.15 periods), wall: 1.087 hours, Δt:   8.14, CFL: 9.50e-01
i:  21500, t:   185979.9 s (4.17 periods), wall: 1.092 hours, Δt:   7.73, CFL: 9.50e-01
i:  21600, t:   186730.4 s (4.18 periods), wall: 1.097 hours, Δt:   7.43, CFL: 9.50e-01
i:  21700, t:   187455.5 s (4.20 periods), wall: 1.101 hours, Δt:   7.28, CFL: 9.50e-01
i:  21800, t:   188172.0 s (4.22 periods), wall: 1.106 hours, Δt:   7.20, CFL: 9.50e-01
i:  21900, t:   188869.8 s (4.23 periods), wall: 1.111 hours, Δt:   7.10, CFL: 9.50e-01
i:  22000, t:   189567.5 s (4.25 periods), wall: 1.116 hours, Δt:   7.08, CFL: 9.50e-01
i:  22100, t:   190265.8 s (4.26 periods), wall: 1.120 hours, Δt:   7.11, CFL: 9.50e-01
i:  22200, t:   190965.8 s (4.28 periods), wall: 1.125 hours, Δt:   7.23, CFL: 9.50e-01
i:  22300, t:   191689.7 s (4.29 periods), wall: 1.130 hours, Δt:   7.38, CFL: 9.50e-01
i:  22400, t:   192428.9 s (4.31 periods), wall: 1.134 hours, Δt:   7.66, CFL: 9.50e-01
i:  22500, t:   193195.4 s (4.33 periods), wall: 1.139 hours, Δt:   8.03, CFL: 9.50e-01
i:  22600, t:   194003.0 s (4.35 periods), wall: 1.144 hours, Δt:   8.40, CFL: 9.50e-01
i:  22700, t:   194853.6 s (4.37 periods), wall: 1.148 hours, Δt:   8.95, CFL: 9.50e-01
i:  22800, t:   195742.0 s (4.38 periods), wall: 1.153 hours, Δt:   8.93, CFL: 9.50e-01
i:  22900, t:   196515.3 s (4.40 periods), wall: 1.158 hours, Δt:   7.87, CFL: 9.50e-01
i:  23000, t:   197193.2 s (4.42 periods), wall: 1.162 hours, Δt:   7.06, CFL: 9.50e-01
i:  23100, t:   197897.5 s (4.43 periods), wall: 1.167 hours, Δt:   7.69, CFL: 9.50e-01
i:  23200, t:   198648.0 s (4.45 periods), wall: 1.172 hours, Δt:   8.48, CFL: 9.50e-01
i:  23300, t:   199549.9 s (4.47 periods), wall: 1.176 hours, Δt:   9.06, CFL: 9.50e-01
i:  23400, t:   200799.7 s (4.50 periods), wall: 1.181 hours, Δt:  13.96, CFL: 9.50e-01
i:  23500, t:   202060.4 s (4.53 periods), wall: 1.186 hours, Δt:  12.77, CFL: 9.50e-01
i:  23600, t:   203283.4 s (4.55 periods), wall: 1.191 hours, Δt:  11.22, CFL: 9.50e-01
i:  23700, t:   204378.9 s (4.58 periods), wall: 1.195 hours, Δt:  10.47, CFL: 9.50e-01
i:  23800, t:   205353.6 s (4.60 periods), wall: 1.200 hours, Δt:   9.47, CFL: 9.50e-01
i:  23900, t:   206236.8 s (4.62 periods), wall: 1.205 hours, Δt:   8.70, CFL: 9.50e-01
i:  24000, t:   207073.3 s (4.64 periods), wall: 1.209 hours, Δt:   8.29, CFL: 9.50e-01
i:  24100, t:   207870.6 s (4.66 periods), wall: 1.214 hours, Δt:   7.89, CFL: 9.50e-01
i:  24200, t:   208637.6 s (4.67 periods), wall: 1.219 hours, Δt:   7.64, CFL: 9.50e-01
i:  24300, t:   209376.5 s (4.69 periods), wall: 1.223 hours, Δt:   7.39, CFL: 9.50e-01
i:  24400, t:   210096.7 s (4.71 periods), wall: 1.228 hours, Δt:   7.28, CFL: 9.50e-01
i:  24500, t:   210808.4 s (4.72 periods), wall: 1.233 hours, Δt:   7.17, CFL: 9.50e-01
i:  24600, t:   211504.7 s (4.74 periods), wall: 1.237 hours, Δt:   7.10, CFL: 9.50e-01
i:  24700, t:   212202.1 s (4.75 periods), wall: 1.242 hours, Δt:   7.09, CFL: 9.50e-01
i:  24800, t:   212902.9 s (4.77 periods), wall: 1.247 hours, Δt:   7.19, CFL: 9.50e-01
i:  24900, t:   213617.0 s (4.79 periods), wall: 1.251 hours, Δt:   7.34, CFL: 9.50e-01
i:  25000, t:   214347.4 s (4.80 periods), wall: 1.256 hours, Δt:   7.56, CFL: 9.50e-01
i:  25100, t:   215106.0 s (4.82 periods), wall: 1.261 hours, Δt:   7.90, CFL: 9.50e-01
i:  25200, t:   215892.4 s (4.84 periods), wall: 1.266 hours, Δt:   8.32, CFL: 9.50e-01
i:  25300, t:   216736.2 s (4.86 periods), wall: 1.270 hours, Δt:   9.02, CFL: 9.50e-01
i:  25400, t:   217649.0 s (4.88 periods), wall: 1.275 hours, Δt:   9.67, CFL: 9.50e-01
i:  25500, t:   218602.2 s (4.90 periods), wall: 1.280 hours, Δt:   9.86, CFL: 9.50e-01
i:  25600, t:   219505.3 s (4.92 periods), wall: 1.284 hours, Δt:   9.16, CFL: 9.50e-01
i:  25700, t:   220296.4 s (4.93 periods), wall: 1.289 hours, Δt:   7.34, CFL: 9.50e-01
i:  25800, t:   220954.8 s (4.95 periods), wall: 1.294 hours, Δt:   5.60, CFL: 9.50e-01
i:  25900, t:   221699.3 s (4.97 periods), wall: 1.298 hours, Δt:  10.91, CFL: 9.50e-01
i:  26000, t:   222791.2 s (4.99 periods), wall: 1.303 hours, Δt:  13.26, CFL: 9.50e-01
i:  26100, t:   224162.6 s (5.02 periods), wall: 1.308 hours, Δt:  13.81, CFL: 9.50e-01
i:  26200, t:   225432.0 s (5.05 periods), wall: 1.313 hours, Δt:  12.26, CFL: 9.50e-01
i:  26300, t:   226594.1 s (5.08 periods), wall: 1.317 hours, Δt:  11.36, CFL: 9.50e-01
i:  26400, t:   227640.5 s (5.10 periods), wall: 1.322 hours, Δt:   9.79, CFL: 9.50e-01
i:  26500, t:   228549.7 s (5.12 periods), wall: 1.327 hours, Δt:   8.90, CFL: 9.50e-01
i:  26600, t:   229403.4 s (5.14 periods), wall: 1.331 hours, Δt:   8.34, CFL: 9.50e-01
i:  26700, t:   230198.3 s (5.16 periods), wall: 1.336 hours, Δt:   7.88, CFL: 9.50e-01
i:  26800, t:   230956.4 s (5.17 periods), wall: 1.341 hours, Δt:   7.59, CFL: 9.50e-01
i:  26900, t:   231696.4 s (5.19 periods), wall: 1.345 hours, Δt:   7.38, CFL: 9.50e-01
i:  27000, t:   232416.4 s (5.21 periods), wall: 1.350 hours, Δt:   7.22, CFL: 9.50e-01
i:  27100, t:   233120.1 s (5.22 periods), wall: 1.355 hours, Δt:   7.10, CFL: 9.50e-01
i:  27200, t:   233817.6 s (5.24 periods), wall: 1.360 hours, Δt:   7.03, CFL: 9.50e-01
i:  27300, t:   234515.1 s (5.25 periods), wall: 1.364 hours, Δt:   7.05, CFL: 9.50e-01
i:  27400, t:   235215.8 s (5.27 periods), wall: 1.369 hours, Δt:   7.19, CFL: 9.50e-01
i:  27500, t:   235929.7 s (5.29 periods), wall: 1.374 hours, Δt:   7.34, CFL: 9.50e-01
i:  27600, t:   236651.8 s (5.30 periods), wall: 1.378 hours, Δt:   7.49, CFL: 9.50e-01
i:  27700, t:   237401.5 s (5.32 periods), wall: 1.383 hours, Δt:   7.78, CFL: 9.50e-01
i:  27800, t:   238187.3 s (5.34 periods), wall: 1.388 hours, Δt:   8.26, CFL: 9.50e-01
i:  27900, t:   239032.0 s (5.35 periods), wall: 1.392 hours, Δt:   8.59, CFL: 9.50e-01
i:  28000, t:   239883.2 s (5.37 periods), wall: 1.397 hours, Δt:   8.23, CFL: 9.50e-01
i:  28100, t:   240596.0 s (5.39 periods), wall: 1.402 hours, Δt:   6.38, CFL: 9.50e-01
i:  28200, t:   241219.2 s (5.40 periods), wall: 1.406 hours, Δt:   6.35, CFL: 9.50e-01
i:  28300, t:   241856.1 s (5.42 periods), wall: 1.411 hours, Δt:   7.04, CFL: 9.50e-01
i:  28400, t:   242569.3 s (5.43 periods), wall: 1.416 hours, Δt:   6.87, CFL: 9.50e-01
i:  28500, t:   243321.1 s (5.45 periods), wall: 1.420 hours, Δt:   8.63, CFL: 9.50e-01
i:  28600, t:   244277.8 s (5.47 periods), wall: 1.425 hours, Δt:  12.01, CFL: 9.50e-01
i:  28700, t:   245683.2 s (5.50 periods), wall: 1.430 hours, Δt:  15.50, CFL: 9.50e-01
i:  28800, t:   247059.8 s (5.53 periods), wall: 1.435 hours, Δt:  12.88, CFL: 9.50e-01
i:  28900, t:   248270.8 s (5.56 periods), wall: 1.439 hours, Δt:  11.74, CFL: 9.50e-01
i:  29000, t:   249357.1 s (5.59 periods), wall: 1.444 hours, Δt:  10.55, CFL: 9.50e-01
i:  29100, t:   250330.5 s (5.61 periods), wall: 1.449 hours, Δt:   9.35, CFL: 9.50e-01
i:  29200, t:   251214.2 s (5.63 periods), wall: 1.453 hours, Δt:   8.72, CFL: 9.50e-01
i:  29300, t:   252033.8 s (5.65 periods), wall: 1.458 hours, Δt:   8.12, CFL: 9.50e-01
i:  29400, t:   252819.3 s (5.66 periods), wall: 1.463 hours, Δt:   7.80, CFL: 9.50e-01
i:  29500, t:   253570.2 s (5.68 periods), wall: 1.468 hours, Δt:   7.48, CFL: 9.50e-01
i:  29600, t:   254298.2 s (5.70 periods), wall: 1.472 hours, Δt:   7.31, CFL: 9.50e-01
i:  29700, t:   255016.6 s (5.71 periods), wall: 1.477 hours, Δt:   7.16, CFL: 9.50e-01
i:  29800, t:   255712.2 s (5.73 periods), wall: 1.482 hours, Δt:   7.07, CFL: 9.50e-01
i:  29900, t:   256409.2 s (5.74 periods), wall: 1.486 hours, Δt:   7.05, CFL: 9.50e-01
i:  30000, t:   257108.4 s (5.76 periods), wall: 1.491 hours, Δt:   7.09, CFL: 9.50e-01
i:  30100, t:   257803.2 s (5.78 periods), wall: 1.496 hours, Δt:   7.20, CFL: 9.50e-01
i:  30200, t:   258524.5 s (5.79 periods), wall: 1.500 hours, Δt:   7.34, CFL: 9.50e-01
i:  30300, t:   259256.1 s (5.81 periods), wall: 1.505 hours, Δt:   7.59, CFL: 9.50e-01
i:  30400, t:   260017.1 s (5.82 periods), wall: 1.510 hours, Δt:   7.93, CFL: 9.50e-01
i:  30500, t:   260814.5 s (5.84 periods), wall: 1.514 hours, Δt:   8.41, CFL: 9.50e-01
i:  30600, t:   261662.3 s (5.86 periods), wall: 1.519 hours, Δt:   9.05, CFL: 9.50e-01
i:  30700, t:   262602.3 s (5.88 periods), wall: 1.524 hours, Δt:  10.08, CFL: 9.50e-01
i:  30800, t:   263609.7 s (5.91 periods), wall: 1.528 hours, Δt:  10.79, CFL: 9.50e-01
i:  30900, t:   264531.0 s (5.93 periods), wall: 1.533 hours, Δt:   7.23, CFL: 9.50e-01
i:  31000, t:   265190.2 s (5.94 periods), wall: 1.538 hours, Δt:   6.81, CFL: 9.50e-01
i:  31100, t:   265882.3 s (5.96 periods), wall: 1.542 hours, Δt:   5.94, CFL: 9.50e-01
i:  31200, t:   266658.0 s (5.97 periods), wall: 1.547 hours, Δt:   9.25, CFL: 9.50e-01
i:  31300, t:   267764.7 s (6.00 periods), wall: 1.552 hours, Δt:  12.80, CFL: 9.50e-01
i:  31400, t:   269062.4 s (6.03 periods), wall: 1.557 hours, Δt:  12.73, CFL: 9.50e-01
i:  31500, t:   270282.1 s (6.05 periods), wall: 1.561 hours, Δt:  12.10, CFL: 9.50e-01
i:  31600, t:   271422.5 s (6.08 periods), wall: 1.566 hours, Δt:  11.13, CFL: 9.50e-01
i:  31700, t:   272454.3 s (6.10 periods), wall: 1.571 hours, Δt:   9.92, CFL: 9.50e-01
i:  31800, t:   273388.5 s (6.12 periods), wall: 1.575 hours, Δt:   9.02, CFL: 9.50e-01
i:  31900, t:   274232.9 s (6.14 periods), wall: 1.580 hours, Δt:   8.35, CFL: 9.50e-01
i:  32000, t:   275037.6 s (6.16 periods), wall: 1.585 hours, Δt:   7.89, CFL: 9.50e-01
i:  32100, t:   275804.8 s (6.18 periods), wall: 1.590 hours, Δt:   7.56, CFL: 9.50e-01
i:  32200, t:   276544.8 s (6.19 periods), wall: 1.594 hours, Δt:   7.46, CFL: 9.50e-01
i:  32300, t:   277266.0 s (6.21 periods), wall: 1.599 hours, Δt:   7.34, CFL: 9.50e-01
i:  32400, t:   277985.9 s (6.23 periods), wall: 1.604 hours, Δt:   7.25, CFL: 9.50e-01
i:  32500, t:   278705.2 s (6.24 periods), wall: 1.608 hours, Δt:   7.23, CFL: 9.50e-01
i:  32600, t:   279426.4 s (6.26 periods), wall: 1.613 hours, Δt:   7.24, CFL: 9.50e-01
i:  32700, t:   280145.4 s (6.28 periods), wall: 1.618 hours, Δt:   7.36, CFL: 9.50e-01
i:  32800, t:   280867.7 s (6.29 periods), wall: 1.622 hours, Δt:   7.51, CFL: 9.50e-01
i:  32900, t:   281616.7 s (6.31 periods), wall: 1.627 hours, Δt:   7.73, CFL: 9.50e-01
i:  33000, t:   282388.3 s (6.33 periods), wall: 1.632 hours, Δt:   8.06, CFL: 9.50e-01
i:  33100, t:   283202.7 s (6.34 periods), wall: 1.636 hours, Δt:   8.43, CFL: 9.50e-01
i:  33200, t:   284024.3 s (6.36 periods), wall: 1.641 hours, Δt:   8.01, CFL: 9.50e-01
i:  33300, t:   284847.0 s (6.38 periods), wall: 1.646 hours, Δt:   8.92, CFL: 9.50e-01
i:  33400, t:   285641.1 s (6.40 periods), wall: 1.650 hours, Δt:   6.62, CFL: 9.50e-01
i:  33500, t:   286267.0 s (6.41 periods), wall: 1.655 hours, Δt:   6.62, CFL: 9.50e-01
i:  33600, t:   286934.6 s (6.43 periods), wall: 1.660 hours, Δt:   6.91, CFL: 9.50e-01
i:  33700, t:   287695.3 s (6.44 periods), wall: 1.664 hours, Δt:   8.47, CFL: 9.50e-01
i:  33800, t:   288607.6 s (6.47 periods), wall: 1.669 hours, Δt:   9.91, CFL: 9.50e-01
i:  33900, t:   289791.4 s (6.49 periods), wall: 1.674 hours, Δt:  14.83, CFL: 9.50e-01
i:  34000, t:   291207.1 s (6.52 periods), wall: 1.679 hours, Δt:  13.34, CFL: 9.50e-01
i:  34100, t:   292479.7 s (6.55 periods), wall: 1.683 hours, Δt:  12.53, CFL: 9.50e-01
i:  34200, t:   293629.3 s (6.58 periods), wall: 1.688 hours, Δt:  10.95, CFL: 9.50e-01
i:  34300, t:   294633.8 s (6.60 periods), wall: 1.693 hours, Δt:   9.71, CFL: 9.50e-01
i:  34400, t:   295543.7 s (6.62 periods), wall: 1.698 hours, Δt:   8.89, CFL: 9.50e-01
i:  34500, t:   296387.3 s (6.64 periods), wall: 1.702 hours, Δt:   8.29, CFL: 9.50e-01
i:  34600, t:   297181.9 s (6.66 periods), wall: 1.707 hours, Δt:   7.81, CFL: 9.50e-01
i:  34700, t:   297938.1 s (6.67 periods), wall: 1.712 hours, Δt:   7.53, CFL: 9.50e-01
i:  34800, t:   298663.4 s (6.69 periods), wall: 1.716 hours, Δt:   7.28, CFL: 9.50e-01
i:  34900, t:   299382.6 s (6.71 periods), wall: 1.721 hours, Δt:   7.16, CFL: 9.50e-01
i:  35000, t:   300079.4 s (6.72 periods), wall: 1.726 hours, Δt:   7.05, CFL: 9.50e-01
i:  35100, t:   300759.0 s (6.74 periods), wall: 1.730 hours, Δt:   6.75, CFL: 9.50e-01
i:  35200, t:   301406.2 s (6.75 periods), wall: 1.735 hours, Δt:   6.01, CFL: 9.50e-01
i:  35300, t:   301976.9 s (6.76 periods), wall: 1.740 hours, Δt:   5.65, CFL: 9.50e-01
i:  35400, t:   302539.8 s (6.78 periods), wall: 1.744 hours, Δt:   5.75, CFL: 9.50e-01
i:  35500, t:   303111.5 s (6.79 periods), wall: 1.749 hours, Δt:   5.91, CFL: 9.50e-01
i:  35600, t:   303699.4 s (6.80 periods), wall: 1.754 hours, Δt:   5.88, CFL: 9.50e-01
i:  35700, t:   304295.9 s (6.82 periods), wall: 1.758 hours, Δt:   6.18, CFL: 9.50e-01
i:  35800, t:   304887.1 s (6.83 periods), wall: 1.763 hours, Δt:   5.56, CFL: 9.50e-01
i:  35900, t:   305435.1 s (6.84 periods), wall: 1.767 hours, Δt:   5.47, CFL: 9.50e-01
i:  36000, t:   305979.4 s (6.85 periods), wall: 1.772 hours, Δt:   5.38, CFL: 9.50e-01
i:  36100, t:   306530.4 s (6.87 periods), wall: 1.777 hours, Δt:   6.09, CFL: 9.50e-01
i:  36200, t:   307120.6 s (6.88 periods), wall: 1.781 hours, Δt:   5.59, CFL: 9.50e-01
i:  36300, t:   307678.5 s (6.89 periods), wall: 1.786 hours, Δt:   6.10, CFL: 9.50e-01
i:  36400, t:   308305.5 s (6.91 periods), wall: 1.791 hours, Δt:   6.82, CFL: 9.50e-01
i:  36500, t:   309008.6 s (6.92 periods), wall: 1.796 hours, Δt:   8.08, CFL: 9.50e-01
i:  36600, t:   309905.6 s (6.94 periods), wall: 1.800 hours, Δt:   9.97, CFL: 9.50e-01
i:  36700, t:   311084.0 s (6.97 periods), wall: 1.805 hours, Δt:  17.42, CFL: 9.50e-01
i:  36800, t:   312662.4 s (7.00 periods), wall: 1.810 hours, Δt:  14.60, CFL: 9.50e-01
i:  36900, t:   314006.8 s (7.03 periods), wall: 1.815 hours, Δt:  12.33, CFL: 9.50e-01
i:  37000, t:   315169.5 s (7.06 periods), wall: 1.819 hours, Δt:  11.15, CFL: 9.50e-01
i:  37100, t:   316225.7 s (7.08 periods), wall: 1.824 hours, Δt:  10.16, CFL: 9.50e-01
i:  37200, t:   317186.1 s (7.11 periods), wall: 1.829 hours, Δt:   9.36, CFL: 9.50e-01
i:  37300, t:   318059.8 s (7.12 periods), wall: 1.833 hours, Δt:   8.41, CFL: 9.50e-01
i:  37400, t:   318856.5 s (7.14 periods), wall: 1.838 hours, Δt:   7.87, CFL: 9.50e-01
i:  37500, t:   319620.0 s (7.16 periods), wall: 1.843 hours, Δt:   7.55, CFL: 9.50e-01
i:  37600, t:   320350.5 s (7.18 periods), wall: 1.848 hours, Δt:   7.29, CFL: 9.50e-01
i:  37700, t:   321060.8 s (7.19 periods), wall: 1.852 hours, Δt:   7.06, CFL: 9.50e-01
i:  37800, t:   321757.9 s (7.21 periods), wall: 1.857 hours, Δt:   6.99, CFL: 9.50e-01
i:  37900, t:   322438.4 s (7.22 periods), wall: 1.861 hours, Δt:   6.87, CFL: 9.50e-01
i:  38000, t:   323113.8 s (7.24 periods), wall: 1.866 hours, Δt:   6.82, CFL: 9.50e-01
i:  38100, t:   323790.0 s (7.25 periods), wall: 1.871 hours, Δt:   6.83, CFL: 9.50e-01
i:  38200, t:   324468.4 s (7.27 periods), wall: 1.875 hours, Δt:   6.93, CFL: 9.50e-01
i:  38300, t:   325154.9 s (7.28 periods), wall: 1.880 hours, Δt:   7.07, CFL: 9.50e-01
i:  38400, t:   325857.2 s (7.30 periods), wall: 1.885 hours, Δt:   7.23, CFL: 9.50e-01
i:  38500, t:   326571.5 s (7.32 periods), wall: 1.889 hours, Δt:   7.50, CFL: 9.50e-01
i:  38600, t:   327293.3 s (7.33 periods), wall: 1.894 hours, Δt:   6.85, CFL: 9.50e-01
i:  38700, t:   327943.9 s (7.35 periods), wall: 1.899 hours, Δt:   6.15, CFL: 9.50e-01
i:  38800, t:   328516.6 s (7.36 periods), wall: 1.903 hours, Δt:   5.77, CFL: 9.50e-01
i:  38900, t:   329090.2 s (7.37 periods), wall: 1.908 hours, Δt:   5.57, CFL: 9.50e-01
i:  39000, t:   329652.9 s (7.38 periods), wall: 1.913 hours, Δt:   5.61, CFL: 9.50e-01
i:  39100, t:   330220.8 s (7.40 periods), wall: 1.918 hours, Δt:   6.43, CFL: 9.50e-01
i:  39200, t:   330860.8 s (7.41 periods), wall: 1.922 hours, Δt:   6.56, CFL: 9.50e-01
i:  39300, t:   331546.8 s (7.43 periods), wall: 1.927 hours, Δt:   7.50, CFL: 9.50e-01
i:  39400, t:   332333.5 s (7.44 periods), wall: 1.932 hours, Δt:   9.34, CFL: 9.50e-01
i:  39500, t:   333331.8 s (7.47 periods), wall: 1.936 hours, Δt:  13.33, CFL: 9.50e-01
i:  39600, t:   334761.5 s (7.50 periods), wall: 1.941 hours, Δt:  13.16, CFL: 9.50e-01
i:  39700, t:   336079.9 s (7.53 periods), wall: 1.946 hours, Δt:  12.68, CFL: 9.50e-01
i:  39800, t:   337327.4 s (7.56 periods), wall: 1.951 hours, Δt:  11.83, CFL: 9.50e-01
i:  39900, t:   338435.7 s (7.58 periods), wall: 1.955 hours, Δt:  10.61, CFL: 9.50e-01
i:  40000, t:   339405.4 s (7.60 periods), wall: 1.960 hours, Δt:   9.32, CFL: 9.50e-01
i:  40100, t:   340298.7 s (7.62 periods), wall: 1.965 hours, Δt:   8.78, CFL: 9.50e-01
i:  40200, t:   341132.1 s (7.64 periods), wall: 1.969 hours, Δt:   8.19, CFL: 9.50e-01
i:  40300, t:   341915.1 s (7.66 periods), wall: 1.974 hours, Δt:   7.77, CFL: 9.50e-01
i:  40400, t:   342664.7 s (7.68 periods), wall: 1.979 hours, Δt:   7.51, CFL: 9.50e-01
i:  40500, t:   343399.3 s (7.69 periods), wall: 1.983 hours, Δt:   7.33, CFL: 9.50e-01
i:  40600, t:   344116.7 s (7.71 periods), wall: 1.988 hours, Δt:   7.16, CFL: 9.50e-01
i:  40700, t:   344812.7 s (7.72 periods), wall: 1.993 hours, Δt:   7.10, CFL: 9.50e-01
i:  40800, t:   345508.7 s (7.74 periods), wall: 1.997 hours, Δt:   7.06, CFL: 9.50e-01
i:  40900, t:   346204.2 s (7.76 periods), wall: 2.002 hours, Δt:   6.98, CFL: 9.50e-01
i:  41000, t:   346880.5 s (7.77 periods), wall: 2.007 hours, Δt:   6.92, CFL: 9.50e-01
i:  41100, t:   347564.8 s (7.79 periods), wall: 2.011 hours, Δt:   7.05, CFL: 9.50e-01
i:  41200, t:   348263.7 s (7.80 periods), wall: 2.016 hours, Δt:   7.18, CFL: 9.50e-01
i:  41300, t:   348979.6 s (7.82 periods), wall: 2.021 hours, Δt:   7.42, CFL: 9.50e-01
i:  41400, t:   349705.7 s (7.83 periods), wall: 2.025 hours, Δt:   7.54, CFL: 9.50e-01
i:  41500, t:   350380.7 s (7.85 periods), wall: 2.030 hours, Δt:   6.11, CFL: 9.50e-01
i:  41600, t:   350961.5 s (7.86 periods), wall: 2.035 hours, Δt:   5.66, CFL: 9.50e-01
i:  41700, t:   351552.7 s (7.88 periods), wall: 2.040 hours, Δt:   6.42, CFL: 9.50e-01
i:  41800, t:   352147.1 s (7.89 periods), wall: 2.044 hours, Δt:   6.01, CFL: 9.50e-01
i:  41900, t:   352767.6 s (7.90 periods), wall: 2.049 hours, Δt:   6.56, CFL: 9.50e-01
i:  42000, t:   353461.8 s (7.92 periods), wall: 2.054 hours, Δt:   7.54, CFL: 9.50e-01
i:  42100, t:   354213.0 s (7.93 periods), wall: 2.058 hours, Δt:   8.01, CFL: 9.50e-01
i:  42200, t:   355092.8 s (7.95 periods), wall: 2.063 hours, Δt:   9.79, CFL: 9.50e-01
i:  42300, t:   356227.2 s (7.98 periods), wall: 2.068 hours, Δt:  13.96, CFL: 9.50e-01
i:  42400, t:   357627.8 s (8.01 periods), wall: 2.073 hours, Δt:  15.22, CFL: 9.50e-01
i:  42500, t:   358929.6 s (8.04 periods), wall: 2.077 hours, Δt:  11.74, CFL: 9.50e-01
i:  42600, t:   360056.6 s (8.07 periods), wall: 2.082 hours, Δt:  11.56, CFL: 9.50e-01
i:  42700, t:   361095.9 s (8.09 periods), wall: 2.087 hours, Δt:  10.00, CFL: 9.50e-01
i:  42800, t:   362029.2 s (8.11 periods), wall: 2.091 hours, Δt:   9.13, CFL: 9.50e-01
i:  42900, t:   362889.0 s (8.13 periods), wall: 2.096 hours, Δt:   8.53, CFL: 9.50e-01
i:  43000, t:   363697.4 s (8.15 periods), wall: 2.101 hours, Δt:   8.02, CFL: 9.50e-01
i:  43100, t:   364471.0 s (8.16 periods), wall: 2.105 hours, Δt:   7.62, CFL: 9.50e-01
i:  43200, t:   365206.8 s (8.18 periods), wall: 2.110 hours, Δt:   7.34, CFL: 9.50e-01
i:  43300, t:   365925.2 s (8.20 periods), wall: 2.115 hours, Δt:   7.15, CFL: 9.50e-01
i:  43400, t:   366620.3 s (8.21 periods), wall: 2.119 hours, Δt:   7.00, CFL: 9.50e-01
i:  43500, t:   367302.0 s (8.23 periods), wall: 2.124 hours, Δt:   6.92, CFL: 9.50e-01
i:  43600, t:   367978.3 s (8.24 periods), wall: 2.129 hours, Δt:   6.89, CFL: 9.50e-01
i:  43700, t:   368655.8 s (8.26 periods), wall: 2.133 hours, Δt:   6.94, CFL: 9.50e-01
i:  43800, t:   369341.0 s (8.27 periods), wall: 2.138 hours, Δt:   7.04, CFL: 9.50e-01
i:  43900, t:   370043.3 s (8.29 periods), wall: 2.143 hours, Δt:   7.22, CFL: 9.50e-01
i:  44000, t:   370757.5 s (8.31 periods), wall: 2.148 hours, Δt:   7.46, CFL: 9.50e-01
i:  44100, t:   371504.1 s (8.32 periods), wall: 2.152 hours, Δt:   7.70, CFL: 9.50e-01
i:  44200, t:   372269.5 s (8.34 periods), wall: 2.157 hours, Δt:   7.77, CFL: 9.50e-01
i:  44300, t:   372966.1 s (8.35 periods), wall: 2.162 hours, Δt:   6.04, CFL: 9.50e-01
i:  44400, t:   373497.3 s (8.37 periods), wall: 2.166 hours, Δt:   4.80, CFL: 9.50e-01
i:  44500, t:   373985.1 s (8.38 periods), wall: 2.171 hours, Δt:   5.39, CFL: 9.50e-01
i:  44600, t:   374535.1 s (8.39 periods), wall: 2.176 hours, Δt:   5.47, CFL: 9.50e-01
i:  44700, t:   375049.8 s (8.40 periods), wall: 2.180 hours, Δt:   5.34, CFL: 9.50e-01
i:  44800, t:   375635.9 s (8.41 periods), wall: 2.185 hours, Δt:   6.81, CFL: 9.50e-01
i:  44900, t:   376330.7 s (8.43 periods), wall: 2.190 hours, Δt:   7.89, CFL: 9.50e-01
i:  45000, t:   377145.2 s (8.45 periods), wall: 2.194 hours, Δt:   9.06, CFL: 9.50e-01
i:  45100, t:   378281.8 s (8.47 periods), wall: 2.199 hours, Δt:  13.67, CFL: 9.50e-01
i:  45200, t:   379733.6 s (8.51 periods), wall: 2.204 hours, Δt:  14.32, CFL: 9.50e-01
i:  45300, t:   381121.2 s (8.54 periods), wall: 2.209 hours, Δt:  12.86, CFL: 9.50e-01
i:  45400, t:   382315.8 s (8.56 periods), wall: 2.213 hours, Δt:  11.37, CFL: 9.50e-01
i:  45500, t:   383383.6 s (8.59 periods), wall: 2.218 hours, Δt:  10.64, CFL: 9.50e-01
i:  45600, t:   384369.8 s (8.61 periods), wall: 2.223 hours, Δt:   9.53, CFL: 9.50e-01
i:  45700, t:   385251.8 s (8.63 periods), wall: 2.227 hours, Δt:   8.50, CFL: 9.50e-01
i:  45800, t:   386065.9 s (8.65 periods), wall: 2.232 hours, Δt:   7.99, CFL: 9.50e-01
i:  45900, t:   386836.4 s (8.67 periods), wall: 2.237 hours, Δt:   7.66, CFL: 9.50e-01
i:  46000, t:   387580.1 s (8.68 periods), wall: 2.241 hours, Δt:   7.47, CFL: 9.50e-01
i:  46100, t:   388305.3 s (8.70 periods), wall: 2.246 hours, Δt:   7.23, CFL: 9.50e-01
i:  46200, t:   389012.6 s (8.71 periods), wall: 2.251 hours, Δt:   7.04, CFL: 9.50e-01
i:  46300, t:   389707.2 s (8.73 periods), wall: 2.255 hours, Δt:   7.04, CFL: 9.50e-01
i:  46400, t:   390405.1 s (8.75 periods), wall: 2.260 hours, Δt:   7.07, CFL: 9.50e-01
i:  46500, t:   391103.0 s (8.76 periods), wall: 2.265 hours, Δt:   7.06, CFL: 9.50e-01
i:  46600, t:   391802.4 s (8.78 periods), wall: 2.269 hours, Δt:   7.23, CFL: 9.50e-01
i:  46700, t:   392525.4 s (8.79 periods), wall: 2.274 hours, Δt:   7.38, CFL: 9.50e-01
i:  46800, t:   393244.1 s (8.81 periods), wall: 2.279 hours, Δt:   7.15, CFL: 9.50e-01
i:  46900, t:   393922.1 s (8.82 periods), wall: 2.284 hours, Δt:   6.40, CFL: 9.50e-01
i:  47000, t:   394505.3 s (8.84 periods), wall: 2.288 hours, Δt:   5.80, CFL: 9.50e-01
i:  47100, t:   395064.0 s (8.85 periods), wall: 2.293 hours, Δt:   5.79, CFL: 9.50e-01
i:  47200, t:   395636.3 s (8.86 periods), wall: 2.298 hours, Δt:   6.20, CFL: 9.50e-01
i:  47300, t:   396220.6 s (8.88 periods), wall: 2.302 hours, Δt:   5.94, CFL: 9.50e-01
i:  47400, t:   396779.3 s (8.89 periods), wall: 2.307 hours, Δt:   5.94, CFL: 9.50e-01
i:  47500, t:   397323.3 s (8.90 periods), wall: 2.312 hours, Δt:   5.57, CFL: 9.50e-01
i:  47600, t:   397927.9 s (8.91 periods), wall: 2.316 hours, Δt:   6.62, CFL: 9.50e-01
i:  47700, t:   398651.9 s (8.93 periods), wall: 2.321 hours, Δt:   8.12, CFL: 9.50e-01
i:  47800, t:   399528.0 s (8.95 periods), wall: 2.326 hours, Δt:  10.39, CFL: 9.50e-01
i:  47900, t:   400820.7 s (8.98 periods), wall: 2.330 hours, Δt:  16.30, CFL: 9.50e-01
i:  48000, t:   402304.7 s (9.01 periods), wall: 2.335 hours, Δt:  14.24, CFL: 9.50e-01
i:  48100, t:   403634.1 s (9.04 periods), wall: 2.340 hours, Δt:  12.48, CFL: 9.50e-01
i:  48200, t:   404770.8 s (9.07 periods), wall: 2.345 hours, Δt:  10.76, CFL: 9.50e-01
i:  48300, t:   405765.0 s (9.09 periods), wall: 2.349 hours, Δt:   9.41, CFL: 9.50e-01
i:  48400, t:   406646.7 s (9.11 periods), wall: 2.354 hours, Δt:   8.55, CFL: 9.50e-01
i:  48500, t:   407462.8 s (9.13 periods), wall: 2.359 hours, Δt:   8.11, CFL: 9.50e-01
i:  48600, t:   408240.7 s (9.15 periods), wall: 2.363 hours, Δt:   7.81, CFL: 9.50e-01
i:  48700, t:   409001.3 s (9.16 periods), wall: 2.368 hours, Δt:   7.57, CFL: 9.50e-01
i:  48800, t:   409730.2 s (9.18 periods), wall: 2.373 hours, Δt:   7.16, CFL: 9.50e-01
i:  48900, t:   410423.5 s (9.19 periods), wall: 2.377 hours, Δt:   6.96, CFL: 9.50e-01
i:  49000, t:   411120.9 s (9.21 periods), wall: 2.382 hours, Δt:   6.96, CFL: 9.50e-01
i:  49100, t:   411794.3 s (9.22 periods), wall: 2.387 hours, Δt:   6.64, CFL: 9.50e-01
i:  49200, t:   412439.1 s (9.24 periods), wall: 2.391 hours, Δt:   6.52, CFL: 9.50e-01
i:  49300, t:   413074.6 s (9.25 periods), wall: 2.396 hours, Δt:   6.38, CFL: 9.50e-01
i:  49400, t:   413696.4 s (9.27 periods), wall: 2.401 hours, Δt:   6.22, CFL: 9.50e-01
i:  49500, t:   414315.4 s (9.28 periods), wall: 2.405 hours, Δt:   6.18, CFL: 9.50e-01
i:  49600, t:   414920.4 s (9.29 periods), wall: 2.410 hours, Δt:   6.25, CFL: 9.50e-01
i:  49700, t:   415522.1 s (9.31 periods), wall: 2.415 hours, Δt:   5.94, CFL: 9.50e-01
i:  49800, t:   416065.1 s (9.32 periods), wall: 2.420 hours, Δt:   5.10, CFL: 9.50e-01
i:  49900, t:   416547.0 s (9.33 periods), wall: 2.424 hours, Δt:   4.55, CFL: 9.50e-01
i:  50000, t:   417021.9 s (9.34 periods), wall: 2.429 hours, Δt:   5.04, CFL: 9.50e-01
i:  50100, t:   417506.1 s (9.35 periods), wall: 2.433 hours, Δt:   4.69, CFL: 9.50e-01
i:  50200, t:   417965.7 s (9.36 periods), wall: 2.438 hours, Δt:   4.80, CFL: 9.50e-01
i:  50300, t:   418480.1 s (9.37 periods), wall: 2.443 hours, Δt:   5.60, CFL: 9.50e-01
i:  50400, t:   419049.3 s (9.39 periods), wall: 2.447 hours, Δt:   6.42, CFL: 9.50e-01
i:  50500, t:   419679.5 s (9.40 periods), wall: 2.452 hours, Δt:   6.45, CFL: 9.50e-01
i:  50600, t:   420381.3 s (9.42 periods), wall: 2.457 hours, Δt:   7.42, CFL: 9.50e-01
i:  50700, t:   421178.4 s (9.44 periods), wall: 2.461 hours, Δt:   9.31, CFL: 9.50e-01
i:  50800, t:   422205.0 s (9.46 periods), wall: 2.466 hours, Δt:  10.32, CFL: 9.50e-01
i:  50900, t:   423526.3 s (9.49 periods), wall: 2.471 hours, Δt:  16.94, CFL: 9.50e-01
i:  51000, t:   424986.5 s (9.52 periods), wall: 2.476 hours, Δt:  13.39, CFL: 9.50e-01
i:  51100, t:   426141.1 s (9.55 periods), wall: 2.480 hours, Δt:  10.31, CFL: 9.50e-01
i:  51200, t:   427180.3 s (9.57 periods), wall: 2.485 hours, Δt:  10.20, CFL: 9.50e-01
i:  51300, t:   428125.4 s (9.59 periods), wall: 2.490 hours, Δt:   9.21, CFL: 9.50e-01
i:  51400, t:   428999.0 s (9.61 periods), wall: 2.495 hours, Δt:   8.53, CFL: 9.50e-01
i:  51500, t:   429826.8 s (9.63 periods), wall: 2.499 hours, Δt:   8.25, CFL: 9.50e-01
i:  51600, t:   430614.7 s (9.65 periods), wall: 2.504 hours, Δt:   7.68, CFL: 9.50e-01
i:  51700, t:   431347.7 s (9.66 periods), wall: 2.509 hours, Δt:   7.33, CFL: 9.50e-01
i:  51800, t:   432064.0 s (9.68 periods), wall: 2.513 hours, Δt:   7.14, CFL: 9.50e-01
i:  51900, t:   432758.8 s (9.69 periods), wall: 2.518 hours, Δt:   7.01, CFL: 9.50e-01
i:  52000, t:   433453.8 s (9.71 periods), wall: 2.523 hours, Δt:   6.93, CFL: 9.50e-01
i:  52100, t:   434124.0 s (9.72 periods), wall: 2.527 hours, Δt:   6.85, CFL: 9.50e-01
i:  52200, t:   434800.5 s (9.74 periods), wall: 2.532 hours, Δt:   6.85, CFL: 9.50e-01
i:  52300, t:   435477.0 s (9.76 periods), wall: 2.537 hours, Δt:   6.89, CFL: 9.50e-01
i:  52400, t:   436153.6 s (9.77 periods), wall: 2.541 hours, Δt:   6.91, CFL: 9.50e-01
i:  52500, t:   436844.9 s (9.79 periods), wall: 2.546 hours, Δt:   7.11, CFL: 9.50e-01
i:  52600, t:   437551.8 s (9.80 periods), wall: 2.551 hours, Δt:   7.28, CFL: 9.50e-01
i:  52700, t:   438276.9 s (9.82 periods), wall: 2.555 hours, Δt:   7.56, CFL: 9.50e-01
i:  52800, t:   439030.2 s (9.83 periods), wall: 2.560 hours, Δt:   7.39, CFL: 9.50e-01
i:  52900, t:   439732.3 s (9.85 periods), wall: 2.565 hours, Δt:   7.01, CFL: 9.50e-01
i:  53000, t:   440379.8 s (9.87 periods), wall: 2.569 hours, Δt:   6.19, CFL: 9.50e-01
i:  53100, t:   440995.8 s (9.88 periods), wall: 2.574 hours, Δt:   6.09, CFL: 9.50e-01
i:  53200, t:   441577.4 s (9.89 periods), wall: 2.579 hours, Δt:   5.90, CFL: 9.50e-01
i:  53300, t:   442151.4 s (9.90 periods), wall: 2.583 hours, Δt:   6.04, CFL: 9.50e-01
i:  53400, t:   442749.2 s (9.92 periods), wall: 2.588 hours, Δt:   6.34, CFL: 9.50e-01
i:  53500, t:   443417.6 s (9.93 periods), wall: 2.593 hours, Δt:   7.19, CFL: 9.50e-01
i:  53600, t:   444202.8 s (9.95 periods), wall: 2.597 hours, Δt:   9.00, CFL: 9.50e-01
i:  53700, t:   445138.2 s (9.97 periods), wall: 2.602 hours, Δt:  10.10, CFL: 9.50e-01
i:  53800, t:   446430.3 s (10.00 periods), wall: 2.607 hours, Δt:  13.90, CFL: 9.50e-01
i:  53900, t:   447767.5 s (10.03 periods), wall: 2.612 hours, Δt:  14.09, CFL: 9.50e-01
i:  54000, t:   449031.1 s (10.06 periods), wall: 2.616 hours, Δt:  11.10, CFL: 9.50e-01
i:  54100, t:   450030.0 s (10.08 periods), wall: 2.621 hours, Δt:   9.79, CFL: 9.50e-01
i:  54200, t:   450988.8 s (10.10 periods), wall: 2.626 hours, Δt:   9.52, CFL: 9.50e-01
i:  54300, t:   451888.5 s (10.12 periods), wall: 2.631 hours, Δt:   8.66, CFL: 9.50e-01
i:  54400, t:   452706.7 s (10.14 periods), wall: 2.635 hours, Δt:   8.14, CFL: 9.50e-01
i:  54500, t:   453489.4 s (10.16 periods), wall: 2.640 hours, Δt:   7.63, CFL: 9.50e-01
i:  54600, t:   454219.3 s (10.18 periods), wall: 2.645 hours, Δt:   7.30, CFL: 9.50e-01
i:  54700, t:   454924.0 s (10.19 periods), wall: 2.649 hours, Δt:   7.04, CFL: 9.50e-01
i:  54800, t:   455604.8 s (10.21 periods), wall: 2.654 hours, Δt:   6.64, CFL: 9.50e-01
i:  54900, t:   456246.4 s (10.22 periods), wall: 2.659 hours, Δt:   6.36, CFL: 9.50e-01
i:  55000, t:   456862.5 s (10.23 periods), wall: 2.663 hours, Δt:   5.98, CFL: 9.50e-01
i:  55100, t:   457423.6 s (10.25 periods), wall: 2.668 hours, Δt:   5.34, CFL: 9.50e-01
i:  55200, t:   457936.5 s (10.26 periods), wall: 2.673 hours, Δt:   5.19, CFL: 9.50e-01
i:  55300, t:   458436.5 s (10.27 periods), wall: 2.677 hours, Δt:   4.95, CFL: 9.50e-01
i:  55400, t:   458913.9 s (10.28 periods), wall: 2.682 hours, Δt:   4.92, CFL: 9.50e-01
i:  55500, t:   459423.9 s (10.29 periods), wall: 2.687 hours, Δt:   5.28, CFL: 9.50e-01
i:  55600, t:   459924.2 s (10.30 periods), wall: 2.691 hours, Δt:   4.80, CFL: 9.50e-01
i:  55700, t:   460411.8 s (10.31 periods), wall: 2.696 hours, Δt:   5.18, CFL: 9.50e-01
i:  55800, t:   460952.3 s (10.33 periods), wall: 2.701 hours, Δt:   5.43, CFL: 9.50e-01
i:  55900, t:   461479.5 s (10.34 periods), wall: 2.705 hours, Δt:   5.21, CFL: 9.50e-01
i:  56000, t:   462036.3 s (10.35 periods), wall: 2.710 hours, Δt:   6.02, CFL: 9.50e-01
i:  56100, t:   462634.4 s (10.36 periods), wall: 2.715 hours, Δt:   6.51, CFL: 9.50e-01
i:  56200, t:   463283.1 s (10.38 periods), wall: 2.719 hours, Δt:   6.60, CFL: 9.50e-01
i:  56300, t:   463949.5 s (10.39 periods), wall: 2.724 hours, Δt:   7.37, CFL: 9.50e-01
i:  56400, t:   464690.5 s (10.41 periods), wall: 2.729 hours, Δt:   7.79, CFL: 9.50e-01
i:  56500, t:   465449.8 s (10.43 periods), wall: 2.733 hours, Δt:   7.65, CFL: 9.50e-01
i:  56600, t:   466304.1 s (10.45 periods), wall: 2.738 hours, Δt:  10.18, CFL: 9.50e-01
i:  56700, t:   467409.8 s (10.47 periods), wall: 2.743 hours, Δt:  14.51, CFL: 9.50e-01
i:  56800, t:   468760.3 s (10.50 periods), wall: 2.748 hours, Δt:  13.40, CFL: 9.50e-01
i:  56900, t:   470055.3 s (10.53 periods), wall: 2.752 hours, Δt:  12.05, CFL: 9.50e-01
i:  57000, t:   471144.2 s (10.55 periods), wall: 2.757 hours, Δt:  10.48, CFL: 9.50e-01
i:  57100, t:   472126.7 s (10.58 periods), wall: 2.762 hours, Δt:   9.76, CFL: 9.50e-01
i:  57200, t:   473050.2 s (10.60 periods), wall: 2.767 hours, Δt:   8.80, CFL: 9.50e-01
i:  57300, t:   473869.9 s (10.62 periods), wall: 2.771 hours, Δt:   8.09, CFL: 9.50e-01
i:  57400, t:   474664.2 s (10.63 periods), wall: 2.776 hours, Δt:   7.73, CFL: 9.50e-01
i:  57500, t:   475407.1 s (10.65 periods), wall: 2.781 hours, Δt:   7.33, CFL: 9.50e-01
i:  57600, t:   476113.9 s (10.67 periods), wall: 2.785 hours, Δt:   7.05, CFL: 9.50e-01
i:  57700, t:   476803.7 s (10.68 periods), wall: 2.790 hours, Δt:   6.91, CFL: 9.50e-01
i:  57800, t:   477479.2 s (10.70 periods), wall: 2.795 hours, Δt:   6.79, CFL: 9.50e-01
i:  57900, t:   478141.2 s (10.71 periods), wall: 2.799 hours, Δt:   6.68, CFL: 9.50e-01
i:  58000, t:   478797.3 s (10.73 periods), wall: 2.804 hours, Δt:   6.66, CFL: 9.50e-01
i:  58100, t:   479453.6 s (10.74 periods), wall: 2.809 hours, Δt:   6.63, CFL: 9.50e-01
i:  58200, t:   480109.9 s (10.76 periods), wall: 2.813 hours, Δt:   6.67, CFL: 9.50e-01
i:  58300, t:   480771.3 s (10.77 periods), wall: 2.818 hours, Δt:   6.74, CFL: 9.50e-01
i:  58400, t:   481437.5 s (10.78 periods), wall: 2.823 hours, Δt:   6.83, CFL: 9.50e-01
i:  58500, t:   482119.0 s (10.80 periods), wall: 2.827 hours, Δt:   7.04, CFL: 9.50e-01
i:  58600, t:   482825.3 s (10.82 periods), wall: 2.832 hours, Δt:   7.27, CFL: 9.50e-01
i:  58700, t:   483557.6 s (10.83 periods), wall: 2.837 hours, Δt:   7.66, CFL: 9.50e-01
i:  58800, t:   484327.1 s (10.85 periods), wall: 2.841 hours, Δt:   7.90, CFL: 9.50e-01
i:  58900, t:   485107.1 s (10.87 periods), wall: 2.846 hours, Δt:   7.46, CFL: 9.50e-01
i:  59000, t:   485835.9 s (10.88 periods), wall: 2.851 hours, Δt:   7.56, CFL: 9.50e-01
i:  59100, t:   486551.5 s (10.90 periods), wall: 2.855 hours, Δt:   7.31, CFL: 9.50e-01
i:  59200, t:   487231.1 s (10.91 periods), wall: 2.860 hours, Δt:   6.10, CFL: 9.50e-01
i:  59300, t:   487827.4 s (10.93 periods), wall: 2.865 hours, Δt:   5.71, CFL: 9.50e-01
i:  59400, t:   488441.2 s (10.94 periods), wall: 2.869 hours, Δt:   6.46, CFL: 9.50e-01
i:  59500, t:   489096.8 s (10.96 periods), wall: 2.874 hours, Δt:   6.89, CFL: 9.50e-01
i:  59600, t:   489942.0 s (10.98 periods), wall: 2.879 hours, Δt:   9.28, CFL: 9.50e-01
i:  59700, t:   491112.0 s (11.00 periods), wall: 2.884 hours, Δt:  14.47, CFL: 9.50e-01
i:  59800, t:   492557.3 s (11.03 periods), wall: 2.888 hours, Δt:  13.52, CFL: 9.50e-01
i:  59900, t:   493775.8 s (11.06 periods), wall: 2.893 hours, Δt:  11.29, CFL: 9.50e-01
i:  60000, t:   494856.2 s (11.09 periods), wall: 2.898 hours, Δt:  10.81, CFL: 9.50e-01
i:  60100, t:   495839.3 s (11.11 periods), wall: 2.903 hours, Δt:   9.23, CFL: 9.50e-01
i:  60200, t:   496726.7 s (11.13 periods), wall: 2.907 hours, Δt:   8.86, CFL: 9.50e-01
i:  60300, t:   497572.6 s (11.15 periods), wall: 2.912 hours, Δt:   8.51, CFL: 9.50e-01
i:  60400, t:   498398.5 s (11.16 periods), wall: 2.917 hours, Δt:   8.24, CFL: 9.50e-01
i:  60500, t:   499195.5 s (11.18 periods), wall: 2.921 hours, Δt:   7.98, CFL: 9.50e-01
i:  60600, t:   499968.0 s (11.20 periods), wall: 2.926 hours, Δt:   7.73, CFL: 9.50e-01
i:  60700, t:   500720.5 s (11.22 periods), wall: 2.931 hours, Δt:   7.53, CFL: 9.50e-01
i:  60800, t:   501463.0 s (11.23 periods), wall: 2.935 hours, Δt:   7.40, CFL: 9.50e-01
i:  60900, t:   502182.7 s (11.25 periods), wall: 2.940 hours, Δt:   7.38, CFL: 9.50e-01
i:  61000, t:   502907.0 s (11.27 periods), wall: 2.945 hours, Δt:   7.45, CFL: 9.50e-01
i:  61100, t:   503653.5 s (11.28 periods), wall: 2.949 hours, Δt:   7.65, CFL: 9.50e-01
i:  61200, t:   504413.6 s (11.30 periods), wall: 2.954 hours, Δt:   7.93, CFL: 9.50e-01
i:  61300, t:   505200.6 s (11.32 periods), wall: 2.959 hours, Δt:   8.29, CFL: 9.50e-01
i:  61400, t:   506038.5 s (11.34 periods), wall: 2.963 hours, Δt:   8.89, CFL: 9.50e-01
i:  61500, t:   506934.5 s (11.36 periods), wall: 2.968 hours, Δt:   9.58, CFL: 9.50e-01
i:  61600, t:   507877.0 s (11.38 periods), wall: 2.973 hours, Δt:   9.41, CFL: 9.50e-01
i:  61700, t:   508654.4 s (11.39 periods), wall: 2.978 hours, Δt:   7.36, CFL: 9.50e-01
i:  61800, t:   509335.4 s (11.41 periods), wall: 2.982 hours, Δt:   7.28, CFL: 9.50e-01
i:  61900, t:   509996.8 s (11.42 periods), wall: 2.987 hours, Δt:   6.86, CFL: 9.50e-01
i:  62000, t:   510770.4 s (11.44 periods), wall: 2.992 hours, Δt:   9.00, CFL: 9.50e-01
i:  62100, t:   511718.7 s (11.46 periods), wall: 2.996 hours, Δt:  10.21, CFL: 9.50e-01
i:  62200, t:   512862.9 s (11.49 periods), wall: 3.001 hours, Δt:  12.97, CFL: 9.50e-01
i:  62300, t:   514137.3 s (11.52 periods), wall: 3.006 hours, Δt:  13.30, CFL: 9.50e-01
i:  62400, t:   515358.6 s (11.54 periods), wall: 3.011 hours, Δt:  11.65, CFL: 9.50e-01
i:  62500, t:   516419.0 s (11.57 periods), wall: 3.015 hours, Δt:  10.40, CFL: 9.50e-01
i:  62600, t:   517407.0 s (11.59 periods), wall: 3.020 hours, Δt:   9.70, CFL: 9.50e-01
i:  62700, t:   518315.7 s (11.61 periods), wall: 3.025 hours, Δt:   8.99, CFL: 9.50e-01
i:  62800, t:   519163.2 s (11.63 periods), wall: 3.030 hours, Δt:   8.26, CFL: 9.50e-01
i:  62900, t:   519950.4 s (11.65 periods), wall: 3.034 hours, Δt:   7.80, CFL: 9.50e-01
i:  63000, t:   520704.7 s (11.66 periods), wall: 3.039 hours, Δt:   7.43, CFL: 9.50e-01
i:  63100, t:   521423.9 s (11.68 periods), wall: 3.044 hours, Δt:   7.13, CFL: 9.50e-01
i:  63200, t:   522105.8 s (11.70 periods), wall: 3.048 hours, Δt:   6.81, CFL: 9.50e-01
i:  63300, t:   522768.1 s (11.71 periods), wall: 3.053 hours, Δt:   6.72, CFL: 9.50e-01
i:  63400, t:   523430.0 s (11.73 periods), wall: 3.058 hours, Δt:   6.41, CFL: 9.50e-01
i:  63500, t:   524050.0 s (11.74 periods), wall: 3.062 hours, Δt:   5.95, CFL: 9.50e-01
i:  63600, t:   524584.3 s (11.75 periods), wall: 3.067 hours, Δt:   4.91, CFL: 9.50e-01
i:  63700, t:   525072.0 s (11.76 periods), wall: 3.072 hours, Δt:   4.64, CFL: 9.50e-01
i:  63800, t:   525521.2 s (11.77 periods), wall: 3.076 hours, Δt:   4.52, CFL: 9.50e-01
i:  63900, t:   525998.7 s (11.78 periods), wall: 3.081 hours, Δt:   5.20, CFL: 9.50e-01
i:  64000, t:   526498.9 s (11.79 periods), wall: 3.085 hours, Δt:   4.90, CFL: 9.50e-01
i:  64100, t:   526937.4 s (11.80 periods), wall: 3.090 hours, Δt:   4.12, CFL: 9.50e-01
i:  64200, t:   527377.3 s (11.81 periods), wall: 3.095 hours, Δt:   4.84, CFL: 9.50e-01
i:  64300, t:   527858.4 s (11.82 periods), wall: 3.099 hours, Δt:   4.88, CFL: 9.50e-01
i:  64400, t:   528366.5 s (11.84 periods), wall: 3.104 hours, Δt:   5.21, CFL: 9.50e-01
i:  64500, t:   528896.2 s (11.85 periods), wall: 3.109 hours, Δt:   5.33, CFL: 9.50e-01
i:  64600, t:   529453.9 s (11.86 periods), wall: 3.113 hours, Δt:   5.85, CFL: 9.50e-01
i:  64700, t:   530025.9 s (11.87 periods), wall: 3.118 hours, Δt:   5.39, CFL: 9.50e-01
i:  64800, t:   530634.6 s (11.89 periods), wall: 3.123 hours, Δt:   6.75, CFL: 9.50e-01
i:  64900, t:   531343.7 s (11.90 periods), wall: 3.128 hours, Δt:   7.38, CFL: 9.50e-01
i:  65000, t:   532080.9 s (11.92 periods), wall: 3.132 hours, Δt:   8.53, CFL: 9.50e-01
i:  65100, t:   532903.0 s (11.94 periods), wall: 3.137 hours, Δt:   9.14, CFL: 9.50e-01
i:  65200, t:   533859.4 s (11.96 periods), wall: 3.142 hours, Δt:   9.91, CFL: 9.50e-01
i:  65300, t:   535007.3 s (11.98 periods), wall: 3.146 hours, Δt:  14.19, CFL: 9.50e-01
i:  65400, t:   536307.8 s (12.01 periods), wall: 3.151 hours, Δt:  12.86, CFL: 9.50e-01
i:  65500, t:   537502.6 s (12.04 periods), wall: 3.156 hours, Δt:  11.97, CFL: 9.50e-01
i:  65600, t:   538546.5 s (12.06 periods), wall: 3.161 hours, Δt:   9.83, CFL: 9.50e-01
i:  65700, t:   539483.9 s (12.09 periods), wall: 3.165 hours, Δt:   9.41, CFL: 9.50e-01
i:  65800, t:   540376.0 s (12.11 periods), wall: 3.170 hours, Δt:   8.74, CFL: 9.50e-01
i:  65900, t:   541224.5 s (12.12 periods), wall: 3.175 hours, Δt:   8.45, CFL: 9.50e-01
i:  66000, t:   542015.2 s (12.14 periods), wall: 3.179 hours, Δt:   7.70, CFL: 9.50e-01
i:  66100, t:   542751.6 s (12.16 periods), wall: 3.184 hours, Δt:   7.18, CFL: 9.50e-01
i:  66200, t:   543449.5 s (12.17 periods), wall: 3.189 hours, Δt:   6.91, CFL: 9.50e-01
i:  66300, t:   544123.5 s (12.19 periods), wall: 3.193 hours, Δt:   6.86, CFL: 9.50e-01
i:  66400, t:   544800.2 s (12.20 periods), wall: 3.198 hours, Δt:   6.86, CFL: 9.50e-01
i:  66500, t:   545476.7 s (12.22 periods), wall: 3.203 hours, Δt:   6.86, CFL: 9.50e-01
i:  66600, t:   546151.7 s (12.23 periods), wall: 3.207 hours, Δt:   6.82, CFL: 9.50e-01
i:  66700, t:   546828.1 s (12.25 periods), wall: 3.212 hours, Δt:   6.82, CFL: 9.50e-01
i:  66800, t:   547506.3 s (12.26 periods), wall: 3.217 hours, Δt:   6.88, CFL: 9.50e-01
i:  66900, t:   548186.2 s (12.28 periods), wall: 3.221 hours, Δt:   7.02, CFL: 9.50e-01
i:  67000, t:   548884.5 s (12.30 periods), wall: 3.226 hours, Δt:   7.20, CFL: 9.50e-01
i:  67100, t:   549600.1 s (12.31 periods), wall: 3.231 hours, Δt:   7.46, CFL: 9.50e-01
i:  67200, t:   550350.2 s (12.33 periods), wall: 3.236 hours, Δt:   7.75, CFL: 9.50e-01
i:  67300, t:   551129.3 s (12.35 periods), wall: 3.240 hours, Δt:   8.21, CFL: 9.50e-01
i:  67400, t:   551924.1 s (12.36 periods), wall: 3.245 hours, Δt:   7.84, CFL: 9.50e-01
i:  67500, t:   552657.0 s (12.38 periods), wall: 3.250 hours, Δt:   6.94, CFL: 9.50e-01
i:  67600, t:   553349.7 s (12.40 periods), wall: 3.254 hours, Δt:   6.18, CFL: 9.50e-01
i:  67700, t:   553988.8 s (12.41 periods), wall: 3.259 hours, Δt:   6.23, CFL: 9.50e-01
i:  67800, t:   554635.8 s (12.42 periods), wall: 3.264 hours, Δt:   7.19, CFL: 9.50e-01
i:  67900, t:   555262.5 s (12.44 periods), wall: 3.268 hours, Δt:   5.97, CFL: 9.50e-01
i:  68000, t:   555972.1 s (12.45 periods), wall: 3.273 hours, Δt:   8.92, CFL: 9.50e-01
i:  68100, t:   556954.8 s (12.48 periods), wall: 3.278 hours, Δt:  12.12, CFL: 9.50e-01
i:  68200, t:   558186.8 s (12.50 periods), wall: 3.282 hours, Δt:  13.55, CFL: 9.50e-01
i:  68300, t:   559480.3 s (12.53 periods), wall: 3.287 hours, Δt:  12.77, CFL: 9.50e-01
i:  68400, t:   560641.5 s (12.56 periods), wall: 3.292 hours, Δt:  11.48, CFL: 9.50e-01
i:  68500, t:   561695.2 s (12.58 periods), wall: 3.297 hours, Δt:  10.28, CFL: 9.50e-01
i:  68600, t:   562675.5 s (12.60 periods), wall: 3.301 hours, Δt:   9.45, CFL: 9.50e-01
i:  68700, t:   563570.7 s (12.62 periods), wall: 3.306 hours, Δt:   8.77, CFL: 9.50e-01
i:  68800, t:   564398.2 s (12.64 periods), wall: 3.311 hours, Δt:   8.18, CFL: 9.50e-01
i:  68900, t:   565181.7 s (12.66 periods), wall: 3.316 hours, Δt:   7.80, CFL: 9.50e-01
i:  69000, t:   565940.0 s (12.68 periods), wall: 3.320 hours, Δt:   7.49, CFL: 9.50e-01
i:  69100, t:   566664.8 s (12.69 periods), wall: 3.325 hours, Δt:   7.27, CFL: 9.50e-01
i:  69200, t:   567373.5 s (12.71 periods), wall: 3.330 hours, Δt:   7.12, CFL: 9.50e-01
i:  69300, t:   568065.2 s (12.73 periods), wall: 3.334 hours, Δt:   7.08, CFL: 9.50e-01
i:  69400, t:   568763.3 s (12.74 periods), wall: 3.339 hours, Δt:   7.11, CFL: 9.50e-01
i:  69500, t:   569462.4 s (12.76 periods), wall: 3.344 hours, Δt:   7.21, CFL: 9.50e-01
i:  69600, t:   570183.4 s (12.77 periods), wall: 3.348 hours, Δt:   7.26, CFL: 9.50e-01
i:  69700, t:   570906.1 s (12.79 periods), wall: 3.353 hours, Δt:   7.36, CFL: 9.50e-01
i:  69800, t:   571638.0 s (12.81 periods), wall: 3.358 hours, Δt:   7.54, CFL: 9.50e-01
i:  69900, t:   572402.8 s (12.82 periods), wall: 3.362 hours, Δt:   7.88, CFL: 9.50e-01
i:  70000, t:   573186.0 s (12.84 periods), wall: 3.367 hours, Δt:   8.33, CFL: 9.50e-01
i:  70100, t:   574034.8 s (12.86 periods), wall: 3.372 hours, Δt:   9.02, CFL: 9.50e-01
i:  70200, t:   574973.2 s (12.88 periods), wall: 3.377 hours, Δt:  10.04, CFL: 9.50e-01
i:  70300, t:   575944.4 s (12.90 periods), wall: 3.381 hours, Δt:   8.68, CFL: 9.50e-01
i:  70400, t:   576772.4 s (12.92 periods), wall: 3.386 hours, Δt:   7.66, CFL: 9.50e-01
i:  70500, t:   577463.3 s (12.94 periods), wall: 3.391 hours, Δt:   7.58, CFL: 9.50e-01
i:  70600, t:   578173.9 s (12.95 periods), wall: 3.395 hours, Δt:   7.57, CFL: 9.50e-01
i:  70700, t:   578935.4 s (12.97 periods), wall: 3.400 hours, Δt:   9.43, CFL: 9.50e-01
i:  70800, t:   579820.7 s (12.99 periods), wall: 3.405 hours, Δt:  11.47, CFL: 9.50e-01
i:  70900, t:   580965.7 s (13.01 periods), wall: 3.409 hours, Δt:  11.90, CFL: 9.50e-01
i:  71000, t:   582165.0 s (13.04 periods), wall: 3.414 hours, Δt:  11.59, CFL: 9.50e-01
i:  71100, t:   583253.7 s (13.07 periods), wall: 3.419 hours, Δt:  10.66, CFL: 9.50e-01
i:  71200, t:   584269.2 s (13.09 periods), wall: 3.424 hours, Δt:   9.45, CFL: 9.50e-01
i:  71300, t:   585143.6 s (13.11 periods), wall: 3.428 hours, Δt:   8.39, CFL: 9.50e-01
i:  71400, t:   585965.3 s (13.13 periods), wall: 3.433 hours, Δt:   8.09, CFL: 9.50e-01
i:  71500, t:   586737.1 s (13.14 periods), wall: 3.438 hours, Δt:   7.47, CFL: 9.50e-01
i:  71600, t:   587456.0 s (13.16 periods), wall: 3.442 hours, Δt:   7.16, CFL: 9.50e-01
i:  71700, t:   588145.7 s (13.18 periods), wall: 3.447 hours, Δt:   6.77, CFL: 9.50e-01
i:  71800, t:   588797.3 s (13.19 periods), wall: 3.452 hours, Δt:   6.29, CFL: 9.50e-01
i:  71900, t:   589408.4 s (13.20 periods), wall: 3.456 hours, Δt:   6.11, CFL: 9.50e-01
i:  72000, t:   589970.5 s (13.22 periods), wall: 3.461 hours, Δt:   5.25, CFL: 9.50e-01
i:  72100, t:   590502.3 s (13.23 periods), wall: 3.466 hours, Δt:   5.22, CFL: 9.50e-01
i:  72200, t:   591009.2 s (13.24 periods), wall: 3.470 hours, Δt:   5.13, CFL: 9.50e-01
i:  72300, t:   591510.7 s (13.25 periods), wall: 3.475 hours, Δt:   5.07, CFL: 9.50e-01
i:  72400, t:   592004.4 s (13.26 periods), wall: 3.480 hours, Δt:   5.20, CFL: 9.50e-01
i:  72500, t:   592529.9 s (13.27 periods), wall: 3.484 hours, Δt:   5.47, CFL: 9.50e-01
i:  72600, t:   593042.4 s (13.29 periods), wall: 3.489 hours, Δt:   5.17, CFL: 9.50e-01
[ Info: Oceananigans will use 8 threads
[ Info: Case Ri500: Ri = 500, N² = 9.906e-06 s⁻², δ = 0.397 m, Re_δ = 1790, 15 periods
[ Info: Bottom Δz = 0.0869 m (4.6 points across δ); Δx = 0.417 m, Δy = 0.208 m
[ Info: Initializing velocities from Ri=0 spin-up: output_Ri0/TidalBL3D_Ri0_fields.jld2
[ Info: Using snapshot 25/25 (t = 12.00 periods of the spin-up)
[ Info: x-y slice at k = 6 (z = 0.478 m ≈ δ)
[ Info: Initializing simulation...
[ Info:     ... simulation initialization complete (20.005 seconds)
[ Info: Executing initial time step...
[ Info:     ... initial time step complete (4.805 seconds).
[ Info: Simulation is stopping after running for 3.882 hours.
[ Info: Simulation time 7.750 days equals or exceeds stop time 7.750 days.
i:  72700, t:   593571.2 s (13.30 periods), wall: 3.494 hours, Δt:   5.49, CFL: 9.50e-01
i:  72800, t:   594100.6 s (13.31 periods), wall: 3.498 hours, Δt:   5.17, CFL: 9.50e-01
i:  72900, t:   594627.5 s (13.32 periods), wall: 3.503 hours, Δt:   5.61, CFL: 9.50e-01
i:  73000, t:   595162.5 s (13.33 periods), wall: 3.508 hours, Δt:   5.06, CFL: 9.50e-01
i:  73100, t:   595678.4 s (13.34 periods), wall: 3.512 hours, Δt:   5.66, CFL: 9.50e-01
i:  73200, t:   596270.7 s (13.36 periods), wall: 3.517 hours, Δt:   6.07, CFL: 9.50e-01
i:  73300, t:   596885.8 s (13.37 periods), wall: 3.522 hours, Δt:   6.05, CFL: 9.50e-01
i:  73400, t:   597506.4 s (13.38 periods), wall: 3.526 hours, Δt:   6.78, CFL: 9.50e-01
i:  73500, t:   598234.7 s (13.40 periods), wall: 3.531 hours, Δt:   7.95, CFL: 9.50e-01
i:  73600, t:   599068.8 s (13.42 periods), wall: 3.536 hours, Δt:   8.66, CFL: 9.50e-01
i:  73700, t:   600047.2 s (13.44 periods), wall: 3.540 hours, Δt:  10.85, CFL: 9.50e-01
i:  73800, t:   601240.8 s (13.47 periods), wall: 3.545 hours, Δt:  12.38, CFL: 9.50e-01
i:  73900, t:   602372.4 s (13.49 periods), wall: 3.550 hours, Δt:  10.88, CFL: 9.50e-01
i:  74000, t:   603473.9 s (13.52 periods), wall: 3.555 hours, Δt:  10.81, CFL: 9.50e-01
i:  74100, t:   604580.9 s (13.54 periods), wall: 3.559 hours, Δt:  10.94, CFL: 9.50e-01
i:  74200, t:   605581.1 s (13.57 periods), wall: 3.564 hours, Δt:   9.74, CFL: 9.50e-01
i:  74300, t:   606468.7 s (13.59 periods), wall: 3.569 hours, Δt:   8.46, CFL: 9.50e-01
i:  74400, t:   607294.9 s (13.60 periods), wall: 3.574 hours, Δt:   8.27, CFL: 9.50e-01
i:  74500, t:   608092.2 s (13.62 periods), wall: 3.578 hours, Δt:   7.91, CFL: 9.50e-01
i:  74600, t:   608856.8 s (13.64 periods), wall: 3.583 hours, Δt:   7.57, CFL: 9.50e-01
i:  74700, t:   609581.0 s (13.66 periods), wall: 3.588 hours, Δt:   7.23, CFL: 9.50e-01
i:  74800, t:   610284.8 s (13.67 periods), wall: 3.592 hours, Δt:   6.95, CFL: 9.50e-01
i:  74900, t:   610958.9 s (13.69 periods), wall: 3.597 hours, Δt:   6.67, CFL: 9.50e-01
i:  75000, t:   611600.1 s (13.70 periods), wall: 3.602 hours, Δt:   6.39, CFL: 9.50e-01
i:  75100, t:   612229.5 s (13.71 periods), wall: 3.606 hours, Δt:   6.30, CFL: 9.50e-01
i:  75200, t:   612832.5 s (13.73 periods), wall: 3.611 hours, Δt:   5.91, CFL: 9.50e-01
i:  75300, t:   613417.9 s (13.74 periods), wall: 3.616 hours, Δt:   5.81, CFL: 9.50e-01
i:  75400, t:   613953.9 s (13.75 periods), wall: 3.620 hours, Δt:   5.00, CFL: 9.50e-01
i:  75500, t:   614436.4 s (13.76 periods), wall: 3.625 hours, Δt:   4.66, CFL: 9.50e-01
i:  75600, t:   614884.5 s (13.77 periods), wall: 3.630 hours, Δt:   4.54, CFL: 9.50e-01
i:  75700, t:   615332.3 s (13.78 periods), wall: 3.634 hours, Δt:   4.49, CFL: 9.50e-01
i:  75800, t:   615774.8 s (13.79 periods), wall: 3.638 hours, Δt:   4.26, CFL: 9.50e-01
i:  75900, t:   616206.9 s (13.80 periods), wall: 3.641 hours, Δt:   4.50, CFL: 9.50e-01
i:  76000, t:   616641.5 s (13.81 periods), wall: 3.644 hours, Δt:   4.50, CFL: 9.50e-01
i:  76100, t:   617115.4 s (13.82 periods), wall: 3.647 hours, Δt:   5.09, CFL: 9.50e-01
i:  76200, t:   617627.0 s (13.84 periods), wall: 3.651 hours, Δt:   5.49, CFL: 9.50e-01
i:  76300, t:   618160.5 s (13.85 periods), wall: 3.654 hours, Δt:   5.29, CFL: 9.50e-01
i:  76400, t:   618709.1 s (13.86 periods), wall: 3.657 hours, Δt:   6.04, CFL: 9.50e-01
i:  76500, t:   619288.4 s (13.87 periods), wall: 3.660 hours, Δt:   6.18, CFL: 9.50e-01
i:  76600, t:   619907.4 s (13.89 periods), wall: 3.663 hours, Δt:   5.96, CFL: 9.50e-01
i:  76700, t:   620529.6 s (13.90 periods), wall: 3.667 hours, Δt:   6.46, CFL: 9.50e-01
i:  76800, t:   621196.1 s (13.92 periods), wall: 3.670 hours, Δt:   7.85, CFL: 9.50e-01
i:  76900, t:   621959.5 s (13.93 periods), wall: 3.673 hours, Δt:   8.09, CFL: 9.50e-01
i:  77000, t:   622811.9 s (13.95 periods), wall: 3.676 hours, Δt:  10.37, CFL: 9.50e-01
i:  77100, t:   623975.9 s (13.98 periods), wall: 3.680 hours, Δt:  15.23, CFL: 9.50e-01
i:  77200, t:   625370.2 s (14.01 periods), wall: 3.683 hours, Δt:  12.91, CFL: 9.50e-01
i:  77300, t:   626604.9 s (14.04 periods), wall: 3.686 hours, Δt:  11.61, CFL: 9.50e-01
i:  77400, t:   627681.1 s (14.06 periods), wall: 3.689 hours, Δt:  10.47, CFL: 9.50e-01
i:  77500, t:   628677.7 s (14.08 periods), wall: 3.693 hours, Δt:   9.61, CFL: 9.50e-01
i:  77600, t:   629599.3 s (14.10 periods), wall: 3.696 hours, Δt:   9.17, CFL: 9.50e-01
i:  77700, t:   630461.9 s (14.12 periods), wall: 3.699 hours, Δt:   8.44, CFL: 9.50e-01
i:  77800, t:   631256.2 s (14.14 periods), wall: 3.702 hours, Δt:   7.73, CFL: 9.50e-01
i:  77900, t:   632006.9 s (14.16 periods), wall: 3.705 hours, Δt:   7.44, CFL: 9.50e-01
i:  78000, t:   632718.2 s (14.17 periods), wall: 3.709 hours, Δt:   7.02, CFL: 9.50e-01
i:  78100, t:   633397.7 s (14.19 periods), wall: 3.712 hours, Δt:   6.52, CFL: 9.50e-01
i:  78200, t:   634026.5 s (14.20 periods), wall: 3.715 hours, Δt:   6.24, CFL: 9.50e-01
i:  78300, t:   634635.0 s (14.22 periods), wall: 3.718 hours, Δt:   5.99, CFL: 9.50e-01
i:  78400, t:   635207.4 s (14.23 periods), wall: 3.722 hours, Δt:   5.54, CFL: 9.50e-01
i:  78500, t:   635724.4 s (14.24 periods), wall: 3.725 hours, Δt:   5.00, CFL: 9.50e-01
i:  78600, t:   636212.0 s (14.25 periods), wall: 3.728 hours, Δt:   5.26, CFL: 9.50e-01
i:  78700, t:   636720.4 s (14.26 periods), wall: 3.731 hours, Δt:   4.85, CFL: 9.50e-01
i:  78800, t:   637201.7 s (14.27 periods), wall: 3.734 hours, Δt:   4.89, CFL: 9.50e-01
i:  78900, t:   637682.4 s (14.28 periods), wall: 3.737 hours, Δt:   4.98, CFL: 9.50e-01
i:  79000, t:   638177.2 s (14.30 periods), wall: 3.741 hours, Δt:   4.86, CFL: 9.50e-01
i:  79100, t:   638678.1 s (14.31 periods), wall: 3.744 hours, Δt:   5.15, CFL: 9.50e-01
i:  79200, t:   639191.1 s (14.32 periods), wall: 3.747 hours, Δt:   5.56, CFL: 9.50e-01
i:  79300, t:   639754.6 s (14.33 periods), wall: 3.750 hours, Δt:   5.78, CFL: 9.50e-01
i:  79400, t:   640320.9 s (14.34 periods), wall: 3.753 hours, Δt:   6.03, CFL: 9.50e-01
i:  79500, t:   640893.2 s (14.36 periods), wall: 3.757 hours, Δt:   5.97, CFL: 9.50e-01
i:  79600, t:   641475.8 s (14.37 periods), wall: 3.760 hours, Δt:   6.21, CFL: 9.50e-01
i:  79700, t:   642111.5 s (14.38 periods), wall: 3.763 hours, Δt:   6.43, CFL: 9.50e-01
i:  79800, t:   642795.6 s (14.40 periods), wall: 3.766 hours, Δt:   7.32, CFL: 9.50e-01
i:  79900, t:   643500.3 s (14.42 periods), wall: 3.770 hours, Δt:   7.28, CFL: 9.50e-01
i:  80000, t:   644248.4 s (14.43 periods), wall: 3.773 hours, Δt:   8.23, CFL: 9.50e-01
i:  80100, t:   645151.8 s (14.45 periods), wall: 3.776 hours, Δt:  10.63, CFL: 9.50e-01
i:  80200, t:   646362.1 s (14.48 periods), wall: 3.779 hours, Δt:  14.74, CFL: 9.50e-01
i:  80300, t:   647714.2 s (14.51 periods), wall: 3.783 hours, Δt:  13.69, CFL: 9.50e-01
i:  80400, t:   648963.0 s (14.54 periods), wall: 3.786 hours, Δt:  11.90, CFL: 9.50e-01
i:  80500, t:   650054.8 s (14.56 periods), wall: 3.789 hours, Δt:  10.59, CFL: 9.50e-01
i:  80600, t:   651035.0 s (14.58 periods), wall: 3.792 hours, Δt:   9.54, CFL: 9.50e-01
i:  80700, t:   651929.3 s (14.60 periods), wall: 3.796 hours, Δt:   8.73, CFL: 9.50e-01
i:  80800, t:   652760.7 s (14.62 periods), wall: 3.799 hours, Δt:   8.19, CFL: 9.50e-01
i:  80900, t:   653529.6 s (14.64 periods), wall: 3.802 hours, Δt:   7.53, CFL: 9.50e-01
i:  81000, t:   654255.9 s (14.66 periods), wall: 3.805 hours, Δt:   6.95, CFL: 9.50e-01
i:  81100, t:   654907.3 s (14.67 periods), wall: 3.808 hours, Δt:   6.39, CFL: 9.50e-01
i:  81200, t:   655516.1 s (14.68 periods), wall: 3.812 hours, Δt:   6.03, CFL: 9.50e-01
i:  81300, t:   656102.3 s (14.70 periods), wall: 3.815 hours, Δt:   5.70, CFL: 9.50e-01
i:  81400, t:   656634.8 s (14.71 periods), wall: 3.818 hours, Δt:   5.14, CFL: 9.50e-01
i:  81500, t:   657136.5 s (14.72 periods), wall: 3.821 hours, Δt:   5.03, CFL: 9.50e-01
i:  81600, t:   657635.2 s (14.73 periods), wall: 3.824 hours, Δt:   4.82, CFL: 9.50e-01
i:  81700, t:   658107.8 s (14.74 periods), wall: 3.828 hours, Δt:   4.64, CFL: 9.50e-01
i:  81800, t:   658553.4 s (14.75 periods), wall: 3.831 hours, Δt:   4.77, CFL: 9.50e-01
i:  81900, t:   659034.4 s (14.76 periods), wall: 3.834 hours, Δt:   4.53, CFL: 9.50e-01
i:  82000, t:   659487.4 s (14.77 periods), wall: 3.837 hours, Δt:   4.42, CFL: 9.50e-01
i:  82100, t:   659919.9 s (14.78 periods), wall: 3.840 hours, Δt:   4.65, CFL: 9.50e-01
i:  82200, t:   660380.4 s (14.79 periods), wall: 3.844 hours, Δt:   4.67, CFL: 9.50e-01
i:  82300, t:   660823.2 s (14.80 periods), wall: 3.847 hours, Δt:   4.43, CFL: 9.50e-01
i:  82400, t:   661283.3 s (14.81 periods), wall: 3.850 hours, Δt:   4.70, CFL: 9.50e-01
i:  82500, t:   661747.6 s (14.82 periods), wall: 3.853 hours, Δt:   4.81, CFL: 9.50e-01
i:  82600, t:   662239.8 s (14.84 periods), wall: 3.856 hours, Δt:   5.39, CFL: 9.50e-01
i:  82700, t:   662768.3 s (14.85 periods), wall: 3.860 hours, Δt:   5.57, CFL: 9.50e-01
i:  82800, t:   663338.1 s (14.86 periods), wall: 3.863 hours, Δt:   6.15, CFL: 9.50e-01
i:  82900, t:   663954.6 s (14.87 periods), wall: 3.866 hours, Δt:   6.04, CFL: 9.50e-01
i:  83000, t:   664572.3 s (14.89 periods), wall: 3.869 hours, Δt:   6.74, CFL: 9.50e-01
i:  83100, t:   665228.4 s (14.90 periods), wall: 3.872 hours, Δt:   7.02, CFL: 9.50e-01
i:  83200, t:   665954.2 s (14.92 periods), wall: 3.876 hours, Δt:   7.78, CFL: 9.50e-01
i:  83300, t:   666675.1 s (14.93 periods), wall: 3.879 hours, Δt:   6.97, CFL: 9.50e-01
i:  83400, t:   667451.1 s (14.95 periods), wall: 3.882 hours, Δt:   9.28, CFL: 9.50e-01
i:  83500, t:   668440.4 s (14.97 periods), wall: 3.885 hours, Δt:  13.07, CFL: 9.50e-01
